00:38:03 INFO  : Registering command handlers for SDK TCF services
00:38:04 INFO  : Launching XSCT server: xsct.bat -interactive C:\Users\dangn\Dropbox\it\CodingSpace\tkllHTR\build\temp_xsdb_launch_script.tcl
00:38:09 INFO  : XSCT server has started successfully.
00:38:13 INFO  : Successfully done setting XSCT server connection channel  
00:38:13 INFO  : Successfully done setting SDK workspace  
00:45:06 INFO  : Connected to target on host '127.0.0.1' and port '3121'.
00:45:10 INFO  : Connected to target on host '127.0.0.1' and port '3121'.
00:45:10 INFO  : 'targets -set -filter {jtag_cable_name =~ "Digilent Zed 210248782650" && level==0} -index 1' command is executed.
00:45:13 INFO  : FPGA configured successfully with bitstream "C:/Users/dangn/Dropbox/it/CodingSpace/tkllHTR/build/tkllHTR.sdk/tkllHTR_wrapper_hw_platform_0/tkllHTR_wrapper.bit"
00:45:40 INFO  : Connected to target on host '127.0.0.1' and port '3121'.
00:45:41 INFO  : Jtag cable 'Digilent Zed 210248782650' is selected.
00:45:41 INFO  : 'jtag frequency' command is executed.
00:45:41 INFO  : Sourcing of 'C:/Users/dangn/Dropbox/it/CodingSpace/tkllHTR/build/tkllHTR.sdk/ZC702_hw_platform/ps7_init.tcl' is done.
00:45:41 INFO  : Context for 'APU' is selected.
00:45:41 INFO  : Hardware design information is loaded from 'C:/Users/dangn/Dropbox/it/CodingSpace/tkllHTR/build/tkllHTR.sdk/ZC702_hw_platform/system.hdf'.
00:45:41 INFO  : 'configparams force-mem-access 1' command is executed.
00:45:41 INFO  : Context for 'APU' is selected.
00:45:41 INFO  : 'stop' command is executed.
00:45:42 INFO  : 'ps7_init' command is executed.
00:45:42 INFO  : 'ps7_post_config' command is executed.
00:45:42 INFO  : Context for processor 'ps7_cortexa9_0' is selected.
00:45:42 INFO  : Processor reset is completed for 'ps7_cortexa9_0'.
00:45:42 INFO  : Context for processor 'ps7_cortexa9_0' is selected.
00:45:43 INFO  : The application 'C:/Users/dangn/Dropbox/it/CodingSpace/tkllHTR/build/tkllHTR.sdk/tkllHTR/Debug/tkllHTR.elf' is downloaded to processor 'ps7_cortexa9_0'.
00:45:43 INFO  : 'configparams force-mem-access 0' command is executed.
00:45:43 INFO  : ----------------XSDB Script----------------
connect -url tcp:127.0.0.1:3121
source C:/Users/dangn/Dropbox/it/CodingSpace/tkllHTR/build/tkllHTR.sdk/ZC702_hw_platform/ps7_init.tcl
targets -set -nocase -filter {name =~"APU*" && jtag_cable_name =~ "Digilent Zed 210248782650"} -index 0
loadhw -hw C:/Users/dangn/Dropbox/it/CodingSpace/tkllHTR/build/tkllHTR.sdk/ZC702_hw_platform/system.hdf -mem-ranges [list {0x40000000 0xbfffffff}]
configparams force-mem-access 1
targets -set -nocase -filter {name =~"APU*" && jtag_cable_name =~ "Digilent Zed 210248782650"} -index 0
stop
ps7_init
ps7_post_config
targets -set -nocase -filter {name =~ "ARM*#0" && jtag_cable_name =~ "Digilent Zed 210248782650"} -index 0
rst -processor
targets -set -nocase -filter {name =~ "ARM*#0" && jtag_cable_name =~ "Digilent Zed 210248782650"} -index 0
dow C:/Users/dangn/Dropbox/it/CodingSpace/tkllHTR/build/tkllHTR.sdk/tkllHTR/Debug/tkllHTR.elf
configparams force-mem-access 0
----------------End of Script----------------

00:45:43 INFO  : Context for processor 'ps7_cortexa9_0' is selected.
00:45:43 INFO  : 'con' command is executed.
00:45:43 INFO  : ----------------XSDB Script (After Launch)----------------
targets -set -nocase -filter {name =~ "ARM*#0" && jtag_cable_name =~ "Digilent Zed 210248782650"} -index 0
con
----------------End of Script----------------

00:45:43 INFO  : Launch script is exported to file 'C:\Users\dangn\Dropbox\it\CodingSpace\tkllHTR\build\.sdk\launch_scripts\xilinx_c-c++_application_(system_debugger)\system_debugger_using_debug_tkllhtr.elf_on_local.tcl'
01:04:41 INFO  : Disconnected from the channel tcfchan#1.
01:04:42 INFO  : Connected to target on host '127.0.0.1' and port '3121'.
01:04:42 INFO  : Jtag cable 'Digilent Zed 210248782650' is selected.
01:04:42 INFO  : 'jtag frequency' command is executed.
01:04:42 INFO  : Sourcing of 'C:/Users/dangn/Dropbox/it/CodingSpace/tkllHTR/build/tkllHTR.sdk/ZC702_hw_platform/ps7_init.tcl' is done.
01:04:42 INFO  : Context for 'APU' is selected.
01:04:42 INFO  : Hardware design information is loaded from 'C:/Users/dangn/Dropbox/it/CodingSpace/tkllHTR/build/tkllHTR.sdk/ZC702_hw_platform/system.hdf'.
01:04:42 INFO  : 'configparams force-mem-access 1' command is executed.
01:04:42 INFO  : Context for 'APU' is selected.
01:04:42 INFO  : 'stop' command is executed.
01:04:43 INFO  : 'ps7_init' command is executed.
01:04:43 INFO  : 'ps7_post_config' command is executed.
01:04:43 INFO  : Context for processor 'ps7_cortexa9_0' is selected.
01:04:43 INFO  : Processor reset is completed for 'ps7_cortexa9_0'.
01:04:43 INFO  : Context for processor 'ps7_cortexa9_0' is selected.
01:04:44 INFO  : The application 'C:/Users/dangn/Dropbox/it/CodingSpace/tkllHTR/build/tkllHTR.sdk/tkllHTR/Debug/tkllHTR.elf' is downloaded to processor 'ps7_cortexa9_0'.
01:04:44 INFO  : 'configparams force-mem-access 0' command is executed.
01:04:44 INFO  : ----------------XSDB Script----------------
connect -url tcp:127.0.0.1:3121
source C:/Users/dangn/Dropbox/it/CodingSpace/tkllHTR/build/tkllHTR.sdk/ZC702_hw_platform/ps7_init.tcl
targets -set -nocase -filter {name =~"APU*" && jtag_cable_name =~ "Digilent Zed 210248782650"} -index 0
loadhw -hw C:/Users/dangn/Dropbox/it/CodingSpace/tkllHTR/build/tkllHTR.sdk/ZC702_hw_platform/system.hdf -mem-ranges [list {0x40000000 0xbfffffff}]
configparams force-mem-access 1
targets -set -nocase -filter {name =~"APU*" && jtag_cable_name =~ "Digilent Zed 210248782650"} -index 0
stop
ps7_init
ps7_post_config
targets -set -nocase -filter {name =~ "ARM*#0" && jtag_cable_name =~ "Digilent Zed 210248782650"} -index 0
rst -processor
targets -set -nocase -filter {name =~ "ARM*#0" && jtag_cable_name =~ "Digilent Zed 210248782650"} -index 0
dow C:/Users/dangn/Dropbox/it/CodingSpace/tkllHTR/build/tkllHTR.sdk/tkllHTR/Debug/tkllHTR.elf
configparams force-mem-access 0
----------------End of Script----------------

01:04:44 INFO  : Context for processor 'ps7_cortexa9_0' is selected.
01:04:44 INFO  : 'con' command is executed.
01:04:44 INFO  : ----------------XSDB Script (After Launch)----------------
targets -set -nocase -filter {name =~ "ARM*#0" && jtag_cable_name =~ "Digilent Zed 210248782650"} -index 0
con
----------------End of Script----------------

01:04:44 INFO  : Launch script is exported to file 'C:\Users\dangn\Dropbox\it\CodingSpace\tkllHTR\build\.sdk\launch_scripts\xilinx_c-c++_application_(system_debugger)\system_debugger_using_debug_tkllhtr.elf_on_local.tcl'
01:05:03 INFO  : Disconnected from the channel tcfchan#2.
01:05:04 INFO  : Connected to target on host '127.0.0.1' and port '3121'.
01:05:04 INFO  : Jtag cable 'Digilent Zed 210248782650' is selected.
01:05:04 INFO  : 'jtag frequency' command is executed.
01:05:04 INFO  : Sourcing of 'C:/Users/dangn/Dropbox/it/CodingSpace/tkllHTR/build/tkllHTR.sdk/ZC702_hw_platform/ps7_init.tcl' is done.
01:05:04 INFO  : Context for 'APU' is selected.
01:05:04 INFO  : Hardware design information is loaded from 'C:/Users/dangn/Dropbox/it/CodingSpace/tkllHTR/build/tkllHTR.sdk/ZC702_hw_platform/system.hdf'.
01:05:04 INFO  : 'configparams force-mem-access 1' command is executed.
01:05:04 INFO  : Context for 'APU' is selected.
01:05:04 INFO  : 'stop' command is executed.
01:05:04 INFO  : 'ps7_init' command is executed.
01:05:04 INFO  : 'ps7_post_config' command is executed.
01:05:04 INFO  : Context for processor 'ps7_cortexa9_0' is selected.
01:05:05 INFO  : Processor reset is completed for 'ps7_cortexa9_0'.
01:05:05 INFO  : Context for processor 'ps7_cortexa9_0' is selected.
01:05:06 INFO  : The application 'C:/Users/dangn/Dropbox/it/CodingSpace/tkllHTR/build/tkllHTR.sdk/tkllHTR/Debug/tkllHTR.elf' is downloaded to processor 'ps7_cortexa9_0'.
01:05:06 INFO  : 'configparams force-mem-access 0' command is executed.
01:05:06 INFO  : ----------------XSDB Script----------------
connect -url tcp:127.0.0.1:3121
source C:/Users/dangn/Dropbox/it/CodingSpace/tkllHTR/build/tkllHTR.sdk/ZC702_hw_platform/ps7_init.tcl
targets -set -nocase -filter {name =~"APU*" && jtag_cable_name =~ "Digilent Zed 210248782650"} -index 0
loadhw -hw C:/Users/dangn/Dropbox/it/CodingSpace/tkllHTR/build/tkllHTR.sdk/ZC702_hw_platform/system.hdf -mem-ranges [list {0x40000000 0xbfffffff}]
configparams force-mem-access 1
targets -set -nocase -filter {name =~"APU*" && jtag_cable_name =~ "Digilent Zed 210248782650"} -index 0
stop
ps7_init
ps7_post_config
targets -set -nocase -filter {name =~ "ARM*#0" && jtag_cable_name =~ "Digilent Zed 210248782650"} -index 0
rst -processor
targets -set -nocase -filter {name =~ "ARM*#0" && jtag_cable_name =~ "Digilent Zed 210248782650"} -index 0
dow C:/Users/dangn/Dropbox/it/CodingSpace/tkllHTR/build/tkllHTR.sdk/tkllHTR/Debug/tkllHTR.elf
configparams force-mem-access 0
----------------End of Script----------------

01:05:06 INFO  : Context for processor 'ps7_cortexa9_0' is selected.
01:05:06 INFO  : 'con' command is executed.
01:05:06 INFO  : ----------------XSDB Script (After Launch)----------------
targets -set -nocase -filter {name =~ "ARM*#0" && jtag_cable_name =~ "Digilent Zed 210248782650"} -index 0
con
----------------End of Script----------------

01:05:06 INFO  : Launch script is exported to file 'C:\Users\dangn\Dropbox\it\CodingSpace\tkllHTR\build\.sdk\launch_scripts\xilinx_c-c++_application_(system_debugger)\system_debugger_using_debug_tkllhtr.elf_on_local.tcl'
01:08:19 INFO  : Disconnected from the channel tcfchan#3.
01:08:20 INFO  : Connected to target on host '127.0.0.1' and port '3121'.
01:08:21 INFO  : Jtag cable 'Digilent Zed 210248782650' is selected.
01:08:21 INFO  : 'jtag frequency' command is executed.
01:08:21 INFO  : Sourcing of 'C:/Users/dangn/Dropbox/it/CodingSpace/tkllHTR/build/tkllHTR.sdk/ZC702_hw_platform/ps7_init.tcl' is done.
01:08:21 INFO  : Context for 'APU' is selected.
01:08:21 INFO  : Hardware design information is loaded from 'C:/Users/dangn/Dropbox/it/CodingSpace/tkllHTR/build/tkllHTR.sdk/ZC702_hw_platform/system.hdf'.
01:08:21 INFO  : 'configparams force-mem-access 1' command is executed.
01:08:21 INFO  : Context for 'APU' is selected.
01:08:21 INFO  : 'stop' command is executed.
01:08:21 INFO  : 'ps7_init' command is executed.
01:08:21 INFO  : 'ps7_post_config' command is executed.
01:08:21 INFO  : Context for processor 'ps7_cortexa9_0' is selected.
01:08:21 INFO  : Processor reset is completed for 'ps7_cortexa9_0'.
01:08:21 INFO  : Context for processor 'ps7_cortexa9_0' is selected.
01:08:22 INFO  : The application 'C:/Users/dangn/Dropbox/it/CodingSpace/tkllHTR/build/tkllHTR.sdk/tkllHTR/Debug/tkllHTR.elf' is downloaded to processor 'ps7_cortexa9_0'.
01:08:22 INFO  : 'configparams force-mem-access 0' command is executed.
01:08:22 INFO  : ----------------XSDB Script----------------
connect -url tcp:127.0.0.1:3121
source C:/Users/dangn/Dropbox/it/CodingSpace/tkllHTR/build/tkllHTR.sdk/ZC702_hw_platform/ps7_init.tcl
targets -set -nocase -filter {name =~"APU*" && jtag_cable_name =~ "Digilent Zed 210248782650"} -index 0
loadhw -hw C:/Users/dangn/Dropbox/it/CodingSpace/tkllHTR/build/tkllHTR.sdk/ZC702_hw_platform/system.hdf -mem-ranges [list {0x40000000 0xbfffffff}]
configparams force-mem-access 1
targets -set -nocase -filter {name =~"APU*" && jtag_cable_name =~ "Digilent Zed 210248782650"} -index 0
stop
ps7_init
ps7_post_config
targets -set -nocase -filter {name =~ "ARM*#0" && jtag_cable_name =~ "Digilent Zed 210248782650"} -index 0
rst -processor
targets -set -nocase -filter {name =~ "ARM*#0" && jtag_cable_name =~ "Digilent Zed 210248782650"} -index 0
dow C:/Users/dangn/Dropbox/it/CodingSpace/tkllHTR/build/tkllHTR.sdk/tkllHTR/Debug/tkllHTR.elf
configparams force-mem-access 0
----------------End of Script----------------

01:08:23 INFO  : Context for processor 'ps7_cortexa9_0' is selected.
01:08:23 INFO  : 'con' command is executed.
01:08:23 INFO  : ----------------XSDB Script (After Launch)----------------
targets -set -nocase -filter {name =~ "ARM*#0" && jtag_cable_name =~ "Digilent Zed 210248782650"} -index 0
con
----------------End of Script----------------

01:08:23 INFO  : Launch script is exported to file 'C:\Users\dangn\Dropbox\it\CodingSpace\tkllHTR\build\.sdk\launch_scripts\xilinx_c-c++_application_(system_debugger)\system_debugger_using_debug_tkllhtr.elf_on_local.tcl'
01:10:01 INFO  : Disconnected from the channel tcfchan#4.
01:10:02 INFO  : Connected to target on host '127.0.0.1' and port '3121'.
01:10:03 INFO  : Jtag cable 'Digilent Zed 210248782650' is selected.
01:10:03 INFO  : 'jtag frequency' command is executed.
01:10:03 INFO  : Sourcing of 'C:/Users/dangn/Dropbox/it/CodingSpace/tkllHTR/build/tkllHTR.sdk/ZC702_hw_platform/ps7_init.tcl' is done.
01:10:03 INFO  : Context for 'APU' is selected.
01:10:03 INFO  : Hardware design information is loaded from 'C:/Users/dangn/Dropbox/it/CodingSpace/tkllHTR/build/tkllHTR.sdk/ZC702_hw_platform/system.hdf'.
01:10:03 INFO  : 'configparams force-mem-access 1' command is executed.
01:10:03 INFO  : Context for 'APU' is selected.
01:10:03 INFO  : 'stop' command is executed.
01:10:03 INFO  : 'ps7_init' command is executed.
01:10:03 INFO  : 'ps7_post_config' command is executed.
01:10:03 INFO  : Context for processor 'ps7_cortexa9_0' is selected.
01:10:04 INFO  : Processor reset is completed for 'ps7_cortexa9_0'.
01:10:04 INFO  : Context for processor 'ps7_cortexa9_0' is selected.
01:10:05 INFO  : The application 'C:/Users/dangn/Dropbox/it/CodingSpace/tkllHTR/build/tkllHTR.sdk/tkllHTR/Debug/tkllHTR.elf' is downloaded to processor 'ps7_cortexa9_0'.
01:10:05 INFO  : 'configparams force-mem-access 0' command is executed.
01:10:05 INFO  : ----------------XSDB Script----------------
connect -url tcp:127.0.0.1:3121
source C:/Users/dangn/Dropbox/it/CodingSpace/tkllHTR/build/tkllHTR.sdk/ZC702_hw_platform/ps7_init.tcl
targets -set -nocase -filter {name =~"APU*" && jtag_cable_name =~ "Digilent Zed 210248782650"} -index 0
loadhw -hw C:/Users/dangn/Dropbox/it/CodingSpace/tkllHTR/build/tkllHTR.sdk/ZC702_hw_platform/system.hdf -mem-ranges [list {0x40000000 0xbfffffff}]
configparams force-mem-access 1
targets -set -nocase -filter {name =~"APU*" && jtag_cable_name =~ "Digilent Zed 210248782650"} -index 0
stop
ps7_init
ps7_post_config
targets -set -nocase -filter {name =~ "ARM*#0" && jtag_cable_name =~ "Digilent Zed 210248782650"} -index 0
rst -processor
targets -set -nocase -filter {name =~ "ARM*#0" && jtag_cable_name =~ "Digilent Zed 210248782650"} -index 0
dow C:/Users/dangn/Dropbox/it/CodingSpace/tkllHTR/build/tkllHTR.sdk/tkllHTR/Debug/tkllHTR.elf
configparams force-mem-access 0
----------------End of Script----------------

01:10:05 INFO  : Context for processor 'ps7_cortexa9_0' is selected.
01:10:05 INFO  : 'con' command is executed.
01:10:05 INFO  : ----------------XSDB Script (After Launch)----------------
targets -set -nocase -filter {name =~ "ARM*#0" && jtag_cable_name =~ "Digilent Zed 210248782650"} -index 0
con
----------------End of Script----------------

01:10:05 INFO  : Launch script is exported to file 'C:\Users\dangn\Dropbox\it\CodingSpace\tkllHTR\build\.sdk\launch_scripts\xilinx_c-c++_application_(system_debugger)\system_debugger_using_debug_tkllhtr.elf_on_local.tcl'
01:10:38 INFO  : Disconnected from the channel tcfchan#5.
01:10:39 INFO  : Connected to target on host '127.0.0.1' and port '3121'.
01:10:40 INFO  : Jtag cable 'Digilent Zed 210248782650' is selected.
01:10:40 INFO  : 'jtag frequency' command is executed.
01:10:40 INFO  : Sourcing of 'C:/Users/dangn/Dropbox/it/CodingSpace/tkllHTR/build/tkllHTR.sdk/ZC702_hw_platform/ps7_init.tcl' is done.
01:10:40 INFO  : Context for 'APU' is selected.
01:10:40 INFO  : Hardware design information is loaded from 'C:/Users/dangn/Dropbox/it/CodingSpace/tkllHTR/build/tkllHTR.sdk/ZC702_hw_platform/system.hdf'.
01:10:40 INFO  : 'configparams force-mem-access 1' command is executed.
01:10:40 INFO  : Context for 'APU' is selected.
01:10:40 INFO  : 'stop' command is executed.
01:10:40 INFO  : 'ps7_init' command is executed.
01:10:40 INFO  : 'ps7_post_config' command is executed.
01:10:40 INFO  : Context for processor 'ps7_cortexa9_0' is selected.
01:10:40 INFO  : Processor reset is completed for 'ps7_cortexa9_0'.
01:10:40 INFO  : Context for processor 'ps7_cortexa9_0' is selected.
01:10:42 INFO  : The application 'C:/Users/dangn/Dropbox/it/CodingSpace/tkllHTR/build/tkllHTR.sdk/tkllHTR/Debug/tkllHTR.elf' is downloaded to processor 'ps7_cortexa9_0'.
01:10:42 INFO  : 'configparams force-mem-access 0' command is executed.
01:10:42 INFO  : ----------------XSDB Script----------------
connect -url tcp:127.0.0.1:3121
source C:/Users/dangn/Dropbox/it/CodingSpace/tkllHTR/build/tkllHTR.sdk/ZC702_hw_platform/ps7_init.tcl
targets -set -nocase -filter {name =~"APU*" && jtag_cable_name =~ "Digilent Zed 210248782650"} -index 0
loadhw -hw C:/Users/dangn/Dropbox/it/CodingSpace/tkllHTR/build/tkllHTR.sdk/ZC702_hw_platform/system.hdf -mem-ranges [list {0x40000000 0xbfffffff}]
configparams force-mem-access 1
targets -set -nocase -filter {name =~"APU*" && jtag_cable_name =~ "Digilent Zed 210248782650"} -index 0
stop
ps7_init
ps7_post_config
targets -set -nocase -filter {name =~ "ARM*#0" && jtag_cable_name =~ "Digilent Zed 210248782650"} -index 0
rst -processor
targets -set -nocase -filter {name =~ "ARM*#0" && jtag_cable_name =~ "Digilent Zed 210248782650"} -index 0
dow C:/Users/dangn/Dropbox/it/CodingSpace/tkllHTR/build/tkllHTR.sdk/tkllHTR/Debug/tkllHTR.elf
configparams force-mem-access 0
----------------End of Script----------------

01:10:42 INFO  : Context for processor 'ps7_cortexa9_0' is selected.
01:10:42 INFO  : 'con' command is executed.
01:10:42 INFO  : ----------------XSDB Script (After Launch)----------------
targets -set -nocase -filter {name =~ "ARM*#0" && jtag_cable_name =~ "Digilent Zed 210248782650"} -index 0
con
----------------End of Script----------------

01:10:42 INFO  : Launch script is exported to file 'C:\Users\dangn\Dropbox\it\CodingSpace\tkllHTR\build\.sdk\launch_scripts\xilinx_c-c++_application_(system_debugger)\system_debugger_using_debug_tkllhtr.elf_on_local.tcl'
01:13:20 INFO  : Disconnected from the channel tcfchan#6.
01:13:21 INFO  : Connected to target on host '127.0.0.1' and port '3121'.
01:13:21 INFO  : Jtag cable 'Digilent Zed 210248782650' is selected.
01:13:21 INFO  : 'jtag frequency' command is executed.
01:13:21 INFO  : Sourcing of 'C:/Users/dangn/Dropbox/it/CodingSpace/tkllHTR/build/tkllHTR.sdk/ZC702_hw_platform/ps7_init.tcl' is done.
01:13:21 INFO  : Context for 'APU' is selected.
01:13:21 INFO  : Hardware design information is loaded from 'C:/Users/dangn/Dropbox/it/CodingSpace/tkllHTR/build/tkllHTR.sdk/ZC702_hw_platform/system.hdf'.
01:13:21 INFO  : 'configparams force-mem-access 1' command is executed.
01:13:21 INFO  : Context for 'APU' is selected.
01:13:21 INFO  : 'stop' command is executed.
01:13:22 INFO  : 'ps7_init' command is executed.
01:13:22 INFO  : 'ps7_post_config' command is executed.
01:13:22 INFO  : Context for processor 'ps7_cortexa9_0' is selected.
01:13:22 INFO  : Processor reset is completed for 'ps7_cortexa9_0'.
01:13:22 INFO  : Context for processor 'ps7_cortexa9_0' is selected.
01:13:23 INFO  : The application 'C:/Users/dangn/Dropbox/it/CodingSpace/tkllHTR/build/tkllHTR.sdk/tkllHTR/Debug/tkllHTR.elf' is downloaded to processor 'ps7_cortexa9_0'.
01:13:23 INFO  : 'configparams force-mem-access 0' command is executed.
01:13:23 INFO  : ----------------XSDB Script----------------
connect -url tcp:127.0.0.1:3121
source C:/Users/dangn/Dropbox/it/CodingSpace/tkllHTR/build/tkllHTR.sdk/ZC702_hw_platform/ps7_init.tcl
targets -set -nocase -filter {name =~"APU*" && jtag_cable_name =~ "Digilent Zed 210248782650"} -index 0
loadhw -hw C:/Users/dangn/Dropbox/it/CodingSpace/tkllHTR/build/tkllHTR.sdk/ZC702_hw_platform/system.hdf -mem-ranges [list {0x40000000 0xbfffffff}]
configparams force-mem-access 1
targets -set -nocase -filter {name =~"APU*" && jtag_cable_name =~ "Digilent Zed 210248782650"} -index 0
stop
ps7_init
ps7_post_config
targets -set -nocase -filter {name =~ "ARM*#0" && jtag_cable_name =~ "Digilent Zed 210248782650"} -index 0
rst -processor
targets -set -nocase -filter {name =~ "ARM*#0" && jtag_cable_name =~ "Digilent Zed 210248782650"} -index 0
dow C:/Users/dangn/Dropbox/it/CodingSpace/tkllHTR/build/tkllHTR.sdk/tkllHTR/Debug/tkllHTR.elf
configparams force-mem-access 0
----------------End of Script----------------

01:13:23 INFO  : Context for processor 'ps7_cortexa9_0' is selected.
01:13:23 INFO  : 'con' command is executed.
01:13:23 INFO  : ----------------XSDB Script (After Launch)----------------
targets -set -nocase -filter {name =~ "ARM*#0" && jtag_cable_name =~ "Digilent Zed 210248782650"} -index 0
con
----------------End of Script----------------

01:13:23 INFO  : Launch script is exported to file 'C:\Users\dangn\Dropbox\it\CodingSpace\tkllHTR\build\.sdk\launch_scripts\xilinx_c-c++_application_(system_debugger)\system_debugger_using_debug_tkllhtr.elf_on_local.tcl'
