07:59:36 INFO  : Registering command handlers for SDK TCF services
07:59:37 INFO  : Launching XSCT server: xsct.bat -interactive C:\Users\dangn\Dropbox\it\CodingSpace\tkllHTR\build\tkllHTR\tkllHTR.sdk\temp_xsdb_launch_script.tcl
07:59:42 INFO  : XSCT server has started successfully.
07:59:45 INFO  : Processing command line option -hwspec C:/Users/dangn/Dropbox/it/CodingSpace/tkllHTR/build/tkllHTR/tkllHTR.sdk/tkllHTR_wrapper.hdf.
07:59:45 INFO  : Successfully done setting XSCT server connection channel  
07:59:45 INFO  : Successfully done setting SDK workspace  
08:08:54 INFO  : Connected to target on host '127.0.0.1' and port '3121'.
08:08:54 INFO  : 'targets -set -filter {jtag_cable_name =~ "Digilent Zed 210248782650" && level==0} -index 1' command is executed.
08:08:57 INFO  : FPGA configured successfully with bitstream "C:/Users/dangn/Dropbox/it/CodingSpace/tkllHTR/build/tkllHTR/tkllHTR.sdk/tkllHTR_wrapper_hw_platform_0/tkllHTR_wrapper.bit"
08:09:13 INFO  : Connected to target on host '127.0.0.1' and port '3121'.
08:09:13 INFO  : 'targets -set -filter {jtag_cable_name =~ "Digilent Zed 210248782650" && level==0} -index 1' command is executed.
08:09:16 INFO  : FPGA configured successfully with bitstream "C:/Users/dangn/Dropbox/it/CodingSpace/tkllHTR/build/tkllHTR/tkllHTR.sdk/tkllHTR_wrapper_hw_platform_0/tkllHTR_wrapper.bit"
08:09:26 INFO  : Connected to target on host '127.0.0.1' and port '3121'.
08:09:27 INFO  : Jtag cable 'Digilent Zed 210248782650' is selected.
08:09:27 INFO  : 'jtag frequency' command is executed.
08:09:27 INFO  : Sourcing of 'C:/Users/dangn/Dropbox/it/CodingSpace/tkllHTR/build/tkllHTR/tkllHTR.sdk/ZC702_hw_platform/ps7_init.tcl' is done.
08:09:27 INFO  : Context for 'APU' is selected.
08:09:27 INFO  : Hardware design information is loaded from 'C:/Users/dangn/Dropbox/it/CodingSpace/tkllHTR/build/tkllHTR/tkllHTR.sdk/ZC702_hw_platform/system.hdf'.
08:09:27 INFO  : 'configparams force-mem-access 1' command is executed.
08:09:27 INFO  : Context for 'APU' is selected.
08:09:27 INFO  : 'stop' command is executed.
08:09:28 INFO  : 'ps7_init' command is executed.
08:09:28 INFO  : 'ps7_post_config' command is executed.
08:09:28 INFO  : Context for processor 'ps7_cortexa9_0' is selected.
08:09:28 INFO  : Processor reset is completed for 'ps7_cortexa9_0'.
08:09:28 INFO  : Context for processor 'ps7_cortexa9_0' is selected.
08:09:28 INFO  : The application 'C:/Users/dangn/Dropbox/it/CodingSpace/tkllHTR/build/tkllHTR/tkllHTR.sdk/tkllHTR/Debug/tkllHTR.elf' is downloaded to processor 'ps7_cortexa9_0'.
08:09:28 INFO  : 'configparams force-mem-access 0' command is executed.
08:09:28 INFO  : ----------------XSDB Script----------------
connect -url tcp:127.0.0.1:3121
source C:/Users/dangn/Dropbox/it/CodingSpace/tkllHTR/build/tkllHTR/tkllHTR.sdk/ZC702_hw_platform/ps7_init.tcl
targets -set -nocase -filter {name =~"APU*" && jtag_cable_name =~ "Digilent Zed 210248782650"} -index 0
loadhw -hw C:/Users/dangn/Dropbox/it/CodingSpace/tkllHTR/build/tkllHTR/tkllHTR.sdk/ZC702_hw_platform/system.hdf -mem-ranges [list {0x40000000 0xbfffffff}]
configparams force-mem-access 1
targets -set -nocase -filter {name =~"APU*" && jtag_cable_name =~ "Digilent Zed 210248782650"} -index 0
stop
ps7_init
ps7_post_config
targets -set -nocase -filter {name =~ "ARM*#0" && jtag_cable_name =~ "Digilent Zed 210248782650"} -index 0
rst -processor
targets -set -nocase -filter {name =~ "ARM*#0" && jtag_cable_name =~ "Digilent Zed 210248782650"} -index 0
dow C:/Users/dangn/Dropbox/it/CodingSpace/tkllHTR/build/tkllHTR/tkllHTR.sdk/tkllHTR/Debug/tkllHTR.elf
configparams force-mem-access 0
----------------End of Script----------------

08:09:28 INFO  : Context for processor 'ps7_cortexa9_0' is selected.
08:09:28 INFO  : 'con' command is executed.
08:09:28 INFO  : ----------------XSDB Script (After Launch)----------------
targets -set -nocase -filter {name =~ "ARM*#0" && jtag_cable_name =~ "Digilent Zed 210248782650"} -index 0
con
----------------End of Script----------------

08:09:28 INFO  : Launch script is exported to file 'C:\Users\dangn\Dropbox\it\CodingSpace\tkllHTR\build\tkllHTR\tkllHTR.sdk\.sdk\launch_scripts\xilinx_c-c++_application_(system_debugger)\system_debugger_using_debug_tkllhtr.elf_on_local.tcl'
08:09:43 INFO  : Disconnected from the channel tcfchan#1.
08:09:44 INFO  : Connected to target on host '127.0.0.1' and port '3121'.
08:09:44 INFO  : Jtag cable 'Digilent Zed 210248782650' is selected.
08:09:44 INFO  : 'jtag frequency' command is executed.
08:09:44 INFO  : Sourcing of 'C:/Users/dangn/Dropbox/it/CodingSpace/tkllHTR/build/tkllHTR/tkllHTR.sdk/ZC702_hw_platform/ps7_init.tcl' is done.
08:09:44 INFO  : Context for 'APU' is selected.
08:09:44 INFO  : Hardware design information is loaded from 'C:/Users/dangn/Dropbox/it/CodingSpace/tkllHTR/build/tkllHTR/tkllHTR.sdk/ZC702_hw_platform/system.hdf'.
08:09:44 INFO  : 'configparams force-mem-access 1' command is executed.
08:09:44 INFO  : Context for 'APU' is selected.
08:09:44 INFO  : 'stop' command is executed.
08:09:44 INFO  : 'ps7_init' command is executed.
08:09:45 INFO  : 'ps7_post_config' command is executed.
08:09:45 INFO  : Context for processor 'ps7_cortexa9_0' is selected.
08:09:45 INFO  : Processor reset is completed for 'ps7_cortexa9_0'.
08:09:45 INFO  : Context for processor 'ps7_cortexa9_0' is selected.
08:09:45 INFO  : The application 'C:/Users/dangn/Dropbox/it/CodingSpace/tkllHTR/build/tkllHTR/tkllHTR.sdk/tkllHTR/Debug/tkllHTR.elf' is downloaded to processor 'ps7_cortexa9_0'.
08:09:45 INFO  : 'configparams force-mem-access 0' command is executed.
08:09:45 INFO  : ----------------XSDB Script----------------
connect -url tcp:127.0.0.1:3121
source C:/Users/dangn/Dropbox/it/CodingSpace/tkllHTR/build/tkllHTR/tkllHTR.sdk/ZC702_hw_platform/ps7_init.tcl
targets -set -nocase -filter {name =~"APU*" && jtag_cable_name =~ "Digilent Zed 210248782650"} -index 0
loadhw -hw C:/Users/dangn/Dropbox/it/CodingSpace/tkllHTR/build/tkllHTR/tkllHTR.sdk/ZC702_hw_platform/system.hdf -mem-ranges [list {0x40000000 0xbfffffff}]
configparams force-mem-access 1
targets -set -nocase -filter {name =~"APU*" && jtag_cable_name =~ "Digilent Zed 210248782650"} -index 0
stop
ps7_init
ps7_post_config
targets -set -nocase -filter {name =~ "ARM*#0" && jtag_cable_name =~ "Digilent Zed 210248782650"} -index 0
rst -processor
targets -set -nocase -filter {name =~ "ARM*#0" && jtag_cable_name =~ "Digilent Zed 210248782650"} -index 0
dow C:/Users/dangn/Dropbox/it/CodingSpace/tkllHTR/build/tkllHTR/tkllHTR.sdk/tkllHTR/Debug/tkllHTR.elf
configparams force-mem-access 0
----------------End of Script----------------

08:09:45 INFO  : Context for processor 'ps7_cortexa9_0' is selected.
08:09:45 INFO  : 'con' command is executed.
08:09:45 INFO  : ----------------XSDB Script (After Launch)----------------
targets -set -nocase -filter {name =~ "ARM*#0" && jtag_cable_name =~ "Digilent Zed 210248782650"} -index 0
con
----------------End of Script----------------

08:09:45 INFO  : Launch script is exported to file 'C:\Users\dangn\Dropbox\it\CodingSpace\tkllHTR\build\tkllHTR\tkllHTR.sdk\.sdk\launch_scripts\xilinx_c-c++_application_(system_debugger)\system_debugger_using_debug_tkllhtr.elf_on_local.tcl'
08:10:44 INFO  : Disconnected from the channel tcfchan#2.
08:10:45 INFO  : Connected to target on host '127.0.0.1' and port '3121'.
08:10:45 INFO  : Jtag cable 'Digilent Zed 210248782650' is selected.
08:10:45 INFO  : 'jtag frequency' command is executed.
08:10:45 INFO  : Sourcing of 'C:/Users/dangn/Dropbox/it/CodingSpace/tkllHTR/build/tkllHTR/tkllHTR.sdk/ZC702_hw_platform/ps7_init.tcl' is done.
08:10:45 INFO  : Context for 'APU' is selected.
08:10:45 INFO  : Hardware design information is loaded from 'C:/Users/dangn/Dropbox/it/CodingSpace/tkllHTR/build/tkllHTR/tkllHTR.sdk/ZC702_hw_platform/system.hdf'.
08:10:45 INFO  : 'configparams force-mem-access 1' command is executed.
08:10:45 INFO  : Context for 'APU' is selected.
08:10:45 INFO  : 'stop' command is executed.
08:10:46 INFO  : 'ps7_init' command is executed.
08:10:46 INFO  : 'ps7_post_config' command is executed.
08:10:46 INFO  : Context for processor 'ps7_cortexa9_0' is selected.
08:10:46 INFO  : Processor reset is completed for 'ps7_cortexa9_0'.
08:10:46 INFO  : Context for processor 'ps7_cortexa9_0' is selected.
08:10:46 INFO  : The application 'C:/Users/dangn/Dropbox/it/CodingSpace/tkllHTR/build/tkllHTR/tkllHTR.sdk/tkllHTR/Debug/tkllHTR.elf' is downloaded to processor 'ps7_cortexa9_0'.
08:10:46 INFO  : 'configparams force-mem-access 0' command is executed.
08:10:46 INFO  : ----------------XSDB Script----------------
connect -url tcp:127.0.0.1:3121
source C:/Users/dangn/Dropbox/it/CodingSpace/tkllHTR/build/tkllHTR/tkllHTR.sdk/ZC702_hw_platform/ps7_init.tcl
targets -set -nocase -filter {name =~"APU*" && jtag_cable_name =~ "Digilent Zed 210248782650"} -index 0
loadhw -hw C:/Users/dangn/Dropbox/it/CodingSpace/tkllHTR/build/tkllHTR/tkllHTR.sdk/ZC702_hw_platform/system.hdf -mem-ranges [list {0x40000000 0xbfffffff}]
configparams force-mem-access 1
targets -set -nocase -filter {name =~"APU*" && jtag_cable_name =~ "Digilent Zed 210248782650"} -index 0
stop
ps7_init
ps7_post_config
targets -set -nocase -filter {name =~ "ARM*#0" && jtag_cable_name =~ "Digilent Zed 210248782650"} -index 0
rst -processor
targets -set -nocase -filter {name =~ "ARM*#0" && jtag_cable_name =~ "Digilent Zed 210248782650"} -index 0
dow C:/Users/dangn/Dropbox/it/CodingSpace/tkllHTR/build/tkllHTR/tkllHTR.sdk/tkllHTR/Debug/tkllHTR.elf
configparams force-mem-access 0
----------------End of Script----------------

08:10:46 INFO  : Context for processor 'ps7_cortexa9_0' is selected.
08:10:46 INFO  : 'con' command is executed.
08:10:46 INFO  : ----------------XSDB Script (After Launch)----------------
targets -set -nocase -filter {name =~ "ARM*#0" && jtag_cable_name =~ "Digilent Zed 210248782650"} -index 0
con
----------------End of Script----------------

08:10:46 INFO  : Launch script is exported to file 'C:\Users\dangn\Dropbox\it\CodingSpace\tkllHTR\build\tkllHTR\tkllHTR.sdk\.sdk\launch_scripts\xilinx_c-c++_application_(system_debugger)\system_debugger_using_debug_tkllhtr.elf_on_local.tcl'
08:11:05 INFO  : Disconnected from the channel tcfchan#3.
08:11:06 INFO  : Connected to target on host '127.0.0.1' and port '3121'.
08:11:06 INFO  : Jtag cable 'Digilent Zed 210248782650' is selected.
08:11:06 INFO  : 'jtag frequency' command is executed.
08:11:06 INFO  : Sourcing of 'C:/Users/dangn/Dropbox/it/CodingSpace/tkllHTR/build/tkllHTR/tkllHTR.sdk/ZC702_hw_platform/ps7_init.tcl' is done.
08:11:06 INFO  : Context for 'APU' is selected.
08:11:06 INFO  : Hardware design information is loaded from 'C:/Users/dangn/Dropbox/it/CodingSpace/tkllHTR/build/tkllHTR/tkllHTR.sdk/ZC702_hw_platform/system.hdf'.
08:11:06 INFO  : 'configparams force-mem-access 1' command is executed.
08:11:06 INFO  : Context for 'APU' is selected.
08:11:06 INFO  : 'stop' command is executed.
08:11:07 INFO  : 'ps7_init' command is executed.
08:11:07 INFO  : 'ps7_post_config' command is executed.
08:11:07 INFO  : Context for processor 'ps7_cortexa9_0' is selected.
08:11:07 INFO  : Processor reset is completed for 'ps7_cortexa9_0'.
08:11:07 INFO  : Context for processor 'ps7_cortexa9_0' is selected.
08:11:07 INFO  : The application 'C:/Users/dangn/Dropbox/it/CodingSpace/tkllHTR/build/tkllHTR/tkllHTR.sdk/tkllHTR/Debug/tkllHTR.elf' is downloaded to processor 'ps7_cortexa9_0'.
08:11:07 INFO  : 'configparams force-mem-access 0' command is executed.
08:11:07 INFO  : ----------------XSDB Script----------------
connect -url tcp:127.0.0.1:3121
source C:/Users/dangn/Dropbox/it/CodingSpace/tkllHTR/build/tkllHTR/tkllHTR.sdk/ZC702_hw_platform/ps7_init.tcl
targets -set -nocase -filter {name =~"APU*" && jtag_cable_name =~ "Digilent Zed 210248782650"} -index 0
loadhw -hw C:/Users/dangn/Dropbox/it/CodingSpace/tkllHTR/build/tkllHTR/tkllHTR.sdk/ZC702_hw_platform/system.hdf -mem-ranges [list {0x40000000 0xbfffffff}]
configparams force-mem-access 1
targets -set -nocase -filter {name =~"APU*" && jtag_cable_name =~ "Digilent Zed 210248782650"} -index 0
stop
ps7_init
ps7_post_config
targets -set -nocase -filter {name =~ "ARM*#0" && jtag_cable_name =~ "Digilent Zed 210248782650"} -index 0
rst -processor
targets -set -nocase -filter {name =~ "ARM*#0" && jtag_cable_name =~ "Digilent Zed 210248782650"} -index 0
dow C:/Users/dangn/Dropbox/it/CodingSpace/tkllHTR/build/tkllHTR/tkllHTR.sdk/tkllHTR/Debug/tkllHTR.elf
configparams force-mem-access 0
----------------End of Script----------------

08:11:07 INFO  : Context for processor 'ps7_cortexa9_0' is selected.
08:11:07 INFO  : 'con' command is executed.
08:11:07 INFO  : ----------------XSDB Script (After Launch)----------------
targets -set -nocase -filter {name =~ "ARM*#0" && jtag_cable_name =~ "Digilent Zed 210248782650"} -index 0
con
----------------End of Script----------------

08:11:07 INFO  : Launch script is exported to file 'C:\Users\dangn\Dropbox\it\CodingSpace\tkllHTR\build\tkllHTR\tkllHTR.sdk\.sdk\launch_scripts\xilinx_c-c++_application_(system_debugger)\system_debugger_using_debug_tkllhtr.elf_on_local.tcl'
08:12:09 INFO  : Disconnected from the channel tcfchan#4.
08:12:10 INFO  : Connected to target on host '127.0.0.1' and port '3121'.
08:12:10 INFO  : Jtag cable 'Digilent Zed 210248782650' is selected.
08:12:10 INFO  : 'jtag frequency' command is executed.
08:12:10 INFO  : Sourcing of 'C:/Users/dangn/Dropbox/it/CodingSpace/tkllHTR/build/tkllHTR/tkllHTR.sdk/ZC702_hw_platform/ps7_init.tcl' is done.
08:12:10 INFO  : Context for 'APU' is selected.
08:12:10 INFO  : Hardware design information is loaded from 'C:/Users/dangn/Dropbox/it/CodingSpace/tkllHTR/build/tkllHTR/tkllHTR.sdk/ZC702_hw_platform/system.hdf'.
08:12:10 INFO  : 'configparams force-mem-access 1' command is executed.
08:12:10 INFO  : Context for 'APU' is selected.
08:12:10 INFO  : 'stop' command is executed.
08:12:11 INFO  : 'ps7_init' command is executed.
08:12:11 INFO  : 'ps7_post_config' command is executed.
08:12:11 INFO  : Context for processor 'ps7_cortexa9_0' is selected.
08:12:11 INFO  : Processor reset is completed for 'ps7_cortexa9_0'.
08:12:11 INFO  : Context for processor 'ps7_cortexa9_0' is selected.
08:12:11 INFO  : The application 'C:/Users/dangn/Dropbox/it/CodingSpace/tkllHTR/build/tkllHTR/tkllHTR.sdk/tkllHTR/Debug/tkllHTR.elf' is downloaded to processor 'ps7_cortexa9_0'.
08:12:11 INFO  : 'configparams force-mem-access 0' command is executed.
08:12:11 INFO  : ----------------XSDB Script----------------
connect -url tcp:127.0.0.1:3121
source C:/Users/dangn/Dropbox/it/CodingSpace/tkllHTR/build/tkllHTR/tkllHTR.sdk/ZC702_hw_platform/ps7_init.tcl
targets -set -nocase -filter {name =~"APU*" && jtag_cable_name =~ "Digilent Zed 210248782650"} -index 0
loadhw -hw C:/Users/dangn/Dropbox/it/CodingSpace/tkllHTR/build/tkllHTR/tkllHTR.sdk/ZC702_hw_platform/system.hdf -mem-ranges [list {0x40000000 0xbfffffff}]
configparams force-mem-access 1
targets -set -nocase -filter {name =~"APU*" && jtag_cable_name =~ "Digilent Zed 210248782650"} -index 0
stop
ps7_init
ps7_post_config
targets -set -nocase -filter {name =~ "ARM*#0" && jtag_cable_name =~ "Digilent Zed 210248782650"} -index 0
rst -processor
targets -set -nocase -filter {name =~ "ARM*#0" && jtag_cable_name =~ "Digilent Zed 210248782650"} -index 0
dow C:/Users/dangn/Dropbox/it/CodingSpace/tkllHTR/build/tkllHTR/tkllHTR.sdk/tkllHTR/Debug/tkllHTR.elf
configparams force-mem-access 0
----------------End of Script----------------

08:12:11 INFO  : Context for processor 'ps7_cortexa9_0' is selected.
08:12:11 INFO  : 'con' command is executed.
08:12:11 INFO  : ----------------XSDB Script (After Launch)----------------
targets -set -nocase -filter {name =~ "ARM*#0" && jtag_cable_name =~ "Digilent Zed 210248782650"} -index 0
con
----------------End of Script----------------

08:12:11 INFO  : Launch script is exported to file 'C:\Users\dangn\Dropbox\it\CodingSpace\tkllHTR\build\tkllHTR\tkllHTR.sdk\.sdk\launch_scripts\xilinx_c-c++_application_(system_debugger)\system_debugger_using_debug_tkllhtr.elf_on_local.tcl'
08:20:07 INFO  : Disconnected from the channel tcfchan#5.
08:20:08 INFO  : Connected to target on host '127.0.0.1' and port '3121'.
08:20:09 INFO  : Jtag cable 'Digilent Zed 210248782650' is selected.
08:20:09 INFO  : 'jtag frequency' command is executed.
08:20:09 INFO  : Sourcing of 'C:/Users/dangn/Dropbox/it/CodingSpace/tkllHTR/build/tkllHTR/tkllHTR.sdk/ZC702_hw_platform/ps7_init.tcl' is done.
08:20:09 INFO  : Context for 'APU' is selected.
08:20:09 INFO  : Hardware design information is loaded from 'C:/Users/dangn/Dropbox/it/CodingSpace/tkllHTR/build/tkllHTR/tkllHTR.sdk/ZC702_hw_platform/system.hdf'.
08:20:09 INFO  : 'configparams force-mem-access 1' command is executed.
08:20:09 INFO  : Context for 'APU' is selected.
08:20:09 INFO  : 'stop' command is executed.
08:20:09 INFO  : 'ps7_init' command is executed.
08:20:09 INFO  : 'ps7_post_config' command is executed.
08:20:09 INFO  : Context for processor 'ps7_cortexa9_0' is selected.
08:20:09 INFO  : Processor reset is completed for 'ps7_cortexa9_0'.
08:20:10 INFO  : Context for processor 'ps7_cortexa9_0' is selected.
08:20:10 INFO  : The application 'C:/Users/dangn/Dropbox/it/CodingSpace/tkllHTR/build/tkllHTR/tkllHTR.sdk/tkllHTR/Debug/tkllHTR.elf' is downloaded to processor 'ps7_cortexa9_0'.
08:20:10 INFO  : 'configparams force-mem-access 0' command is executed.
08:20:10 INFO  : ----------------XSDB Script----------------
connect -url tcp:127.0.0.1:3121
source C:/Users/dangn/Dropbox/it/CodingSpace/tkllHTR/build/tkllHTR/tkllHTR.sdk/ZC702_hw_platform/ps7_init.tcl
targets -set -nocase -filter {name =~"APU*" && jtag_cable_name =~ "Digilent Zed 210248782650"} -index 0
loadhw -hw C:/Users/dangn/Dropbox/it/CodingSpace/tkllHTR/build/tkllHTR/tkllHTR.sdk/ZC702_hw_platform/system.hdf -mem-ranges [list {0x40000000 0xbfffffff}]
configparams force-mem-access 1
targets -set -nocase -filter {name =~"APU*" && jtag_cable_name =~ "Digilent Zed 210248782650"} -index 0
stop
ps7_init
ps7_post_config
targets -set -nocase -filter {name =~ "ARM*#0" && jtag_cable_name =~ "Digilent Zed 210248782650"} -index 0
rst -processor
targets -set -nocase -filter {name =~ "ARM*#0" && jtag_cable_name =~ "Digilent Zed 210248782650"} -index 0
dow C:/Users/dangn/Dropbox/it/CodingSpace/tkllHTR/build/tkllHTR/tkllHTR.sdk/tkllHTR/Debug/tkllHTR.elf
configparams force-mem-access 0
----------------End of Script----------------

08:20:10 INFO  : Context for processor 'ps7_cortexa9_0' is selected.
08:20:10 INFO  : 'con' command is executed.
08:20:10 INFO  : ----------------XSDB Script (After Launch)----------------
targets -set -nocase -filter {name =~ "ARM*#0" && jtag_cable_name =~ "Digilent Zed 210248782650"} -index 0
con
----------------End of Script----------------

08:20:10 INFO  : Launch script is exported to file 'C:\Users\dangn\Dropbox\it\CodingSpace\tkllHTR\build\tkllHTR\tkllHTR.sdk\.sdk\launch_scripts\xilinx_c-c++_application_(system_debugger)\system_debugger_using_debug_tkllhtr.elf_on_local.tcl'
08:21:17 INFO  : Disconnected from the channel tcfchan#6.
08:21:18 INFO  : Connected to target on host '127.0.0.1' and port '3121'.
08:21:19 INFO  : Jtag cable 'Digilent Zed 210248782650' is selected.
08:21:19 INFO  : 'jtag frequency' command is executed.
08:21:19 INFO  : Sourcing of 'C:/Users/dangn/Dropbox/it/CodingSpace/tkllHTR/build/tkllHTR/tkllHTR.sdk/ZC702_hw_platform/ps7_init.tcl' is done.
08:21:19 INFO  : Context for 'APU' is selected.
08:21:19 INFO  : Hardware design information is loaded from 'C:/Users/dangn/Dropbox/it/CodingSpace/tkllHTR/build/tkllHTR/tkllHTR.sdk/ZC702_hw_platform/system.hdf'.
08:21:19 INFO  : 'configparams force-mem-access 1' command is executed.
08:21:19 INFO  : Context for 'APU' is selected.
08:21:19 INFO  : 'stop' command is executed.
08:21:19 INFO  : 'ps7_init' command is executed.
08:21:19 INFO  : 'ps7_post_config' command is executed.
08:21:19 INFO  : Context for processor 'ps7_cortexa9_0' is selected.
08:21:19 INFO  : Processor reset is completed for 'ps7_cortexa9_0'.
08:21:19 INFO  : Context for processor 'ps7_cortexa9_0' is selected.
08:21:19 INFO  : The application 'C:/Users/dangn/Dropbox/it/CodingSpace/tkllHTR/build/tkllHTR/tkllHTR.sdk/tkllHTR/Debug/tkllHTR.elf' is downloaded to processor 'ps7_cortexa9_0'.
08:21:19 INFO  : 'configparams force-mem-access 0' command is executed.
08:21:19 INFO  : ----------------XSDB Script----------------
connect -url tcp:127.0.0.1:3121
source C:/Users/dangn/Dropbox/it/CodingSpace/tkllHTR/build/tkllHTR/tkllHTR.sdk/ZC702_hw_platform/ps7_init.tcl
targets -set -nocase -filter {name =~"APU*" && jtag_cable_name =~ "Digilent Zed 210248782650"} -index 0
loadhw -hw C:/Users/dangn/Dropbox/it/CodingSpace/tkllHTR/build/tkllHTR/tkllHTR.sdk/ZC702_hw_platform/system.hdf -mem-ranges [list {0x40000000 0xbfffffff}]
configparams force-mem-access 1
targets -set -nocase -filter {name =~"APU*" && jtag_cable_name =~ "Digilent Zed 210248782650"} -index 0
stop
ps7_init
ps7_post_config
targets -set -nocase -filter {name =~ "ARM*#0" && jtag_cable_name =~ "Digilent Zed 210248782650"} -index 0
rst -processor
targets -set -nocase -filter {name =~ "ARM*#0" && jtag_cable_name =~ "Digilent Zed 210248782650"} -index 0
dow C:/Users/dangn/Dropbox/it/CodingSpace/tkllHTR/build/tkllHTR/tkllHTR.sdk/tkllHTR/Debug/tkllHTR.elf
configparams force-mem-access 0
----------------End of Script----------------

08:21:19 INFO  : Context for processor 'ps7_cortexa9_0' is selected.
08:21:20 INFO  : 'con' command is executed.
08:21:20 INFO  : ----------------XSDB Script (After Launch)----------------
targets -set -nocase -filter {name =~ "ARM*#0" && jtag_cable_name =~ "Digilent Zed 210248782650"} -index 0
con
----------------End of Script----------------

08:21:20 INFO  : Launch script is exported to file 'C:\Users\dangn\Dropbox\it\CodingSpace\tkllHTR\build\tkllHTR\tkllHTR.sdk\.sdk\launch_scripts\xilinx_c-c++_application_(system_debugger)\system_debugger_using_debug_tkllhtr.elf_on_local.tcl'
08:21:47 INFO  : Disconnected from the channel tcfchan#7.
08:21:48 INFO  : Connected to target on host '127.0.0.1' and port '3121'.
08:21:48 INFO  : Jtag cable 'Digilent Zed 210248782650' is selected.
08:21:48 INFO  : 'jtag frequency' command is executed.
08:21:48 INFO  : Sourcing of 'C:/Users/dangn/Dropbox/it/CodingSpace/tkllHTR/build/tkllHTR/tkllHTR.sdk/ZC702_hw_platform/ps7_init.tcl' is done.
08:21:48 INFO  : Context for 'APU' is selected.
08:21:48 INFO  : Hardware design information is loaded from 'C:/Users/dangn/Dropbox/it/CodingSpace/tkllHTR/build/tkllHTR/tkllHTR.sdk/ZC702_hw_platform/system.hdf'.
08:21:48 INFO  : 'configparams force-mem-access 1' command is executed.
08:21:48 INFO  : Context for 'APU' is selected.
08:21:48 INFO  : 'stop' command is executed.
08:21:49 INFO  : 'ps7_init' command is executed.
08:21:49 INFO  : 'ps7_post_config' command is executed.
08:21:49 INFO  : Context for processor 'ps7_cortexa9_0' is selected.
08:21:49 INFO  : Processor reset is completed for 'ps7_cortexa9_0'.
08:21:49 INFO  : Context for processor 'ps7_cortexa9_0' is selected.
08:21:49 INFO  : The application 'C:/Users/dangn/Dropbox/it/CodingSpace/tkllHTR/build/tkllHTR/tkllHTR.sdk/tkllHTR/Debug/tkllHTR.elf' is downloaded to processor 'ps7_cortexa9_0'.
08:21:49 INFO  : 'configparams force-mem-access 0' command is executed.
08:21:49 INFO  : ----------------XSDB Script----------------
connect -url tcp:127.0.0.1:3121
source C:/Users/dangn/Dropbox/it/CodingSpace/tkllHTR/build/tkllHTR/tkllHTR.sdk/ZC702_hw_platform/ps7_init.tcl
targets -set -nocase -filter {name =~"APU*" && jtag_cable_name =~ "Digilent Zed 210248782650"} -index 0
loadhw -hw C:/Users/dangn/Dropbox/it/CodingSpace/tkllHTR/build/tkllHTR/tkllHTR.sdk/ZC702_hw_platform/system.hdf -mem-ranges [list {0x40000000 0xbfffffff}]
configparams force-mem-access 1
targets -set -nocase -filter {name =~"APU*" && jtag_cable_name =~ "Digilent Zed 210248782650"} -index 0
stop
ps7_init
ps7_post_config
targets -set -nocase -filter {name =~ "ARM*#0" && jtag_cable_name =~ "Digilent Zed 210248782650"} -index 0
rst -processor
targets -set -nocase -filter {name =~ "ARM*#0" && jtag_cable_name =~ "Digilent Zed 210248782650"} -index 0
dow C:/Users/dangn/Dropbox/it/CodingSpace/tkllHTR/build/tkllHTR/tkllHTR.sdk/tkllHTR/Debug/tkllHTR.elf
configparams force-mem-access 0
----------------End of Script----------------

08:21:49 INFO  : Context for processor 'ps7_cortexa9_0' is selected.
08:21:49 INFO  : 'con' command is executed.
08:21:49 INFO  : ----------------XSDB Script (After Launch)----------------
targets -set -nocase -filter {name =~ "ARM*#0" && jtag_cable_name =~ "Digilent Zed 210248782650"} -index 0
con
----------------End of Script----------------

08:21:49 INFO  : Launch script is exported to file 'C:\Users\dangn\Dropbox\it\CodingSpace\tkllHTR\build\tkllHTR\tkllHTR.sdk\.sdk\launch_scripts\xilinx_c-c++_application_(system_debugger)\system_debugger_using_debug_tkllhtr.elf_on_local.tcl'
08:22:13 INFO  : Disconnected from the channel tcfchan#8.
08:22:14 INFO  : Connected to target on host '127.0.0.1' and port '3121'.
08:22:14 INFO  : Jtag cable 'Digilent Zed 210248782650' is selected.
08:22:14 INFO  : 'jtag frequency' command is executed.
08:22:14 INFO  : Sourcing of 'C:/Users/dangn/Dropbox/it/CodingSpace/tkllHTR/build/tkllHTR/tkllHTR.sdk/ZC702_hw_platform/ps7_init.tcl' is done.
08:22:14 INFO  : Context for 'APU' is selected.
08:22:14 INFO  : Hardware design information is loaded from 'C:/Users/dangn/Dropbox/it/CodingSpace/tkllHTR/build/tkllHTR/tkllHTR.sdk/ZC702_hw_platform/system.hdf'.
08:22:14 INFO  : 'configparams force-mem-access 1' command is executed.
08:22:14 INFO  : Context for 'APU' is selected.
08:22:14 INFO  : 'stop' command is executed.
08:22:15 INFO  : 'ps7_init' command is executed.
08:22:15 INFO  : 'ps7_post_config' command is executed.
08:22:15 INFO  : Context for processor 'ps7_cortexa9_0' is selected.
08:22:15 INFO  : Processor reset is completed for 'ps7_cortexa9_0'.
08:22:15 INFO  : Context for processor 'ps7_cortexa9_0' is selected.
08:22:15 INFO  : The application 'C:/Users/dangn/Dropbox/it/CodingSpace/tkllHTR/build/tkllHTR/tkllHTR.sdk/tkllHTR/Debug/tkllHTR.elf' is downloaded to processor 'ps7_cortexa9_0'.
08:22:15 INFO  : 'configparams force-mem-access 0' command is executed.
08:22:15 INFO  : ----------------XSDB Script----------------
connect -url tcp:127.0.0.1:3121
source C:/Users/dangn/Dropbox/it/CodingSpace/tkllHTR/build/tkllHTR/tkllHTR.sdk/ZC702_hw_platform/ps7_init.tcl
targets -set -nocase -filter {name =~"APU*" && jtag_cable_name =~ "Digilent Zed 210248782650"} -index 0
loadhw -hw C:/Users/dangn/Dropbox/it/CodingSpace/tkllHTR/build/tkllHTR/tkllHTR.sdk/ZC702_hw_platform/system.hdf -mem-ranges [list {0x40000000 0xbfffffff}]
configparams force-mem-access 1
targets -set -nocase -filter {name =~"APU*" && jtag_cable_name =~ "Digilent Zed 210248782650"} -index 0
stop
ps7_init
ps7_post_config
targets -set -nocase -filter {name =~ "ARM*#0" && jtag_cable_name =~ "Digilent Zed 210248782650"} -index 0
rst -processor
targets -set -nocase -filter {name =~ "ARM*#0" && jtag_cable_name =~ "Digilent Zed 210248782650"} -index 0
dow C:/Users/dangn/Dropbox/it/CodingSpace/tkllHTR/build/tkllHTR/tkllHTR.sdk/tkllHTR/Debug/tkllHTR.elf
configparams force-mem-access 0
----------------End of Script----------------

08:22:15 INFO  : Context for processor 'ps7_cortexa9_0' is selected.
08:22:15 INFO  : 'con' command is executed.
08:22:15 INFO  : ----------------XSDB Script (After Launch)----------------
targets -set -nocase -filter {name =~ "ARM*#0" && jtag_cable_name =~ "Digilent Zed 210248782650"} -index 0
con
----------------End of Script----------------

08:22:15 INFO  : Launch script is exported to file 'C:\Users\dangn\Dropbox\it\CodingSpace\tkllHTR\build\tkllHTR\tkllHTR.sdk\.sdk\launch_scripts\xilinx_c-c++_application_(system_debugger)\system_debugger_using_debug_tkllhtr.elf_on_local.tcl'
08:24:15 INFO  : Disconnected from the channel tcfchan#9.
08:24:16 INFO  : Connected to target on host '127.0.0.1' and port '3121'.
08:24:17 INFO  : Jtag cable 'Digilent Zed 210248782650' is selected.
08:24:17 INFO  : 'jtag frequency' command is executed.
08:24:17 INFO  : Sourcing of 'C:/Users/dangn/Dropbox/it/CodingSpace/tkllHTR/build/tkllHTR/tkllHTR.sdk/ZC702_hw_platform/ps7_init.tcl' is done.
08:24:17 INFO  : Context for 'APU' is selected.
08:24:17 INFO  : Hardware design information is loaded from 'C:/Users/dangn/Dropbox/it/CodingSpace/tkllHTR/build/tkllHTR/tkllHTR.sdk/ZC702_hw_platform/system.hdf'.
08:24:17 INFO  : 'configparams force-mem-access 1' command is executed.
08:24:17 INFO  : Context for 'APU' is selected.
08:24:17 INFO  : 'stop' command is executed.
08:24:17 INFO  : 'ps7_init' command is executed.
08:24:17 INFO  : 'ps7_post_config' command is executed.
08:24:17 INFO  : Context for processor 'ps7_cortexa9_0' is selected.
08:24:17 INFO  : Processor reset is completed for 'ps7_cortexa9_0'.
08:24:17 INFO  : Context for processor 'ps7_cortexa9_0' is selected.
08:24:17 INFO  : The application 'C:/Users/dangn/Dropbox/it/CodingSpace/tkllHTR/build/tkllHTR/tkllHTR.sdk/tkllHTR/Debug/tkllHTR.elf' is downloaded to processor 'ps7_cortexa9_0'.
08:24:17 INFO  : 'configparams force-mem-access 0' command is executed.
08:24:17 INFO  : ----------------XSDB Script----------------
connect -url tcp:127.0.0.1:3121
source C:/Users/dangn/Dropbox/it/CodingSpace/tkllHTR/build/tkllHTR/tkllHTR.sdk/ZC702_hw_platform/ps7_init.tcl
targets -set -nocase -filter {name =~"APU*" && jtag_cable_name =~ "Digilent Zed 210248782650"} -index 0
loadhw -hw C:/Users/dangn/Dropbox/it/CodingSpace/tkllHTR/build/tkllHTR/tkllHTR.sdk/ZC702_hw_platform/system.hdf -mem-ranges [list {0x40000000 0xbfffffff}]
configparams force-mem-access 1
targets -set -nocase -filter {name =~"APU*" && jtag_cable_name =~ "Digilent Zed 210248782650"} -index 0
stop
ps7_init
ps7_post_config
targets -set -nocase -filter {name =~ "ARM*#0" && jtag_cable_name =~ "Digilent Zed 210248782650"} -index 0
rst -processor
targets -set -nocase -filter {name =~ "ARM*#0" && jtag_cable_name =~ "Digilent Zed 210248782650"} -index 0
dow C:/Users/dangn/Dropbox/it/CodingSpace/tkllHTR/build/tkllHTR/tkllHTR.sdk/tkllHTR/Debug/tkllHTR.elf
configparams force-mem-access 0
----------------End of Script----------------

08:24:17 INFO  : Context for processor 'ps7_cortexa9_0' is selected.
08:24:18 INFO  : 'con' command is executed.
08:24:18 INFO  : ----------------XSDB Script (After Launch)----------------
targets -set -nocase -filter {name =~ "ARM*#0" && jtag_cable_name =~ "Digilent Zed 210248782650"} -index 0
con
----------------End of Script----------------

08:24:18 INFO  : Launch script is exported to file 'C:\Users\dangn\Dropbox\it\CodingSpace\tkllHTR\build\tkllHTR\tkllHTR.sdk\.sdk\launch_scripts\xilinx_c-c++_application_(system_debugger)\system_debugger_using_debug_tkllhtr.elf_on_local.tcl'
08:24:44 INFO  : Disconnected from the channel tcfchan#10.
08:24:45 INFO  : Connected to target on host '127.0.0.1' and port '3121'.
08:24:45 INFO  : Jtag cable 'Digilent Zed 210248782650' is selected.
08:24:45 INFO  : 'jtag frequency' command is executed.
08:24:45 INFO  : Sourcing of 'C:/Users/dangn/Dropbox/it/CodingSpace/tkllHTR/build/tkllHTR/tkllHTR.sdk/ZC702_hw_platform/ps7_init.tcl' is done.
08:24:46 INFO  : Context for 'APU' is selected.
08:24:46 INFO  : Hardware design information is loaded from 'C:/Users/dangn/Dropbox/it/CodingSpace/tkllHTR/build/tkllHTR/tkllHTR.sdk/ZC702_hw_platform/system.hdf'.
08:24:46 INFO  : 'configparams force-mem-access 1' command is executed.
08:24:46 INFO  : Context for 'APU' is selected.
08:24:46 INFO  : 'stop' command is executed.
08:24:46 INFO  : 'ps7_init' command is executed.
08:24:46 INFO  : 'ps7_post_config' command is executed.
08:24:46 INFO  : Context for processor 'ps7_cortexa9_0' is selected.
08:24:46 INFO  : Processor reset is completed for 'ps7_cortexa9_0'.
08:24:46 INFO  : Context for processor 'ps7_cortexa9_0' is selected.
08:24:46 INFO  : The application 'C:/Users/dangn/Dropbox/it/CodingSpace/tkllHTR/build/tkllHTR/tkllHTR.sdk/tkllHTR/Debug/tkllHTR.elf' is downloaded to processor 'ps7_cortexa9_0'.
08:24:46 INFO  : 'configparams force-mem-access 0' command is executed.
08:24:46 INFO  : ----------------XSDB Script----------------
connect -url tcp:127.0.0.1:3121
source C:/Users/dangn/Dropbox/it/CodingSpace/tkllHTR/build/tkllHTR/tkllHTR.sdk/ZC702_hw_platform/ps7_init.tcl
targets -set -nocase -filter {name =~"APU*" && jtag_cable_name =~ "Digilent Zed 210248782650"} -index 0
loadhw -hw C:/Users/dangn/Dropbox/it/CodingSpace/tkllHTR/build/tkllHTR/tkllHTR.sdk/ZC702_hw_platform/system.hdf -mem-ranges [list {0x40000000 0xbfffffff}]
configparams force-mem-access 1
targets -set -nocase -filter {name =~"APU*" && jtag_cable_name =~ "Digilent Zed 210248782650"} -index 0
stop
ps7_init
ps7_post_config
targets -set -nocase -filter {name =~ "ARM*#0" && jtag_cable_name =~ "Digilent Zed 210248782650"} -index 0
rst -processor
targets -set -nocase -filter {name =~ "ARM*#0" && jtag_cable_name =~ "Digilent Zed 210248782650"} -index 0
dow C:/Users/dangn/Dropbox/it/CodingSpace/tkllHTR/build/tkllHTR/tkllHTR.sdk/tkllHTR/Debug/tkllHTR.elf
configparams force-mem-access 0
----------------End of Script----------------

08:24:47 INFO  : Context for processor 'ps7_cortexa9_0' is selected.
08:24:47 INFO  : 'con' command is executed.
08:24:47 INFO  : ----------------XSDB Script (After Launch)----------------
targets -set -nocase -filter {name =~ "ARM*#0" && jtag_cable_name =~ "Digilent Zed 210248782650"} -index 0
con
----------------End of Script----------------

08:24:47 INFO  : Launch script is exported to file 'C:\Users\dangn\Dropbox\it\CodingSpace\tkllHTR\build\tkllHTR\tkllHTR.sdk\.sdk\launch_scripts\xilinx_c-c++_application_(system_debugger)\system_debugger_using_debug_tkllhtr.elf_on_local.tcl'
08:26:52 INFO  : Disconnected from the channel tcfchan#11.
08:26:53 INFO  : Connected to target on host '127.0.0.1' and port '3121'.
08:26:53 INFO  : Jtag cable 'Digilent Zed 210248782650' is selected.
08:26:53 INFO  : 'jtag frequency' command is executed.
08:26:53 INFO  : Sourcing of 'C:/Users/dangn/Dropbox/it/CodingSpace/tkllHTR/build/tkllHTR/tkllHTR.sdk/ZC702_hw_platform/ps7_init.tcl' is done.
08:26:54 INFO  : Context for 'APU' is selected.
08:26:54 INFO  : Hardware design information is loaded from 'C:/Users/dangn/Dropbox/it/CodingSpace/tkllHTR/build/tkllHTR/tkllHTR.sdk/ZC702_hw_platform/system.hdf'.
08:26:54 INFO  : 'configparams force-mem-access 1' command is executed.
08:26:54 INFO  : Context for 'APU' is selected.
08:26:54 INFO  : 'stop' command is executed.
08:26:54 INFO  : 'ps7_init' command is executed.
08:26:54 INFO  : 'ps7_post_config' command is executed.
08:26:54 INFO  : Context for processor 'ps7_cortexa9_0' is selected.
08:26:54 INFO  : Processor reset is completed for 'ps7_cortexa9_0'.
08:26:54 INFO  : Context for processor 'ps7_cortexa9_0' is selected.
08:26:54 INFO  : The application 'C:/Users/dangn/Dropbox/it/CodingSpace/tkllHTR/build/tkllHTR/tkllHTR.sdk/tkllHTR/Debug/tkllHTR.elf' is downloaded to processor 'ps7_cortexa9_0'.
08:26:54 INFO  : 'configparams force-mem-access 0' command is executed.
08:26:54 INFO  : ----------------XSDB Script----------------
connect -url tcp:127.0.0.1:3121
source C:/Users/dangn/Dropbox/it/CodingSpace/tkllHTR/build/tkllHTR/tkllHTR.sdk/ZC702_hw_platform/ps7_init.tcl
targets -set -nocase -filter {name =~"APU*" && jtag_cable_name =~ "Digilent Zed 210248782650"} -index 0
loadhw -hw C:/Users/dangn/Dropbox/it/CodingSpace/tkllHTR/build/tkllHTR/tkllHTR.sdk/ZC702_hw_platform/system.hdf -mem-ranges [list {0x40000000 0xbfffffff}]
configparams force-mem-access 1
targets -set -nocase -filter {name =~"APU*" && jtag_cable_name =~ "Digilent Zed 210248782650"} -index 0
stop
ps7_init
ps7_post_config
targets -set -nocase -filter {name =~ "ARM*#0" && jtag_cable_name =~ "Digilent Zed 210248782650"} -index 0
rst -processor
targets -set -nocase -filter {name =~ "ARM*#0" && jtag_cable_name =~ "Digilent Zed 210248782650"} -index 0
dow C:/Users/dangn/Dropbox/it/CodingSpace/tkllHTR/build/tkllHTR/tkllHTR.sdk/tkllHTR/Debug/tkllHTR.elf
configparams force-mem-access 0
----------------End of Script----------------

08:26:54 INFO  : Context for processor 'ps7_cortexa9_0' is selected.
08:26:54 INFO  : 'con' command is executed.
08:26:54 INFO  : ----------------XSDB Script (After Launch)----------------
targets -set -nocase -filter {name =~ "ARM*#0" && jtag_cable_name =~ "Digilent Zed 210248782650"} -index 0
con
----------------End of Script----------------

08:26:54 INFO  : Launch script is exported to file 'C:\Users\dangn\Dropbox\it\CodingSpace\tkllHTR\build\tkllHTR\tkllHTR.sdk\.sdk\launch_scripts\xilinx_c-c++_application_(system_debugger)\system_debugger_using_debug_tkllhtr.elf_on_local.tcl'
08:27:23 INFO  : Disconnected from the channel tcfchan#12.
08:27:24 INFO  : Connected to target on host '127.0.0.1' and port '3121'.
08:27:25 INFO  : Jtag cable 'Digilent Zed 210248782650' is selected.
08:27:25 INFO  : 'jtag frequency' command is executed.
08:27:25 INFO  : Sourcing of 'C:/Users/dangn/Dropbox/it/CodingSpace/tkllHTR/build/tkllHTR/tkllHTR.sdk/ZC702_hw_platform/ps7_init.tcl' is done.
08:27:25 INFO  : Context for 'APU' is selected.
08:27:25 INFO  : Hardware design information is loaded from 'C:/Users/dangn/Dropbox/it/CodingSpace/tkllHTR/build/tkllHTR/tkllHTR.sdk/ZC702_hw_platform/system.hdf'.
08:27:25 INFO  : 'configparams force-mem-access 1' command is executed.
08:27:25 INFO  : Context for 'APU' is selected.
08:27:25 INFO  : 'stop' command is executed.
08:27:25 INFO  : 'ps7_init' command is executed.
08:27:25 INFO  : 'ps7_post_config' command is executed.
08:27:25 INFO  : Context for processor 'ps7_cortexa9_0' is selected.
08:27:25 INFO  : Processor reset is completed for 'ps7_cortexa9_0'.
08:27:25 INFO  : Context for processor 'ps7_cortexa9_0' is selected.
08:27:26 INFO  : The application 'C:/Users/dangn/Dropbox/it/CodingSpace/tkllHTR/build/tkllHTR/tkllHTR.sdk/tkllHTR/Debug/tkllHTR.elf' is downloaded to processor 'ps7_cortexa9_0'.
08:27:26 INFO  : 'configparams force-mem-access 0' command is executed.
08:27:26 INFO  : ----------------XSDB Script----------------
connect -url tcp:127.0.0.1:3121
source C:/Users/dangn/Dropbox/it/CodingSpace/tkllHTR/build/tkllHTR/tkllHTR.sdk/ZC702_hw_platform/ps7_init.tcl
targets -set -nocase -filter {name =~"APU*" && jtag_cable_name =~ "Digilent Zed 210248782650"} -index 0
loadhw -hw C:/Users/dangn/Dropbox/it/CodingSpace/tkllHTR/build/tkllHTR/tkllHTR.sdk/ZC702_hw_platform/system.hdf -mem-ranges [list {0x40000000 0xbfffffff}]
configparams force-mem-access 1
targets -set -nocase -filter {name =~"APU*" && jtag_cable_name =~ "Digilent Zed 210248782650"} -index 0
stop
ps7_init
ps7_post_config
targets -set -nocase -filter {name =~ "ARM*#0" && jtag_cable_name =~ "Digilent Zed 210248782650"} -index 0
rst -processor
targets -set -nocase -filter {name =~ "ARM*#0" && jtag_cable_name =~ "Digilent Zed 210248782650"} -index 0
dow C:/Users/dangn/Dropbox/it/CodingSpace/tkllHTR/build/tkllHTR/tkllHTR.sdk/tkllHTR/Debug/tkllHTR.elf
configparams force-mem-access 0
----------------End of Script----------------

08:27:26 INFO  : Context for processor 'ps7_cortexa9_0' is selected.
08:27:26 INFO  : 'con' command is executed.
08:27:26 INFO  : ----------------XSDB Script (After Launch)----------------
targets -set -nocase -filter {name =~ "ARM*#0" && jtag_cable_name =~ "Digilent Zed 210248782650"} -index 0
con
----------------End of Script----------------

08:27:26 INFO  : Launch script is exported to file 'C:\Users\dangn\Dropbox\it\CodingSpace\tkllHTR\build\tkllHTR\tkllHTR.sdk\.sdk\launch_scripts\xilinx_c-c++_application_(system_debugger)\system_debugger_using_debug_tkllhtr.elf_on_local.tcl'
08:27:43 INFO  : Disconnected from the channel tcfchan#13.
08:27:44 INFO  : Connected to target on host '127.0.0.1' and port '3121'.
08:27:45 INFO  : Jtag cable 'Digilent Zed 210248782650' is selected.
08:27:45 INFO  : 'jtag frequency' command is executed.
08:27:45 INFO  : Sourcing of 'C:/Users/dangn/Dropbox/it/CodingSpace/tkllHTR/build/tkllHTR/tkllHTR.sdk/ZC702_hw_platform/ps7_init.tcl' is done.
08:27:45 INFO  : Context for 'APU' is selected.
08:27:45 INFO  : Hardware design information is loaded from 'C:/Users/dangn/Dropbox/it/CodingSpace/tkllHTR/build/tkllHTR/tkllHTR.sdk/ZC702_hw_platform/system.hdf'.
08:27:45 INFO  : 'configparams force-mem-access 1' command is executed.
08:27:45 INFO  : Context for 'APU' is selected.
08:27:45 INFO  : 'stop' command is executed.
08:27:45 INFO  : 'ps7_init' command is executed.
08:27:45 INFO  : 'ps7_post_config' command is executed.
08:27:45 INFO  : Context for processor 'ps7_cortexa9_0' is selected.
08:27:45 INFO  : Processor reset is completed for 'ps7_cortexa9_0'.
08:27:46 INFO  : Context for processor 'ps7_cortexa9_0' is selected.
08:27:46 INFO  : The application 'C:/Users/dangn/Dropbox/it/CodingSpace/tkllHTR/build/tkllHTR/tkllHTR.sdk/tkllHTR/Debug/tkllHTR.elf' is downloaded to processor 'ps7_cortexa9_0'.
08:27:46 INFO  : 'configparams force-mem-access 0' command is executed.
08:27:46 INFO  : ----------------XSDB Script----------------
connect -url tcp:127.0.0.1:3121
source C:/Users/dangn/Dropbox/it/CodingSpace/tkllHTR/build/tkllHTR/tkllHTR.sdk/ZC702_hw_platform/ps7_init.tcl
targets -set -nocase -filter {name =~"APU*" && jtag_cable_name =~ "Digilent Zed 210248782650"} -index 0
loadhw -hw C:/Users/dangn/Dropbox/it/CodingSpace/tkllHTR/build/tkllHTR/tkllHTR.sdk/ZC702_hw_platform/system.hdf -mem-ranges [list {0x40000000 0xbfffffff}]
configparams force-mem-access 1
targets -set -nocase -filter {name =~"APU*" && jtag_cable_name =~ "Digilent Zed 210248782650"} -index 0
stop
ps7_init
ps7_post_config
targets -set -nocase -filter {name =~ "ARM*#0" && jtag_cable_name =~ "Digilent Zed 210248782650"} -index 0
rst -processor
targets -set -nocase -filter {name =~ "ARM*#0" && jtag_cable_name =~ "Digilent Zed 210248782650"} -index 0
dow C:/Users/dangn/Dropbox/it/CodingSpace/tkllHTR/build/tkllHTR/tkllHTR.sdk/tkllHTR/Debug/tkllHTR.elf
configparams force-mem-access 0
----------------End of Script----------------

08:27:46 INFO  : Context for processor 'ps7_cortexa9_0' is selected.
08:27:46 INFO  : 'con' command is executed.
08:27:46 INFO  : ----------------XSDB Script (After Launch)----------------
targets -set -nocase -filter {name =~ "ARM*#0" && jtag_cable_name =~ "Digilent Zed 210248782650"} -index 0
con
----------------End of Script----------------

08:27:46 INFO  : Launch script is exported to file 'C:\Users\dangn\Dropbox\it\CodingSpace\tkllHTR\build\tkllHTR\tkllHTR.sdk\.sdk\launch_scripts\xilinx_c-c++_application_(system_debugger)\system_debugger_using_debug_tkllhtr.elf_on_local.tcl'
08:28:58 INFO  : Disconnected from the channel tcfchan#14.
08:28:59 INFO  : Connected to target on host '127.0.0.1' and port '3121'.
08:28:59 INFO  : Jtag cable 'Digilent Zed 210248782650' is selected.
08:28:59 INFO  : 'jtag frequency' command is executed.
08:28:59 INFO  : Sourcing of 'C:/Users/dangn/Dropbox/it/CodingSpace/tkllHTR/build/tkllHTR/tkllHTR.sdk/ZC702_hw_platform/ps7_init.tcl' is done.
08:28:59 INFO  : Context for 'APU' is selected.
08:28:59 INFO  : Hardware design information is loaded from 'C:/Users/dangn/Dropbox/it/CodingSpace/tkllHTR/build/tkllHTR/tkllHTR.sdk/ZC702_hw_platform/system.hdf'.
08:28:59 INFO  : 'configparams force-mem-access 1' command is executed.
08:29:00 INFO  : Context for 'APU' is selected.
08:29:00 INFO  : 'stop' command is executed.
08:29:00 INFO  : 'ps7_init' command is executed.
08:29:00 INFO  : 'ps7_post_config' command is executed.
08:29:00 INFO  : Context for processor 'ps7_cortexa9_0' is selected.
08:29:00 INFO  : Processor reset is completed for 'ps7_cortexa9_0'.
08:29:00 INFO  : Context for processor 'ps7_cortexa9_0' is selected.
08:29:00 INFO  : The application 'C:/Users/dangn/Dropbox/it/CodingSpace/tkllHTR/build/tkllHTR/tkllHTR.sdk/tkllHTR/Debug/tkllHTR.elf' is downloaded to processor 'ps7_cortexa9_0'.
08:29:00 INFO  : 'configparams force-mem-access 0' command is executed.
08:29:00 INFO  : ----------------XSDB Script----------------
connect -url tcp:127.0.0.1:3121
source C:/Users/dangn/Dropbox/it/CodingSpace/tkllHTR/build/tkllHTR/tkllHTR.sdk/ZC702_hw_platform/ps7_init.tcl
targets -set -nocase -filter {name =~"APU*" && jtag_cable_name =~ "Digilent Zed 210248782650"} -index 0
loadhw -hw C:/Users/dangn/Dropbox/it/CodingSpace/tkllHTR/build/tkllHTR/tkllHTR.sdk/ZC702_hw_platform/system.hdf -mem-ranges [list {0x40000000 0xbfffffff}]
configparams force-mem-access 1
targets -set -nocase -filter {name =~"APU*" && jtag_cable_name =~ "Digilent Zed 210248782650"} -index 0
stop
ps7_init
ps7_post_config
targets -set -nocase -filter {name =~ "ARM*#0" && jtag_cable_name =~ "Digilent Zed 210248782650"} -index 0
rst -processor
targets -set -nocase -filter {name =~ "ARM*#0" && jtag_cable_name =~ "Digilent Zed 210248782650"} -index 0
dow C:/Users/dangn/Dropbox/it/CodingSpace/tkllHTR/build/tkllHTR/tkllHTR.sdk/tkllHTR/Debug/tkllHTR.elf
configparams force-mem-access 0
----------------End of Script----------------

08:29:00 INFO  : Context for processor 'ps7_cortexa9_0' is selected.
08:29:00 INFO  : 'con' command is executed.
08:29:00 INFO  : ----------------XSDB Script (After Launch)----------------
targets -set -nocase -filter {name =~ "ARM*#0" && jtag_cable_name =~ "Digilent Zed 210248782650"} -index 0
con
----------------End of Script----------------

08:29:00 INFO  : Launch script is exported to file 'C:\Users\dangn\Dropbox\it\CodingSpace\tkllHTR\build\tkllHTR\tkllHTR.sdk\.sdk\launch_scripts\xilinx_c-c++_application_(system_debugger)\system_debugger_using_debug_tkllhtr.elf_on_local.tcl'
08:29:46 INFO  : Disconnected from the channel tcfchan#15.
08:29:47 INFO  : Connected to target on host '127.0.0.1' and port '3121'.
08:29:48 INFO  : Jtag cable 'Digilent Zed 210248782650' is selected.
08:29:48 INFO  : 'jtag frequency' command is executed.
08:29:48 INFO  : Sourcing of 'C:/Users/dangn/Dropbox/it/CodingSpace/tkllHTR/build/tkllHTR/tkllHTR.sdk/ZC702_hw_platform/ps7_init.tcl' is done.
08:29:48 INFO  : Context for 'APU' is selected.
08:29:48 INFO  : Hardware design information is loaded from 'C:/Users/dangn/Dropbox/it/CodingSpace/tkllHTR/build/tkllHTR/tkllHTR.sdk/ZC702_hw_platform/system.hdf'.
08:29:48 INFO  : 'configparams force-mem-access 1' command is executed.
08:29:48 INFO  : Context for 'APU' is selected.
08:29:48 INFO  : 'stop' command is executed.
08:29:48 INFO  : 'ps7_init' command is executed.
08:29:48 INFO  : 'ps7_post_config' command is executed.
08:29:48 INFO  : Context for processor 'ps7_cortexa9_0' is selected.
08:29:48 INFO  : Processor reset is completed for 'ps7_cortexa9_0'.
08:29:48 INFO  : Context for processor 'ps7_cortexa9_0' is selected.
08:29:48 INFO  : The application 'C:/Users/dangn/Dropbox/it/CodingSpace/tkllHTR/build/tkllHTR/tkllHTR.sdk/tkllHTR/Debug/tkllHTR.elf' is downloaded to processor 'ps7_cortexa9_0'.
08:29:48 INFO  : 'configparams force-mem-access 0' command is executed.
08:29:48 INFO  : ----------------XSDB Script----------------
connect -url tcp:127.0.0.1:3121
source C:/Users/dangn/Dropbox/it/CodingSpace/tkllHTR/build/tkllHTR/tkllHTR.sdk/ZC702_hw_platform/ps7_init.tcl
targets -set -nocase -filter {name =~"APU*" && jtag_cable_name =~ "Digilent Zed 210248782650"} -index 0
loadhw -hw C:/Users/dangn/Dropbox/it/CodingSpace/tkllHTR/build/tkllHTR/tkllHTR.sdk/ZC702_hw_platform/system.hdf -mem-ranges [list {0x40000000 0xbfffffff}]
configparams force-mem-access 1
targets -set -nocase -filter {name =~"APU*" && jtag_cable_name =~ "Digilent Zed 210248782650"} -index 0
stop
ps7_init
ps7_post_config
targets -set -nocase -filter {name =~ "ARM*#0" && jtag_cable_name =~ "Digilent Zed 210248782650"} -index 0
rst -processor
targets -set -nocase -filter {name =~ "ARM*#0" && jtag_cable_name =~ "Digilent Zed 210248782650"} -index 0
dow C:/Users/dangn/Dropbox/it/CodingSpace/tkllHTR/build/tkllHTR/tkllHTR.sdk/tkllHTR/Debug/tkllHTR.elf
configparams force-mem-access 0
----------------End of Script----------------

08:29:49 INFO  : Context for processor 'ps7_cortexa9_0' is selected.
08:29:49 INFO  : 'con' command is executed.
08:29:49 INFO  : ----------------XSDB Script (After Launch)----------------
targets -set -nocase -filter {name =~ "ARM*#0" && jtag_cable_name =~ "Digilent Zed 210248782650"} -index 0
con
----------------End of Script----------------

08:29:49 INFO  : Launch script is exported to file 'C:\Users\dangn\Dropbox\it\CodingSpace\tkllHTR\build\tkllHTR\tkllHTR.sdk\.sdk\launch_scripts\xilinx_c-c++_application_(system_debugger)\system_debugger_using_debug_tkllhtr.elf_on_local.tcl'
08:30:12 INFO  : Disconnected from the channel tcfchan#16.
08:30:13 INFO  : Connected to target on host '127.0.0.1' and port '3121'.
08:30:13 INFO  : Jtag cable 'Digilent Zed 210248782650' is selected.
08:30:13 INFO  : 'jtag frequency' command is executed.
08:30:13 INFO  : Sourcing of 'C:/Users/dangn/Dropbox/it/CodingSpace/tkllHTR/build/tkllHTR/tkllHTR.sdk/ZC702_hw_platform/ps7_init.tcl' is done.
08:30:14 INFO  : Context for 'APU' is selected.
08:30:14 INFO  : Hardware design information is loaded from 'C:/Users/dangn/Dropbox/it/CodingSpace/tkllHTR/build/tkllHTR/tkllHTR.sdk/ZC702_hw_platform/system.hdf'.
08:30:14 INFO  : 'configparams force-mem-access 1' command is executed.
08:30:14 INFO  : Context for 'APU' is selected.
08:30:14 INFO  : 'stop' command is executed.
08:30:14 INFO  : 'ps7_init' command is executed.
08:30:14 INFO  : 'ps7_post_config' command is executed.
08:30:14 INFO  : Context for processor 'ps7_cortexa9_0' is selected.
08:30:14 INFO  : Processor reset is completed for 'ps7_cortexa9_0'.
08:30:14 INFO  : Context for processor 'ps7_cortexa9_0' is selected.
08:30:14 INFO  : The application 'C:/Users/dangn/Dropbox/it/CodingSpace/tkllHTR/build/tkllHTR/tkllHTR.sdk/tkllHTR/Debug/tkllHTR.elf' is downloaded to processor 'ps7_cortexa9_0'.
08:30:14 INFO  : 'configparams force-mem-access 0' command is executed.
08:30:14 INFO  : ----------------XSDB Script----------------
connect -url tcp:127.0.0.1:3121
source C:/Users/dangn/Dropbox/it/CodingSpace/tkllHTR/build/tkllHTR/tkllHTR.sdk/ZC702_hw_platform/ps7_init.tcl
targets -set -nocase -filter {name =~"APU*" && jtag_cable_name =~ "Digilent Zed 210248782650"} -index 0
loadhw -hw C:/Users/dangn/Dropbox/it/CodingSpace/tkllHTR/build/tkllHTR/tkllHTR.sdk/ZC702_hw_platform/system.hdf -mem-ranges [list {0x40000000 0xbfffffff}]
configparams force-mem-access 1
targets -set -nocase -filter {name =~"APU*" && jtag_cable_name =~ "Digilent Zed 210248782650"} -index 0
stop
ps7_init
ps7_post_config
targets -set -nocase -filter {name =~ "ARM*#0" && jtag_cable_name =~ "Digilent Zed 210248782650"} -index 0
rst -processor
targets -set -nocase -filter {name =~ "ARM*#0" && jtag_cable_name =~ "Digilent Zed 210248782650"} -index 0
dow C:/Users/dangn/Dropbox/it/CodingSpace/tkllHTR/build/tkllHTR/tkllHTR.sdk/tkllHTR/Debug/tkllHTR.elf
configparams force-mem-access 0
----------------End of Script----------------

08:30:14 INFO  : Context for processor 'ps7_cortexa9_0' is selected.
08:30:14 INFO  : 'con' command is executed.
08:30:14 INFO  : ----------------XSDB Script (After Launch)----------------
targets -set -nocase -filter {name =~ "ARM*#0" && jtag_cable_name =~ "Digilent Zed 210248782650"} -index 0
con
----------------End of Script----------------

08:30:14 INFO  : Launch script is exported to file 'C:\Users\dangn\Dropbox\it\CodingSpace\tkllHTR\build\tkllHTR\tkllHTR.sdk\.sdk\launch_scripts\xilinx_c-c++_application_(system_debugger)\system_debugger_using_debug_tkllhtr.elf_on_local.tcl'
08:30:50 INFO  : Disconnected from the channel tcfchan#17.
08:30:51 INFO  : Connected to target on host '127.0.0.1' and port '3121'.
08:30:51 INFO  : Jtag cable 'Digilent Zed 210248782650' is selected.
08:30:51 INFO  : 'jtag frequency' command is executed.
08:30:51 INFO  : Sourcing of 'C:/Users/dangn/Dropbox/it/CodingSpace/tkllHTR/build/tkllHTR/tkllHTR.sdk/ZC702_hw_platform/ps7_init.tcl' is done.
08:30:51 INFO  : Context for 'APU' is selected.
08:30:51 INFO  : Hardware design information is loaded from 'C:/Users/dangn/Dropbox/it/CodingSpace/tkllHTR/build/tkllHTR/tkllHTR.sdk/ZC702_hw_platform/system.hdf'.
08:30:51 INFO  : 'configparams force-mem-access 1' command is executed.
08:30:51 INFO  : Context for 'APU' is selected.
08:30:51 INFO  : 'stop' command is executed.
08:30:52 INFO  : 'ps7_init' command is executed.
08:30:52 INFO  : 'ps7_post_config' command is executed.
08:30:52 INFO  : Context for processor 'ps7_cortexa9_0' is selected.
08:30:52 INFO  : Processor reset is completed for 'ps7_cortexa9_0'.
08:30:52 INFO  : Context for processor 'ps7_cortexa9_0' is selected.
08:30:52 INFO  : The application 'C:/Users/dangn/Dropbox/it/CodingSpace/tkllHTR/build/tkllHTR/tkllHTR.sdk/tkllHTR/Debug/tkllHTR.elf' is downloaded to processor 'ps7_cortexa9_0'.
08:30:52 INFO  : 'configparams force-mem-access 0' command is executed.
08:30:52 INFO  : ----------------XSDB Script----------------
connect -url tcp:127.0.0.1:3121
source C:/Users/dangn/Dropbox/it/CodingSpace/tkllHTR/build/tkllHTR/tkllHTR.sdk/ZC702_hw_platform/ps7_init.tcl
targets -set -nocase -filter {name =~"APU*" && jtag_cable_name =~ "Digilent Zed 210248782650"} -index 0
loadhw -hw C:/Users/dangn/Dropbox/it/CodingSpace/tkllHTR/build/tkllHTR/tkllHTR.sdk/ZC702_hw_platform/system.hdf -mem-ranges [list {0x40000000 0xbfffffff}]
configparams force-mem-access 1
targets -set -nocase -filter {name =~"APU*" && jtag_cable_name =~ "Digilent Zed 210248782650"} -index 0
stop
ps7_init
ps7_post_config
targets -set -nocase -filter {name =~ "ARM*#0" && jtag_cable_name =~ "Digilent Zed 210248782650"} -index 0
rst -processor
targets -set -nocase -filter {name =~ "ARM*#0" && jtag_cable_name =~ "Digilent Zed 210248782650"} -index 0
dow C:/Users/dangn/Dropbox/it/CodingSpace/tkllHTR/build/tkllHTR/tkllHTR.sdk/tkllHTR/Debug/tkllHTR.elf
configparams force-mem-access 0
----------------End of Script----------------

08:30:52 INFO  : Context for processor 'ps7_cortexa9_0' is selected.
08:30:52 INFO  : 'con' command is executed.
08:30:52 INFO  : ----------------XSDB Script (After Launch)----------------
targets -set -nocase -filter {name =~ "ARM*#0" && jtag_cable_name =~ "Digilent Zed 210248782650"} -index 0
con
----------------End of Script----------------

08:30:52 INFO  : Launch script is exported to file 'C:\Users\dangn\Dropbox\it\CodingSpace\tkllHTR\build\tkllHTR\tkllHTR.sdk\.sdk\launch_scripts\xilinx_c-c++_application_(system_debugger)\system_debugger_using_debug_tkllhtr.elf_on_local.tcl'
08:31:28 INFO  : Disconnected from the channel tcfchan#18.
08:31:29 INFO  : Connected to target on host '127.0.0.1' and port '3121'.
08:31:29 INFO  : Jtag cable 'Digilent Zed 210248782650' is selected.
08:31:29 INFO  : 'jtag frequency' command is executed.
08:31:29 INFO  : Sourcing of 'C:/Users/dangn/Dropbox/it/CodingSpace/tkllHTR/build/tkllHTR/tkllHTR.sdk/ZC702_hw_platform/ps7_init.tcl' is done.
08:31:29 INFO  : Context for 'APU' is selected.
08:31:29 INFO  : Hardware design information is loaded from 'C:/Users/dangn/Dropbox/it/CodingSpace/tkllHTR/build/tkllHTR/tkllHTR.sdk/ZC702_hw_platform/system.hdf'.
08:31:29 INFO  : 'configparams force-mem-access 1' command is executed.
08:31:29 INFO  : Context for 'APU' is selected.
08:31:29 INFO  : 'stop' command is executed.
08:31:30 INFO  : 'ps7_init' command is executed.
08:31:30 INFO  : 'ps7_post_config' command is executed.
08:31:30 INFO  : Context for processor 'ps7_cortexa9_0' is selected.
08:31:30 INFO  : Processor reset is completed for 'ps7_cortexa9_0'.
08:31:30 INFO  : Context for processor 'ps7_cortexa9_0' is selected.
08:31:30 INFO  : The application 'C:/Users/dangn/Dropbox/it/CodingSpace/tkllHTR/build/tkllHTR/tkllHTR.sdk/tkllHTR/Debug/tkllHTR.elf' is downloaded to processor 'ps7_cortexa9_0'.
08:31:30 INFO  : 'configparams force-mem-access 0' command is executed.
08:31:30 INFO  : ----------------XSDB Script----------------
connect -url tcp:127.0.0.1:3121
source C:/Users/dangn/Dropbox/it/CodingSpace/tkllHTR/build/tkllHTR/tkllHTR.sdk/ZC702_hw_platform/ps7_init.tcl
targets -set -nocase -filter {name =~"APU*" && jtag_cable_name =~ "Digilent Zed 210248782650"} -index 0
loadhw -hw C:/Users/dangn/Dropbox/it/CodingSpace/tkllHTR/build/tkllHTR/tkllHTR.sdk/ZC702_hw_platform/system.hdf -mem-ranges [list {0x40000000 0xbfffffff}]
configparams force-mem-access 1
targets -set -nocase -filter {name =~"APU*" && jtag_cable_name =~ "Digilent Zed 210248782650"} -index 0
stop
ps7_init
ps7_post_config
targets -set -nocase -filter {name =~ "ARM*#0" && jtag_cable_name =~ "Digilent Zed 210248782650"} -index 0
rst -processor
targets -set -nocase -filter {name =~ "ARM*#0" && jtag_cable_name =~ "Digilent Zed 210248782650"} -index 0
dow C:/Users/dangn/Dropbox/it/CodingSpace/tkllHTR/build/tkllHTR/tkllHTR.sdk/tkllHTR/Debug/tkllHTR.elf
configparams force-mem-access 0
----------------End of Script----------------

08:31:30 INFO  : Context for processor 'ps7_cortexa9_0' is selected.
08:31:30 INFO  : 'con' command is executed.
08:31:30 INFO  : ----------------XSDB Script (After Launch)----------------
targets -set -nocase -filter {name =~ "ARM*#0" && jtag_cable_name =~ "Digilent Zed 210248782650"} -index 0
con
----------------End of Script----------------

08:31:30 INFO  : Launch script is exported to file 'C:\Users\dangn\Dropbox\it\CodingSpace\tkllHTR\build\tkllHTR\tkllHTR.sdk\.sdk\launch_scripts\xilinx_c-c++_application_(system_debugger)\system_debugger_using_debug_tkllhtr.elf_on_local.tcl'
08:37:47 INFO  : Disconnected from the channel tcfchan#19.
08:37:49 INFO  : Connected to target on host '127.0.0.1' and port '3121'.
08:37:49 INFO  : Jtag cable 'Digilent Zed 210248782650' is selected.
08:37:49 INFO  : 'jtag frequency' command is executed.
08:37:49 INFO  : Sourcing of 'C:/Users/dangn/Dropbox/it/CodingSpace/tkllHTR/build/tkllHTR/tkllHTR.sdk/ZC702_hw_platform/ps7_init.tcl' is done.
08:37:49 INFO  : Context for 'APU' is selected.
08:37:49 INFO  : Hardware design information is loaded from 'C:/Users/dangn/Dropbox/it/CodingSpace/tkllHTR/build/tkllHTR/tkllHTR.sdk/ZC702_hw_platform/system.hdf'.
08:37:49 INFO  : 'configparams force-mem-access 1' command is executed.
08:37:49 INFO  : Context for 'APU' is selected.
08:37:49 INFO  : 'stop' command is executed.
08:37:49 INFO  : 'ps7_init' command is executed.
08:37:49 INFO  : 'ps7_post_config' command is executed.
08:37:49 INFO  : Context for processor 'ps7_cortexa9_0' is selected.
08:37:50 INFO  : Processor reset is completed for 'ps7_cortexa9_0'.
08:37:50 INFO  : Context for processor 'ps7_cortexa9_0' is selected.
08:37:50 INFO  : The application 'C:/Users/dangn/Dropbox/it/CodingSpace/tkllHTR/build/tkllHTR/tkllHTR.sdk/tkllHTR/Debug/tkllHTR.elf' is downloaded to processor 'ps7_cortexa9_0'.
08:37:50 INFO  : 'configparams force-mem-access 0' command is executed.
08:37:50 INFO  : ----------------XSDB Script----------------
connect -url tcp:127.0.0.1:3121
source C:/Users/dangn/Dropbox/it/CodingSpace/tkllHTR/build/tkllHTR/tkllHTR.sdk/ZC702_hw_platform/ps7_init.tcl
targets -set -nocase -filter {name =~"APU*" && jtag_cable_name =~ "Digilent Zed 210248782650"} -index 0
loadhw -hw C:/Users/dangn/Dropbox/it/CodingSpace/tkllHTR/build/tkllHTR/tkllHTR.sdk/ZC702_hw_platform/system.hdf -mem-ranges [list {0x40000000 0xbfffffff}]
configparams force-mem-access 1
targets -set -nocase -filter {name =~"APU*" && jtag_cable_name =~ "Digilent Zed 210248782650"} -index 0
stop
ps7_init
ps7_post_config
targets -set -nocase -filter {name =~ "ARM*#0" && jtag_cable_name =~ "Digilent Zed 210248782650"} -index 0
rst -processor
targets -set -nocase -filter {name =~ "ARM*#0" && jtag_cable_name =~ "Digilent Zed 210248782650"} -index 0
dow C:/Users/dangn/Dropbox/it/CodingSpace/tkllHTR/build/tkllHTR/tkllHTR.sdk/tkllHTR/Debug/tkllHTR.elf
configparams force-mem-access 0
----------------End of Script----------------

08:37:50 INFO  : Context for processor 'ps7_cortexa9_0' is selected.
08:37:50 INFO  : 'con' command is executed.
08:37:50 INFO  : ----------------XSDB Script (After Launch)----------------
targets -set -nocase -filter {name =~ "ARM*#0" && jtag_cable_name =~ "Digilent Zed 210248782650"} -index 0
con
----------------End of Script----------------

08:37:50 INFO  : Launch script is exported to file 'C:\Users\dangn\Dropbox\it\CodingSpace\tkllHTR\build\tkllHTR\tkllHTR.sdk\.sdk\launch_scripts\xilinx_c-c++_application_(system_debugger)\system_debugger_using_debug_tkllhtr.elf_on_local.tcl'
08:40:05 INFO  : Disconnected from the channel tcfchan#20.
08:40:06 INFO  : Connected to target on host '127.0.0.1' and port '3121'.
08:40:07 INFO  : Jtag cable 'Digilent Zed 210248782650' is selected.
08:40:07 INFO  : 'jtag frequency' command is executed.
08:40:07 INFO  : Sourcing of 'C:/Users/dangn/Dropbox/it/CodingSpace/tkllHTR/build/tkllHTR/tkllHTR.sdk/ZC702_hw_platform/ps7_init.tcl' is done.
08:40:07 INFO  : Context for 'APU' is selected.
08:40:07 INFO  : Hardware design information is loaded from 'C:/Users/dangn/Dropbox/it/CodingSpace/tkllHTR/build/tkllHTR/tkllHTR.sdk/ZC702_hw_platform/system.hdf'.
08:40:07 INFO  : 'configparams force-mem-access 1' command is executed.
08:40:07 INFO  : Context for 'APU' is selected.
08:40:07 INFO  : 'stop' command is executed.
08:40:07 INFO  : 'ps7_init' command is executed.
08:40:07 INFO  : 'ps7_post_config' command is executed.
08:40:07 INFO  : Context for processor 'ps7_cortexa9_0' is selected.
08:40:07 INFO  : Processor reset is completed for 'ps7_cortexa9_0'.
08:40:07 INFO  : Context for processor 'ps7_cortexa9_0' is selected.
08:40:08 INFO  : The application 'C:/Users/dangn/Dropbox/it/CodingSpace/tkllHTR/build/tkllHTR/tkllHTR.sdk/tkllHTR/Debug/tkllHTR.elf' is downloaded to processor 'ps7_cortexa9_0'.
08:40:08 INFO  : 'configparams force-mem-access 0' command is executed.
08:40:08 INFO  : ----------------XSDB Script----------------
connect -url tcp:127.0.0.1:3121
source C:/Users/dangn/Dropbox/it/CodingSpace/tkllHTR/build/tkllHTR/tkllHTR.sdk/ZC702_hw_platform/ps7_init.tcl
targets -set -nocase -filter {name =~"APU*" && jtag_cable_name =~ "Digilent Zed 210248782650"} -index 0
loadhw -hw C:/Users/dangn/Dropbox/it/CodingSpace/tkllHTR/build/tkllHTR/tkllHTR.sdk/ZC702_hw_platform/system.hdf -mem-ranges [list {0x40000000 0xbfffffff}]
configparams force-mem-access 1
targets -set -nocase -filter {name =~"APU*" && jtag_cable_name =~ "Digilent Zed 210248782650"} -index 0
stop
ps7_init
ps7_post_config
targets -set -nocase -filter {name =~ "ARM*#0" && jtag_cable_name =~ "Digilent Zed 210248782650"} -index 0
rst -processor
targets -set -nocase -filter {name =~ "ARM*#0" && jtag_cable_name =~ "Digilent Zed 210248782650"} -index 0
dow C:/Users/dangn/Dropbox/it/CodingSpace/tkllHTR/build/tkllHTR/tkllHTR.sdk/tkllHTR/Debug/tkllHTR.elf
configparams force-mem-access 0
----------------End of Script----------------

08:40:08 INFO  : Context for processor 'ps7_cortexa9_0' is selected.
08:40:08 INFO  : 'con' command is executed.
08:40:08 INFO  : ----------------XSDB Script (After Launch)----------------
targets -set -nocase -filter {name =~ "ARM*#0" && jtag_cable_name =~ "Digilent Zed 210248782650"} -index 0
con
----------------End of Script----------------

08:40:08 INFO  : Launch script is exported to file 'C:\Users\dangn\Dropbox\it\CodingSpace\tkllHTR\build\tkllHTR\tkllHTR.sdk\.sdk\launch_scripts\xilinx_c-c++_application_(system_debugger)\system_debugger_using_debug_tkllhtr.elf_on_local.tcl'
08:41:46 INFO  : Disconnected from the channel tcfchan#21.
08:41:47 INFO  : Connected to target on host '127.0.0.1' and port '3121'.
08:41:48 INFO  : Jtag cable 'Digilent Zed 210248782650' is selected.
08:41:48 INFO  : 'jtag frequency' command is executed.
08:41:48 INFO  : Sourcing of 'C:/Users/dangn/Dropbox/it/CodingSpace/tkllHTR/build/tkllHTR/tkllHTR.sdk/ZC702_hw_platform/ps7_init.tcl' is done.
08:41:48 INFO  : Context for 'APU' is selected.
08:41:48 INFO  : Hardware design information is loaded from 'C:/Users/dangn/Dropbox/it/CodingSpace/tkllHTR/build/tkllHTR/tkllHTR.sdk/ZC702_hw_platform/system.hdf'.
08:41:48 INFO  : 'configparams force-mem-access 1' command is executed.
08:41:48 INFO  : Context for 'APU' is selected.
08:41:48 INFO  : 'stop' command is executed.
08:41:48 INFO  : 'ps7_init' command is executed.
08:41:48 INFO  : 'ps7_post_config' command is executed.
08:41:48 INFO  : Context for processor 'ps7_cortexa9_0' is selected.
08:41:48 INFO  : Processor reset is completed for 'ps7_cortexa9_0'.
08:41:48 INFO  : Context for processor 'ps7_cortexa9_0' is selected.
08:41:49 INFO  : The application 'C:/Users/dangn/Dropbox/it/CodingSpace/tkllHTR/build/tkllHTR/tkllHTR.sdk/tkllHTR/Debug/tkllHTR.elf' is downloaded to processor 'ps7_cortexa9_0'.
08:41:49 INFO  : 'configparams force-mem-access 0' command is executed.
08:41:49 INFO  : ----------------XSDB Script----------------
connect -url tcp:127.0.0.1:3121
source C:/Users/dangn/Dropbox/it/CodingSpace/tkllHTR/build/tkllHTR/tkllHTR.sdk/ZC702_hw_platform/ps7_init.tcl
targets -set -nocase -filter {name =~"APU*" && jtag_cable_name =~ "Digilent Zed 210248782650"} -index 0
loadhw -hw C:/Users/dangn/Dropbox/it/CodingSpace/tkllHTR/build/tkllHTR/tkllHTR.sdk/ZC702_hw_platform/system.hdf -mem-ranges [list {0x40000000 0xbfffffff}]
configparams force-mem-access 1
targets -set -nocase -filter {name =~"APU*" && jtag_cable_name =~ "Digilent Zed 210248782650"} -index 0
stop
ps7_init
ps7_post_config
targets -set -nocase -filter {name =~ "ARM*#0" && jtag_cable_name =~ "Digilent Zed 210248782650"} -index 0
rst -processor
targets -set -nocase -filter {name =~ "ARM*#0" && jtag_cable_name =~ "Digilent Zed 210248782650"} -index 0
dow C:/Users/dangn/Dropbox/it/CodingSpace/tkllHTR/build/tkllHTR/tkllHTR.sdk/tkllHTR/Debug/tkllHTR.elf
configparams force-mem-access 0
----------------End of Script----------------

08:41:49 INFO  : Context for processor 'ps7_cortexa9_0' is selected.
08:41:49 INFO  : 'con' command is executed.
08:41:49 INFO  : ----------------XSDB Script (After Launch)----------------
targets -set -nocase -filter {name =~ "ARM*#0" && jtag_cable_name =~ "Digilent Zed 210248782650"} -index 0
con
----------------End of Script----------------

08:41:49 INFO  : Launch script is exported to file 'C:\Users\dangn\Dropbox\it\CodingSpace\tkllHTR\build\tkllHTR\tkllHTR.sdk\.sdk\launch_scripts\xilinx_c-c++_application_(system_debugger)\system_debugger_using_debug_tkllhtr.elf_on_local.tcl'
08:42:20 INFO  : Disconnected from the channel tcfchan#22.
08:42:21 INFO  : Connected to target on host '127.0.0.1' and port '3121'.
08:42:22 INFO  : Jtag cable 'Digilent Zed 210248782650' is selected.
08:42:22 INFO  : 'jtag frequency' command is executed.
08:42:22 INFO  : Sourcing of 'C:/Users/dangn/Dropbox/it/CodingSpace/tkllHTR/build/tkllHTR/tkllHTR.sdk/ZC702_hw_platform/ps7_init.tcl' is done.
08:42:22 INFO  : Context for 'APU' is selected.
08:42:22 INFO  : Hardware design information is loaded from 'C:/Users/dangn/Dropbox/it/CodingSpace/tkllHTR/build/tkllHTR/tkllHTR.sdk/ZC702_hw_platform/system.hdf'.
08:42:22 INFO  : 'configparams force-mem-access 1' command is executed.
08:42:22 INFO  : Context for 'APU' is selected.
08:42:22 INFO  : 'stop' command is executed.
08:42:22 INFO  : 'ps7_init' command is executed.
08:42:22 INFO  : 'ps7_post_config' command is executed.
08:42:22 INFO  : Context for processor 'ps7_cortexa9_0' is selected.
08:42:22 INFO  : Processor reset is completed for 'ps7_cortexa9_0'.
08:42:22 INFO  : Context for processor 'ps7_cortexa9_0' is selected.
08:42:23 INFO  : The application 'C:/Users/dangn/Dropbox/it/CodingSpace/tkllHTR/build/tkllHTR/tkllHTR.sdk/tkllHTR/Debug/tkllHTR.elf' is downloaded to processor 'ps7_cortexa9_0'.
08:42:23 INFO  : 'configparams force-mem-access 0' command is executed.
08:42:23 INFO  : ----------------XSDB Script----------------
connect -url tcp:127.0.0.1:3121
source C:/Users/dangn/Dropbox/it/CodingSpace/tkllHTR/build/tkllHTR/tkllHTR.sdk/ZC702_hw_platform/ps7_init.tcl
targets -set -nocase -filter {name =~"APU*" && jtag_cable_name =~ "Digilent Zed 210248782650"} -index 0
loadhw -hw C:/Users/dangn/Dropbox/it/CodingSpace/tkllHTR/build/tkllHTR/tkllHTR.sdk/ZC702_hw_platform/system.hdf -mem-ranges [list {0x40000000 0xbfffffff}]
configparams force-mem-access 1
targets -set -nocase -filter {name =~"APU*" && jtag_cable_name =~ "Digilent Zed 210248782650"} -index 0
stop
ps7_init
ps7_post_config
targets -set -nocase -filter {name =~ "ARM*#0" && jtag_cable_name =~ "Digilent Zed 210248782650"} -index 0
rst -processor
targets -set -nocase -filter {name =~ "ARM*#0" && jtag_cable_name =~ "Digilent Zed 210248782650"} -index 0
dow C:/Users/dangn/Dropbox/it/CodingSpace/tkllHTR/build/tkllHTR/tkllHTR.sdk/tkllHTR/Debug/tkllHTR.elf
configparams force-mem-access 0
----------------End of Script----------------

08:42:23 INFO  : Context for processor 'ps7_cortexa9_0' is selected.
08:42:23 INFO  : 'con' command is executed.
08:42:23 INFO  : ----------------XSDB Script (After Launch)----------------
targets -set -nocase -filter {name =~ "ARM*#0" && jtag_cable_name =~ "Digilent Zed 210248782650"} -index 0
con
----------------End of Script----------------

08:42:23 INFO  : Launch script is exported to file 'C:\Users\dangn\Dropbox\it\CodingSpace\tkllHTR\build\tkllHTR\tkllHTR.sdk\.sdk\launch_scripts\xilinx_c-c++_application_(system_debugger)\system_debugger_using_debug_tkllhtr.elf_on_local.tcl'
08:45:37 INFO  : Disconnected from the channel tcfchan#23.
08:45:38 INFO  : Connected to target on host '127.0.0.1' and port '3121'.
08:45:38 INFO  : Jtag cable 'Digilent Zed 210248782650' is selected.
08:45:38 INFO  : 'jtag frequency' command is executed.
08:45:38 INFO  : Sourcing of 'C:/Users/dangn/Dropbox/it/CodingSpace/tkllHTR/build/tkllHTR/tkllHTR.sdk/ZC702_hw_platform/ps7_init.tcl' is done.
08:45:38 INFO  : Context for 'APU' is selected.
08:45:38 INFO  : Hardware design information is loaded from 'C:/Users/dangn/Dropbox/it/CodingSpace/tkllHTR/build/tkllHTR/tkllHTR.sdk/ZC702_hw_platform/system.hdf'.
08:45:38 INFO  : 'configparams force-mem-access 1' command is executed.
08:45:38 INFO  : Context for 'APU' is selected.
08:45:38 INFO  : 'stop' command is executed.
08:45:39 INFO  : 'ps7_init' command is executed.
08:45:39 INFO  : 'ps7_post_config' command is executed.
08:45:39 INFO  : Context for processor 'ps7_cortexa9_0' is selected.
08:45:39 INFO  : Processor reset is completed for 'ps7_cortexa9_0'.
08:45:39 INFO  : Context for processor 'ps7_cortexa9_0' is selected.
08:45:39 INFO  : The application 'C:/Users/dangn/Dropbox/it/CodingSpace/tkllHTR/build/tkllHTR/tkllHTR.sdk/tkllHTR/Debug/tkllHTR.elf' is downloaded to processor 'ps7_cortexa9_0'.
08:45:39 INFO  : 'configparams force-mem-access 0' command is executed.
08:45:39 INFO  : ----------------XSDB Script----------------
connect -url tcp:127.0.0.1:3121
source C:/Users/dangn/Dropbox/it/CodingSpace/tkllHTR/build/tkllHTR/tkllHTR.sdk/ZC702_hw_platform/ps7_init.tcl
targets -set -nocase -filter {name =~"APU*" && jtag_cable_name =~ "Digilent Zed 210248782650"} -index 0
loadhw -hw C:/Users/dangn/Dropbox/it/CodingSpace/tkllHTR/build/tkllHTR/tkllHTR.sdk/ZC702_hw_platform/system.hdf -mem-ranges [list {0x40000000 0xbfffffff}]
configparams force-mem-access 1
targets -set -nocase -filter {name =~"APU*" && jtag_cable_name =~ "Digilent Zed 210248782650"} -index 0
stop
ps7_init
ps7_post_config
targets -set -nocase -filter {name =~ "ARM*#0" && jtag_cable_name =~ "Digilent Zed 210248782650"} -index 0
rst -processor
targets -set -nocase -filter {name =~ "ARM*#0" && jtag_cable_name =~ "Digilent Zed 210248782650"} -index 0
dow C:/Users/dangn/Dropbox/it/CodingSpace/tkllHTR/build/tkllHTR/tkllHTR.sdk/tkllHTR/Debug/tkllHTR.elf
configparams force-mem-access 0
----------------End of Script----------------

08:45:39 INFO  : Context for processor 'ps7_cortexa9_0' is selected.
08:45:39 INFO  : 'con' command is executed.
08:45:39 INFO  : ----------------XSDB Script (After Launch)----------------
targets -set -nocase -filter {name =~ "ARM*#0" && jtag_cable_name =~ "Digilent Zed 210248782650"} -index 0
con
----------------End of Script----------------

08:45:39 INFO  : Launch script is exported to file 'C:\Users\dangn\Dropbox\it\CodingSpace\tkllHTR\build\tkllHTR\tkllHTR.sdk\.sdk\launch_scripts\xilinx_c-c++_application_(system_debugger)\system_debugger_using_debug_tkllhtr.elf_on_local.tcl'
08:52:26 INFO  : Disconnected from the channel tcfchan#24.
08:52:27 INFO  : Connected to target on host '127.0.0.1' and port '3121'.
08:52:27 INFO  : Jtag cable 'Digilent Zed 210248782650' is selected.
08:52:27 INFO  : 'jtag frequency' command is executed.
08:52:27 INFO  : Sourcing of 'C:/Users/dangn/Dropbox/it/CodingSpace/tkllHTR/build/tkllHTR/tkllHTR.sdk/ZC702_hw_platform/ps7_init.tcl' is done.
08:52:27 INFO  : Context for 'APU' is selected.
08:52:27 INFO  : Hardware design information is loaded from 'C:/Users/dangn/Dropbox/it/CodingSpace/tkllHTR/build/tkllHTR/tkllHTR.sdk/ZC702_hw_platform/system.hdf'.
08:52:27 INFO  : 'configparams force-mem-access 1' command is executed.
08:52:27 INFO  : Context for 'APU' is selected.
08:52:27 INFO  : 'stop' command is executed.
08:52:28 INFO  : 'ps7_init' command is executed.
08:52:28 INFO  : 'ps7_post_config' command is executed.
08:52:28 INFO  : Context for processor 'ps7_cortexa9_0' is selected.
08:52:28 INFO  : Processor reset is completed for 'ps7_cortexa9_0'.
08:52:28 INFO  : Context for processor 'ps7_cortexa9_0' is selected.
08:52:28 INFO  : The application 'C:/Users/dangn/Dropbox/it/CodingSpace/tkllHTR/build/tkllHTR/tkllHTR.sdk/tkllHTR/Debug/tkllHTR.elf' is downloaded to processor 'ps7_cortexa9_0'.
08:52:28 INFO  : 'configparams force-mem-access 0' command is executed.
08:52:28 INFO  : ----------------XSDB Script----------------
connect -url tcp:127.0.0.1:3121
source C:/Users/dangn/Dropbox/it/CodingSpace/tkllHTR/build/tkllHTR/tkllHTR.sdk/ZC702_hw_platform/ps7_init.tcl
targets -set -nocase -filter {name =~"APU*" && jtag_cable_name =~ "Digilent Zed 210248782650"} -index 0
loadhw -hw C:/Users/dangn/Dropbox/it/CodingSpace/tkllHTR/build/tkllHTR/tkllHTR.sdk/ZC702_hw_platform/system.hdf -mem-ranges [list {0x40000000 0xbfffffff}]
configparams force-mem-access 1
targets -set -nocase -filter {name =~"APU*" && jtag_cable_name =~ "Digilent Zed 210248782650"} -index 0
stop
ps7_init
ps7_post_config
targets -set -nocase -filter {name =~ "ARM*#0" && jtag_cable_name =~ "Digilent Zed 210248782650"} -index 0
rst -processor
targets -set -nocase -filter {name =~ "ARM*#0" && jtag_cable_name =~ "Digilent Zed 210248782650"} -index 0
dow C:/Users/dangn/Dropbox/it/CodingSpace/tkllHTR/build/tkllHTR/tkllHTR.sdk/tkllHTR/Debug/tkllHTR.elf
configparams force-mem-access 0
----------------End of Script----------------

08:52:28 INFO  : Context for processor 'ps7_cortexa9_0' is selected.
08:52:28 INFO  : 'con' command is executed.
08:52:28 INFO  : ----------------XSDB Script (After Launch)----------------
targets -set -nocase -filter {name =~ "ARM*#0" && jtag_cable_name =~ "Digilent Zed 210248782650"} -index 0
con
----------------End of Script----------------

08:52:28 INFO  : Launch script is exported to file 'C:\Users\dangn\Dropbox\it\CodingSpace\tkllHTR\build\tkllHTR\tkllHTR.sdk\.sdk\launch_scripts\xilinx_c-c++_application_(system_debugger)\system_debugger_using_debug_tkllhtr.elf_on_local.tcl'
08:53:02 INFO  : Disconnected from the channel tcfchan#25.
08:53:03 INFO  : Connected to target on host '127.0.0.1' and port '3121'.
08:53:04 INFO  : Jtag cable 'Digilent Zed 210248782650' is selected.
08:53:04 INFO  : 'jtag frequency' command is executed.
08:53:04 INFO  : Sourcing of 'C:/Users/dangn/Dropbox/it/CodingSpace/tkllHTR/build/tkllHTR/tkllHTR.sdk/ZC702_hw_platform/ps7_init.tcl' is done.
08:53:04 INFO  : Context for 'APU' is selected.
08:53:04 INFO  : Hardware design information is loaded from 'C:/Users/dangn/Dropbox/it/CodingSpace/tkllHTR/build/tkllHTR/tkllHTR.sdk/ZC702_hw_platform/system.hdf'.
08:53:04 INFO  : 'configparams force-mem-access 1' command is executed.
08:53:04 INFO  : Context for 'APU' is selected.
08:53:04 INFO  : 'stop' command is executed.
08:53:04 INFO  : 'ps7_init' command is executed.
08:53:04 INFO  : 'ps7_post_config' command is executed.
08:53:04 INFO  : Context for processor 'ps7_cortexa9_0' is selected.
08:53:04 INFO  : Processor reset is completed for 'ps7_cortexa9_0'.
08:53:04 INFO  : Context for processor 'ps7_cortexa9_0' is selected.
08:53:05 INFO  : The application 'C:/Users/dangn/Dropbox/it/CodingSpace/tkllHTR/build/tkllHTR/tkllHTR.sdk/tkllHTR/Debug/tkllHTR.elf' is downloaded to processor 'ps7_cortexa9_0'.
08:53:05 INFO  : 'configparams force-mem-access 0' command is executed.
08:53:05 INFO  : ----------------XSDB Script----------------
connect -url tcp:127.0.0.1:3121
source C:/Users/dangn/Dropbox/it/CodingSpace/tkllHTR/build/tkllHTR/tkllHTR.sdk/ZC702_hw_platform/ps7_init.tcl
targets -set -nocase -filter {name =~"APU*" && jtag_cable_name =~ "Digilent Zed 210248782650"} -index 0
loadhw -hw C:/Users/dangn/Dropbox/it/CodingSpace/tkllHTR/build/tkllHTR/tkllHTR.sdk/ZC702_hw_platform/system.hdf -mem-ranges [list {0x40000000 0xbfffffff}]
configparams force-mem-access 1
targets -set -nocase -filter {name =~"APU*" && jtag_cable_name =~ "Digilent Zed 210248782650"} -index 0
stop
ps7_init
ps7_post_config
targets -set -nocase -filter {name =~ "ARM*#0" && jtag_cable_name =~ "Digilent Zed 210248782650"} -index 0
rst -processor
targets -set -nocase -filter {name =~ "ARM*#0" && jtag_cable_name =~ "Digilent Zed 210248782650"} -index 0
dow C:/Users/dangn/Dropbox/it/CodingSpace/tkllHTR/build/tkllHTR/tkllHTR.sdk/tkllHTR/Debug/tkllHTR.elf
configparams force-mem-access 0
----------------End of Script----------------

08:53:05 INFO  : Context for processor 'ps7_cortexa9_0' is selected.
08:53:05 INFO  : 'con' command is executed.
08:53:05 INFO  : ----------------XSDB Script (After Launch)----------------
targets -set -nocase -filter {name =~ "ARM*#0" && jtag_cable_name =~ "Digilent Zed 210248782650"} -index 0
con
----------------End of Script----------------

08:53:05 INFO  : Launch script is exported to file 'C:\Users\dangn\Dropbox\it\CodingSpace\tkllHTR\build\tkllHTR\tkllHTR.sdk\.sdk\launch_scripts\xilinx_c-c++_application_(system_debugger)\system_debugger_using_debug_tkllhtr.elf_on_local.tcl'
08:53:17 INFO  : Disconnected from the channel tcfchan#26.
08:53:18 INFO  : Connected to target on host '127.0.0.1' and port '3121'.
08:53:19 INFO  : Jtag cable 'Digilent Zed 210248782650' is selected.
08:53:19 INFO  : 'jtag frequency' command is executed.
08:53:19 INFO  : Sourcing of 'C:/Users/dangn/Dropbox/it/CodingSpace/tkllHTR/build/tkllHTR/tkllHTR.sdk/ZC702_hw_platform/ps7_init.tcl' is done.
08:53:19 INFO  : Context for 'APU' is selected.
08:53:19 INFO  : Hardware design information is loaded from 'C:/Users/dangn/Dropbox/it/CodingSpace/tkllHTR/build/tkllHTR/tkllHTR.sdk/ZC702_hw_platform/system.hdf'.
08:53:19 INFO  : 'configparams force-mem-access 1' command is executed.
08:53:19 INFO  : Context for 'APU' is selected.
08:53:19 INFO  : 'stop' command is executed.
08:53:19 INFO  : 'ps7_init' command is executed.
08:53:19 INFO  : 'ps7_post_config' command is executed.
08:53:19 INFO  : Context for processor 'ps7_cortexa9_0' is selected.
08:53:19 INFO  : Processor reset is completed for 'ps7_cortexa9_0'.
08:53:19 INFO  : Context for processor 'ps7_cortexa9_0' is selected.
08:53:20 INFO  : The application 'C:/Users/dangn/Dropbox/it/CodingSpace/tkllHTR/build/tkllHTR/tkllHTR.sdk/tkllHTR/Debug/tkllHTR.elf' is downloaded to processor 'ps7_cortexa9_0'.
08:53:20 INFO  : 'configparams force-mem-access 0' command is executed.
08:53:20 INFO  : ----------------XSDB Script----------------
connect -url tcp:127.0.0.1:3121
source C:/Users/dangn/Dropbox/it/CodingSpace/tkllHTR/build/tkllHTR/tkllHTR.sdk/ZC702_hw_platform/ps7_init.tcl
targets -set -nocase -filter {name =~"APU*" && jtag_cable_name =~ "Digilent Zed 210248782650"} -index 0
loadhw -hw C:/Users/dangn/Dropbox/it/CodingSpace/tkllHTR/build/tkllHTR/tkllHTR.sdk/ZC702_hw_platform/system.hdf -mem-ranges [list {0x40000000 0xbfffffff}]
configparams force-mem-access 1
targets -set -nocase -filter {name =~"APU*" && jtag_cable_name =~ "Digilent Zed 210248782650"} -index 0
stop
ps7_init
ps7_post_config
targets -set -nocase -filter {name =~ "ARM*#0" && jtag_cable_name =~ "Digilent Zed 210248782650"} -index 0
rst -processor
targets -set -nocase -filter {name =~ "ARM*#0" && jtag_cable_name =~ "Digilent Zed 210248782650"} -index 0
dow C:/Users/dangn/Dropbox/it/CodingSpace/tkllHTR/build/tkllHTR/tkllHTR.sdk/tkllHTR/Debug/tkllHTR.elf
configparams force-mem-access 0
----------------End of Script----------------

08:53:20 INFO  : Context for processor 'ps7_cortexa9_0' is selected.
08:53:20 INFO  : 'con' command is executed.
08:53:20 INFO  : ----------------XSDB Script (After Launch)----------------
targets -set -nocase -filter {name =~ "ARM*#0" && jtag_cable_name =~ "Digilent Zed 210248782650"} -index 0
con
----------------End of Script----------------

08:53:20 INFO  : Launch script is exported to file 'C:\Users\dangn\Dropbox\it\CodingSpace\tkllHTR\build\tkllHTR\tkllHTR.sdk\.sdk\launch_scripts\xilinx_c-c++_application_(system_debugger)\system_debugger_using_debug_tkllhtr.elf_on_local.tcl'
08:53:44 INFO  : Disconnected from the channel tcfchan#27.
08:53:45 INFO  : Connected to target on host '127.0.0.1' and port '3121'.
08:53:45 INFO  : Jtag cable 'Digilent Zed 210248782650' is selected.
08:53:45 INFO  : 'jtag frequency' command is executed.
08:53:45 INFO  : Sourcing of 'C:/Users/dangn/Dropbox/it/CodingSpace/tkllHTR/build/tkllHTR/tkllHTR.sdk/ZC702_hw_platform/ps7_init.tcl' is done.
08:53:45 INFO  : Context for 'APU' is selected.
08:53:45 INFO  : Hardware design information is loaded from 'C:/Users/dangn/Dropbox/it/CodingSpace/tkllHTR/build/tkllHTR/tkllHTR.sdk/ZC702_hw_platform/system.hdf'.
08:53:45 INFO  : 'configparams force-mem-access 1' command is executed.
08:53:45 INFO  : Context for 'APU' is selected.
08:53:45 INFO  : 'stop' command is executed.
08:53:46 INFO  : 'ps7_init' command is executed.
08:53:46 INFO  : 'ps7_post_config' command is executed.
08:53:46 INFO  : Context for processor 'ps7_cortexa9_0' is selected.
08:53:46 INFO  : Processor reset is completed for 'ps7_cortexa9_0'.
08:53:46 INFO  : Context for processor 'ps7_cortexa9_0' is selected.
08:53:46 INFO  : The application 'C:/Users/dangn/Dropbox/it/CodingSpace/tkllHTR/build/tkllHTR/tkllHTR.sdk/tkllHTR/Debug/tkllHTR.elf' is downloaded to processor 'ps7_cortexa9_0'.
08:53:46 INFO  : 'configparams force-mem-access 0' command is executed.
08:53:46 INFO  : ----------------XSDB Script----------------
connect -url tcp:127.0.0.1:3121
source C:/Users/dangn/Dropbox/it/CodingSpace/tkllHTR/build/tkllHTR/tkllHTR.sdk/ZC702_hw_platform/ps7_init.tcl
targets -set -nocase -filter {name =~"APU*" && jtag_cable_name =~ "Digilent Zed 210248782650"} -index 0
loadhw -hw C:/Users/dangn/Dropbox/it/CodingSpace/tkllHTR/build/tkllHTR/tkllHTR.sdk/ZC702_hw_platform/system.hdf -mem-ranges [list {0x40000000 0xbfffffff}]
configparams force-mem-access 1
targets -set -nocase -filter {name =~"APU*" && jtag_cable_name =~ "Digilent Zed 210248782650"} -index 0
stop
ps7_init
ps7_post_config
targets -set -nocase -filter {name =~ "ARM*#0" && jtag_cable_name =~ "Digilent Zed 210248782650"} -index 0
rst -processor
targets -set -nocase -filter {name =~ "ARM*#0" && jtag_cable_name =~ "Digilent Zed 210248782650"} -index 0
dow C:/Users/dangn/Dropbox/it/CodingSpace/tkllHTR/build/tkllHTR/tkllHTR.sdk/tkllHTR/Debug/tkllHTR.elf
configparams force-mem-access 0
----------------End of Script----------------

08:53:46 INFO  : Context for processor 'ps7_cortexa9_0' is selected.
08:53:46 INFO  : 'con' command is executed.
08:53:46 INFO  : ----------------XSDB Script (After Launch)----------------
targets -set -nocase -filter {name =~ "ARM*#0" && jtag_cable_name =~ "Digilent Zed 210248782650"} -index 0
con
----------------End of Script----------------

08:53:46 INFO  : Launch script is exported to file 'C:\Users\dangn\Dropbox\it\CodingSpace\tkllHTR\build\tkllHTR\tkllHTR.sdk\.sdk\launch_scripts\xilinx_c-c++_application_(system_debugger)\system_debugger_using_debug_tkllhtr.elf_on_local.tcl'
08:54:21 INFO  : Disconnected from the channel tcfchan#28.
08:54:22 INFO  : Connected to target on host '127.0.0.1' and port '3121'.
08:54:23 INFO  : Jtag cable 'Digilent Zed 210248782650' is selected.
08:54:23 INFO  : 'jtag frequency' command is executed.
08:54:23 INFO  : Sourcing of 'C:/Users/dangn/Dropbox/it/CodingSpace/tkllHTR/build/tkllHTR/tkllHTR.sdk/ZC702_hw_platform/ps7_init.tcl' is done.
08:54:23 INFO  : Context for 'APU' is selected.
08:54:23 INFO  : Hardware design information is loaded from 'C:/Users/dangn/Dropbox/it/CodingSpace/tkllHTR/build/tkllHTR/tkllHTR.sdk/ZC702_hw_platform/system.hdf'.
08:54:23 INFO  : 'configparams force-mem-access 1' command is executed.
08:54:23 INFO  : Context for 'APU' is selected.
08:54:23 INFO  : 'stop' command is executed.
08:54:23 INFO  : 'ps7_init' command is executed.
08:54:23 INFO  : 'ps7_post_config' command is executed.
08:54:23 INFO  : Context for processor 'ps7_cortexa9_0' is selected.
08:54:23 INFO  : Processor reset is completed for 'ps7_cortexa9_0'.
08:54:23 INFO  : Context for processor 'ps7_cortexa9_0' is selected.
08:54:24 INFO  : The application 'C:/Users/dangn/Dropbox/it/CodingSpace/tkllHTR/build/tkllHTR/tkllHTR.sdk/tkllHTR/Debug/tkllHTR.elf' is downloaded to processor 'ps7_cortexa9_0'.
08:54:24 INFO  : 'configparams force-mem-access 0' command is executed.
08:54:24 INFO  : ----------------XSDB Script----------------
connect -url tcp:127.0.0.1:3121
source C:/Users/dangn/Dropbox/it/CodingSpace/tkllHTR/build/tkllHTR/tkllHTR.sdk/ZC702_hw_platform/ps7_init.tcl
targets -set -nocase -filter {name =~"APU*" && jtag_cable_name =~ "Digilent Zed 210248782650"} -index 0
loadhw -hw C:/Users/dangn/Dropbox/it/CodingSpace/tkllHTR/build/tkllHTR/tkllHTR.sdk/ZC702_hw_platform/system.hdf -mem-ranges [list {0x40000000 0xbfffffff}]
configparams force-mem-access 1
targets -set -nocase -filter {name =~"APU*" && jtag_cable_name =~ "Digilent Zed 210248782650"} -index 0
stop
ps7_init
ps7_post_config
targets -set -nocase -filter {name =~ "ARM*#0" && jtag_cable_name =~ "Digilent Zed 210248782650"} -index 0
rst -processor
targets -set -nocase -filter {name =~ "ARM*#0" && jtag_cable_name =~ "Digilent Zed 210248782650"} -index 0
dow C:/Users/dangn/Dropbox/it/CodingSpace/tkllHTR/build/tkllHTR/tkllHTR.sdk/tkllHTR/Debug/tkllHTR.elf
configparams force-mem-access 0
----------------End of Script----------------

08:54:24 INFO  : Context for processor 'ps7_cortexa9_0' is selected.
08:54:24 INFO  : 'con' command is executed.
08:54:24 INFO  : ----------------XSDB Script (After Launch)----------------
targets -set -nocase -filter {name =~ "ARM*#0" && jtag_cable_name =~ "Digilent Zed 210248782650"} -index 0
con
----------------End of Script----------------

08:54:24 INFO  : Launch script is exported to file 'C:\Users\dangn\Dropbox\it\CodingSpace\tkllHTR\build\tkllHTR\tkllHTR.sdk\.sdk\launch_scripts\xilinx_c-c++_application_(system_debugger)\system_debugger_using_debug_tkllhtr.elf_on_local.tcl'
08:55:37 INFO  : Disconnected from the channel tcfchan#29.
08:55:38 INFO  : Connected to target on host '127.0.0.1' and port '3121'.
08:55:38 INFO  : Jtag cable 'Digilent Zed 210248782650' is selected.
08:55:38 INFO  : 'jtag frequency' command is executed.
08:55:38 INFO  : Sourcing of 'C:/Users/dangn/Dropbox/it/CodingSpace/tkllHTR/build/tkllHTR/tkllHTR.sdk/ZC702_hw_platform/ps7_init.tcl' is done.
08:55:38 INFO  : Context for 'APU' is selected.
08:55:38 INFO  : Hardware design information is loaded from 'C:/Users/dangn/Dropbox/it/CodingSpace/tkllHTR/build/tkllHTR/tkllHTR.sdk/ZC702_hw_platform/system.hdf'.
08:55:38 INFO  : 'configparams force-mem-access 1' command is executed.
08:55:38 INFO  : Context for 'APU' is selected.
08:55:38 INFO  : 'stop' command is executed.
08:55:39 INFO  : 'ps7_init' command is executed.
08:55:39 INFO  : 'ps7_post_config' command is executed.
08:55:39 INFO  : Context for processor 'ps7_cortexa9_0' is selected.
08:55:39 INFO  : Processor reset is completed for 'ps7_cortexa9_0'.
08:55:39 INFO  : Context for processor 'ps7_cortexa9_0' is selected.
08:55:39 INFO  : The application 'C:/Users/dangn/Dropbox/it/CodingSpace/tkllHTR/build/tkllHTR/tkllHTR.sdk/tkllHTR/Debug/tkllHTR.elf' is downloaded to processor 'ps7_cortexa9_0'.
08:55:39 INFO  : 'configparams force-mem-access 0' command is executed.
08:55:39 INFO  : ----------------XSDB Script----------------
connect -url tcp:127.0.0.1:3121
source C:/Users/dangn/Dropbox/it/CodingSpace/tkllHTR/build/tkllHTR/tkllHTR.sdk/ZC702_hw_platform/ps7_init.tcl
targets -set -nocase -filter {name =~"APU*" && jtag_cable_name =~ "Digilent Zed 210248782650"} -index 0
loadhw -hw C:/Users/dangn/Dropbox/it/CodingSpace/tkllHTR/build/tkllHTR/tkllHTR.sdk/ZC702_hw_platform/system.hdf -mem-ranges [list {0x40000000 0xbfffffff}]
configparams force-mem-access 1
targets -set -nocase -filter {name =~"APU*" && jtag_cable_name =~ "Digilent Zed 210248782650"} -index 0
stop
ps7_init
ps7_post_config
targets -set -nocase -filter {name =~ "ARM*#0" && jtag_cable_name =~ "Digilent Zed 210248782650"} -index 0
rst -processor
targets -set -nocase -filter {name =~ "ARM*#0" && jtag_cable_name =~ "Digilent Zed 210248782650"} -index 0
dow C:/Users/dangn/Dropbox/it/CodingSpace/tkllHTR/build/tkllHTR/tkllHTR.sdk/tkllHTR/Debug/tkllHTR.elf
configparams force-mem-access 0
----------------End of Script----------------

08:55:39 INFO  : Context for processor 'ps7_cortexa9_0' is selected.
08:55:39 INFO  : 'con' command is executed.
08:55:39 INFO  : ----------------XSDB Script (After Launch)----------------
targets -set -nocase -filter {name =~ "ARM*#0" && jtag_cable_name =~ "Digilent Zed 210248782650"} -index 0
con
----------------End of Script----------------

08:55:39 INFO  : Launch script is exported to file 'C:\Users\dangn\Dropbox\it\CodingSpace\tkllHTR\build\tkllHTR\tkllHTR.sdk\.sdk\launch_scripts\xilinx_c-c++_application_(system_debugger)\system_debugger_using_debug_tkllhtr.elf_on_local.tcl'
08:58:37 INFO  : Disconnected from the channel tcfchan#30.
08:58:38 INFO  : Connected to target on host '127.0.0.1' and port '3121'.
08:58:38 INFO  : Jtag cable 'Digilent Zed 210248782650' is selected.
08:58:38 INFO  : 'jtag frequency' command is executed.
08:58:38 INFO  : Sourcing of 'C:/Users/dangn/Dropbox/it/CodingSpace/tkllHTR/build/tkllHTR/tkllHTR.sdk/ZC702_hw_platform/ps7_init.tcl' is done.
08:58:38 INFO  : Context for 'APU' is selected.
08:58:38 INFO  : Hardware design information is loaded from 'C:/Users/dangn/Dropbox/it/CodingSpace/tkllHTR/build/tkllHTR/tkllHTR.sdk/ZC702_hw_platform/system.hdf'.
08:58:38 INFO  : 'configparams force-mem-access 1' command is executed.
08:58:38 INFO  : Context for 'APU' is selected.
08:58:38 INFO  : 'stop' command is executed.
08:58:38 INFO  : 'ps7_init' command is executed.
08:58:38 INFO  : 'ps7_post_config' command is executed.
08:58:39 INFO  : Context for processor 'ps7_cortexa9_0' is selected.
08:58:39 INFO  : Processor reset is completed for 'ps7_cortexa9_0'.
08:58:39 INFO  : Context for processor 'ps7_cortexa9_0' is selected.
08:58:39 INFO  : The application 'C:/Users/dangn/Dropbox/it/CodingSpace/tkllHTR/build/tkllHTR/tkllHTR.sdk/tkllHTR/Debug/tkllHTR.elf' is downloaded to processor 'ps7_cortexa9_0'.
08:58:39 INFO  : 'configparams force-mem-access 0' command is executed.
08:58:39 INFO  : ----------------XSDB Script----------------
connect -url tcp:127.0.0.1:3121
source C:/Users/dangn/Dropbox/it/CodingSpace/tkllHTR/build/tkllHTR/tkllHTR.sdk/ZC702_hw_platform/ps7_init.tcl
targets -set -nocase -filter {name =~"APU*" && jtag_cable_name =~ "Digilent Zed 210248782650"} -index 0
loadhw -hw C:/Users/dangn/Dropbox/it/CodingSpace/tkllHTR/build/tkllHTR/tkllHTR.sdk/ZC702_hw_platform/system.hdf -mem-ranges [list {0x40000000 0xbfffffff}]
configparams force-mem-access 1
targets -set -nocase -filter {name =~"APU*" && jtag_cable_name =~ "Digilent Zed 210248782650"} -index 0
stop
ps7_init
ps7_post_config
targets -set -nocase -filter {name =~ "ARM*#0" && jtag_cable_name =~ "Digilent Zed 210248782650"} -index 0
rst -processor
targets -set -nocase -filter {name =~ "ARM*#0" && jtag_cable_name =~ "Digilent Zed 210248782650"} -index 0
dow C:/Users/dangn/Dropbox/it/CodingSpace/tkllHTR/build/tkllHTR/tkllHTR.sdk/tkllHTR/Debug/tkllHTR.elf
configparams force-mem-access 0
----------------End of Script----------------

08:58:39 INFO  : Context for processor 'ps7_cortexa9_0' is selected.
08:58:39 INFO  : 'con' command is executed.
08:58:39 INFO  : ----------------XSDB Script (After Launch)----------------
targets -set -nocase -filter {name =~ "ARM*#0" && jtag_cable_name =~ "Digilent Zed 210248782650"} -index 0
con
----------------End of Script----------------

08:58:39 INFO  : Launch script is exported to file 'C:\Users\dangn\Dropbox\it\CodingSpace\tkllHTR\build\tkllHTR\tkllHTR.sdk\.sdk\launch_scripts\xilinx_c-c++_application_(system_debugger)\system_debugger_using_debug_tkllhtr.elf_on_local.tcl'
08:59:13 INFO  : Disconnected from the channel tcfchan#31.
08:59:14 INFO  : Connected to target on host '127.0.0.1' and port '3121'.
08:59:14 INFO  : Jtag cable 'Digilent Zed 210248782650' is selected.
08:59:14 INFO  : 'jtag frequency' command is executed.
08:59:14 INFO  : Sourcing of 'C:/Users/dangn/Dropbox/it/CodingSpace/tkllHTR/build/tkllHTR/tkllHTR.sdk/ZC702_hw_platform/ps7_init.tcl' is done.
08:59:14 INFO  : Context for 'APU' is selected.
08:59:14 INFO  : Hardware design information is loaded from 'C:/Users/dangn/Dropbox/it/CodingSpace/tkllHTR/build/tkllHTR/tkllHTR.sdk/ZC702_hw_platform/system.hdf'.
08:59:14 INFO  : 'configparams force-mem-access 1' command is executed.
08:59:14 INFO  : Context for 'APU' is selected.
08:59:14 INFO  : 'stop' command is executed.
08:59:15 INFO  : 'ps7_init' command is executed.
08:59:15 INFO  : 'ps7_post_config' command is executed.
08:59:15 INFO  : Context for processor 'ps7_cortexa9_0' is selected.
08:59:15 INFO  : Processor reset is completed for 'ps7_cortexa9_0'.
08:59:15 INFO  : Context for processor 'ps7_cortexa9_0' is selected.
08:59:15 INFO  : The application 'C:/Users/dangn/Dropbox/it/CodingSpace/tkllHTR/build/tkllHTR/tkllHTR.sdk/tkllHTR/Debug/tkllHTR.elf' is downloaded to processor 'ps7_cortexa9_0'.
08:59:15 INFO  : 'configparams force-mem-access 0' command is executed.
08:59:15 INFO  : ----------------XSDB Script----------------
connect -url tcp:127.0.0.1:3121
source C:/Users/dangn/Dropbox/it/CodingSpace/tkllHTR/build/tkllHTR/tkllHTR.sdk/ZC702_hw_platform/ps7_init.tcl
targets -set -nocase -filter {name =~"APU*" && jtag_cable_name =~ "Digilent Zed 210248782650"} -index 0
loadhw -hw C:/Users/dangn/Dropbox/it/CodingSpace/tkllHTR/build/tkllHTR/tkllHTR.sdk/ZC702_hw_platform/system.hdf -mem-ranges [list {0x40000000 0xbfffffff}]
configparams force-mem-access 1
targets -set -nocase -filter {name =~"APU*" && jtag_cable_name =~ "Digilent Zed 210248782650"} -index 0
stop
ps7_init
ps7_post_config
targets -set -nocase -filter {name =~ "ARM*#0" && jtag_cable_name =~ "Digilent Zed 210248782650"} -index 0
rst -processor
targets -set -nocase -filter {name =~ "ARM*#0" && jtag_cable_name =~ "Digilent Zed 210248782650"} -index 0
dow C:/Users/dangn/Dropbox/it/CodingSpace/tkllHTR/build/tkllHTR/tkllHTR.sdk/tkllHTR/Debug/tkllHTR.elf
configparams force-mem-access 0
----------------End of Script----------------

08:59:15 INFO  : Context for processor 'ps7_cortexa9_0' is selected.
08:59:15 INFO  : 'con' command is executed.
08:59:15 INFO  : ----------------XSDB Script (After Launch)----------------
targets -set -nocase -filter {name =~ "ARM*#0" && jtag_cable_name =~ "Digilent Zed 210248782650"} -index 0
con
----------------End of Script----------------

08:59:15 INFO  : Launch script is exported to file 'C:\Users\dangn\Dropbox\it\CodingSpace\tkllHTR\build\tkllHTR\tkllHTR.sdk\.sdk\launch_scripts\xilinx_c-c++_application_(system_debugger)\system_debugger_using_debug_tkllhtr.elf_on_local.tcl'
09:00:33 INFO  : Disconnected from the channel tcfchan#32.
09:00:34 INFO  : Connected to target on host '127.0.0.1' and port '3121'.
09:00:34 INFO  : Jtag cable 'Digilent Zed 210248782650' is selected.
09:00:34 INFO  : 'jtag frequency' command is executed.
09:00:34 INFO  : Sourcing of 'C:/Users/dangn/Dropbox/it/CodingSpace/tkllHTR/build/tkllHTR/tkllHTR.sdk/ZC702_hw_platform/ps7_init.tcl' is done.
09:00:34 INFO  : Context for 'APU' is selected.
09:00:34 INFO  : Hardware design information is loaded from 'C:/Users/dangn/Dropbox/it/CodingSpace/tkllHTR/build/tkllHTR/tkllHTR.sdk/ZC702_hw_platform/system.hdf'.
09:00:34 INFO  : 'configparams force-mem-access 1' command is executed.
09:00:35 INFO  : Context for 'APU' is selected.
09:00:35 INFO  : 'stop' command is executed.
09:00:35 INFO  : 'ps7_init' command is executed.
09:00:35 INFO  : 'ps7_post_config' command is executed.
09:00:35 INFO  : Context for processor 'ps7_cortexa9_0' is selected.
09:00:35 INFO  : Processor reset is completed for 'ps7_cortexa9_0'.
09:00:35 INFO  : Context for processor 'ps7_cortexa9_0' is selected.
09:00:35 INFO  : The application 'C:/Users/dangn/Dropbox/it/CodingSpace/tkllHTR/build/tkllHTR/tkllHTR.sdk/tkllHTR/Debug/tkllHTR.elf' is downloaded to processor 'ps7_cortexa9_0'.
09:00:35 INFO  : 'configparams force-mem-access 0' command is executed.
09:00:35 INFO  : ----------------XSDB Script----------------
connect -url tcp:127.0.0.1:3121
source C:/Users/dangn/Dropbox/it/CodingSpace/tkllHTR/build/tkllHTR/tkllHTR.sdk/ZC702_hw_platform/ps7_init.tcl
targets -set -nocase -filter {name =~"APU*" && jtag_cable_name =~ "Digilent Zed 210248782650"} -index 0
loadhw -hw C:/Users/dangn/Dropbox/it/CodingSpace/tkllHTR/build/tkllHTR/tkllHTR.sdk/ZC702_hw_platform/system.hdf -mem-ranges [list {0x40000000 0xbfffffff}]
configparams force-mem-access 1
targets -set -nocase -filter {name =~"APU*" && jtag_cable_name =~ "Digilent Zed 210248782650"} -index 0
stop
ps7_init
ps7_post_config
targets -set -nocase -filter {name =~ "ARM*#0" && jtag_cable_name =~ "Digilent Zed 210248782650"} -index 0
rst -processor
targets -set -nocase -filter {name =~ "ARM*#0" && jtag_cable_name =~ "Digilent Zed 210248782650"} -index 0
dow C:/Users/dangn/Dropbox/it/CodingSpace/tkllHTR/build/tkllHTR/tkllHTR.sdk/tkllHTR/Debug/tkllHTR.elf
configparams force-mem-access 0
----------------End of Script----------------

09:00:35 INFO  : Context for processor 'ps7_cortexa9_0' is selected.
09:00:35 INFO  : 'con' command is executed.
09:00:35 INFO  : ----------------XSDB Script (After Launch)----------------
targets -set -nocase -filter {name =~ "ARM*#0" && jtag_cable_name =~ "Digilent Zed 210248782650"} -index 0
con
----------------End of Script----------------

09:00:35 INFO  : Launch script is exported to file 'C:\Users\dangn\Dropbox\it\CodingSpace\tkllHTR\build\tkllHTR\tkllHTR.sdk\.sdk\launch_scripts\xilinx_c-c++_application_(system_debugger)\system_debugger_using_debug_tkllhtr.elf_on_local.tcl'
