23:14:15 INFO  : Registering command handlers for SDK TCF services
23:14:16 INFO  : Launching XSCT server: xsct.bat -interactive C:\Users\dangn\Dropbox\it\CodingSpace\tkllHTR\build\tkllHTR.sdk\temp_xsdb_launch_script.tcl
23:14:21 INFO  : XSCT server has started successfully.
23:14:25 INFO  : Processing command line option -hwspec C:/Users/dangn/Dropbox/it/CodingSpace/tkllHTR/build/tkllHTR.sdk/tkllHTR_wrapper.hdf.
23:14:25 INFO  : Successfully done setting XSCT server connection channel  
23:14:25 INFO  : Successfully done setting SDK workspace  
23:19:04 INFO  : Connected to target on host '127.0.0.1' and port '3121'.
23:19:05 INFO  : 'targets -set -filter {jtag_cable_name =~ "Digilent Zed 210248782650" && level==0} -index 1' command is executed.
23:19:07 INFO  : FPGA configured successfully with bitstream "C:/Users/dangn/Dropbox/it/CodingSpace/tkllHTR/build/tkllHTR.sdk/tkllHTR_wrapper_hw_platform_0/tkllHTR_wrapper.bit"
23:19:20 INFO  : 'targets -set -filter {jtag_cable_name =~ "Digilent Zed 210248782650" && level==0} -index 1' command is executed.
23:19:20 INFO  : 'fpga -state' command is executed.
23:19:20 INFO  : Connected to target on host '127.0.0.1' and port '3121'.
23:19:21 INFO  : Jtag cable 'Digilent Zed 210248782650' is selected.
23:19:21 INFO  : 'jtag frequency' command is executed.
23:19:21 INFO  : Sourcing of 'C:/Users/dangn/Dropbox/it/CodingSpace/tkllHTR/build/tkllHTR.sdk/tkllHTR_wrapper_hw_platform_0/ps7_init.tcl' is done.
23:19:21 INFO  : Context for 'APU' is selected.
23:19:21 INFO  : Hardware design information is loaded from 'C:/Users/dangn/Dropbox/it/CodingSpace/tkllHTR/build/tkllHTR.sdk/tkllHTR_wrapper_hw_platform_0/system.hdf'.
23:19:21 INFO  : 'configparams force-mem-access 1' command is executed.
23:19:21 INFO  : Context for 'APU' is selected.
23:19:21 INFO  : 'stop' command is executed.
23:19:22 INFO  : 'ps7_init' command is executed.
23:19:22 INFO  : 'ps7_post_config' command is executed.
23:19:22 INFO  : Context for processor 'ps7_cortexa9_0' is selected.
23:19:22 INFO  : Processor reset is completed for 'ps7_cortexa9_0'.
23:19:22 INFO  : Context for processor 'ps7_cortexa9_0' is selected.
23:19:22 INFO  : The application 'C:/Users/dangn/Dropbox/it/CodingSpace/tkllHTR/build/tkllHTR.sdk/tkllHTR/Debug/tkllHTR.elf' is downloaded to processor 'ps7_cortexa9_0'.
23:19:22 INFO  : 'configparams force-mem-access 0' command is executed.
23:19:22 INFO  : ----------------XSDB Script----------------
connect -url tcp:127.0.0.1:3121
source C:/Users/dangn/Dropbox/it/CodingSpace/tkllHTR/build/tkllHTR.sdk/tkllHTR_wrapper_hw_platform_0/ps7_init.tcl
targets -set -nocase -filter {name =~"APU*" && jtag_cable_name =~ "Digilent Zed 210248782650"} -index 0
loadhw -hw C:/Users/dangn/Dropbox/it/CodingSpace/tkllHTR/build/tkllHTR.sdk/tkllHTR_wrapper_hw_platform_0/system.hdf -mem-ranges [list {0x40000000 0xbfffffff}]
configparams force-mem-access 1
targets -set -nocase -filter {name =~"APU*" && jtag_cable_name =~ "Digilent Zed 210248782650"} -index 0
stop
ps7_init
ps7_post_config
targets -set -nocase -filter {name =~ "ARM*#0" && jtag_cable_name =~ "Digilent Zed 210248782650"} -index 0
rst -processor
targets -set -nocase -filter {name =~ "ARM*#0" && jtag_cable_name =~ "Digilent Zed 210248782650"} -index 0
dow C:/Users/dangn/Dropbox/it/CodingSpace/tkllHTR/build/tkllHTR.sdk/tkllHTR/Debug/tkllHTR.elf
configparams force-mem-access 0
----------------End of Script----------------

23:19:22 INFO  : Memory regions updated for context APU
23:19:23 INFO  : Context for processor 'ps7_cortexa9_0' is selected.
23:19:23 INFO  : 'con' command is executed.
23:19:23 INFO  : ----------------XSDB Script (After Launch)----------------
targets -set -nocase -filter {name =~ "ARM*#0" && jtag_cable_name =~ "Digilent Zed 210248782650"} -index 0
con
----------------End of Script----------------

23:19:23 INFO  : Launch script is exported to file 'C:\Users\dangn\Dropbox\it\CodingSpace\tkllHTR\build\tkllHTR.sdk\.sdk\launch_scripts\xilinx_c-c++_application_(system_debugger)\system_debugger_using_debug_tkllhtr.elf_on_local.tcl'
23:54:49 INFO  : Disconnected from the channel tcfchan#1.
23:54:50 INFO  : 'targets -set -filter {jtag_cable_name =~ "Digilent Zed 210248782650" && level==0} -index 1' command is executed.
23:54:50 INFO  : 'fpga -state' command is executed.
23:54:50 INFO  : Connected to target on host '127.0.0.1' and port '3121'.
23:54:51 INFO  : Jtag cable 'Digilent Zed 210248782650' is selected.
23:54:51 INFO  : 'jtag frequency' command is executed.
23:54:51 INFO  : Sourcing of 'C:/Users/dangn/Dropbox/it/CodingSpace/tkllHTR/build/tkllHTR.sdk/tkllHTR_wrapper_hw_platform_0/ps7_init.tcl' is done.
23:54:51 INFO  : Context for 'APU' is selected.
23:54:54 INFO  : Hardware design information is loaded from 'C:/Users/dangn/Dropbox/it/CodingSpace/tkllHTR/build/tkllHTR.sdk/tkllHTR_wrapper_hw_platform_0/system.hdf'.
23:54:54 INFO  : 'configparams force-mem-access 1' command is executed.
23:54:54 INFO  : Context for 'APU' is selected.
23:54:54 INFO  : 'stop' command is executed.
23:54:55 INFO  : 'ps7_init' command is executed.
23:54:55 INFO  : 'ps7_post_config' command is executed.
23:54:55 INFO  : Context for processor 'ps7_cortexa9_0' is selected.
23:54:55 INFO  : Processor reset is completed for 'ps7_cortexa9_0'.
23:54:55 INFO  : Context for processor 'ps7_cortexa9_0' is selected.
23:54:55 INFO  : The application 'C:/Users/dangn/Dropbox/it/CodingSpace/tkllHTR/build/tkllHTR.sdk/tkllHTR/Debug/tkllHTR.elf' is downloaded to processor 'ps7_cortexa9_0'.
23:54:55 INFO  : 'configparams force-mem-access 0' command is executed.
23:54:55 INFO  : ----------------XSDB Script----------------
connect -url tcp:127.0.0.1:3121
source C:/Users/dangn/Dropbox/it/CodingSpace/tkllHTR/build/tkllHTR.sdk/tkllHTR_wrapper_hw_platform_0/ps7_init.tcl
targets -set -nocase -filter {name =~"APU*" && jtag_cable_name =~ "Digilent Zed 210248782650"} -index 0
loadhw -hw C:/Users/dangn/Dropbox/it/CodingSpace/tkllHTR/build/tkllHTR.sdk/tkllHTR_wrapper_hw_platform_0/system.hdf -mem-ranges [list {0x40000000 0xbfffffff}]
configparams force-mem-access 1
targets -set -nocase -filter {name =~"APU*" && jtag_cable_name =~ "Digilent Zed 210248782650"} -index 0
stop
ps7_init
ps7_post_config
targets -set -nocase -filter {name =~ "ARM*#0" && jtag_cable_name =~ "Digilent Zed 210248782650"} -index 0
rst -processor
targets -set -nocase -filter {name =~ "ARM*#0" && jtag_cable_name =~ "Digilent Zed 210248782650"} -index 0
dow C:/Users/dangn/Dropbox/it/CodingSpace/tkllHTR/build/tkllHTR.sdk/tkllHTR/Debug/tkllHTR.elf
configparams force-mem-access 0
----------------End of Script----------------

23:54:55 INFO  : Memory regions updated for context APU
23:54:55 INFO  : Context for processor 'ps7_cortexa9_0' is selected.
23:54:55 INFO  : 'con' command is executed.
23:54:55 INFO  : ----------------XSDB Script (After Launch)----------------
targets -set -nocase -filter {name =~ "ARM*#0" && jtag_cable_name =~ "Digilent Zed 210248782650"} -index 0
con
----------------End of Script----------------

23:54:55 INFO  : Launch script is exported to file 'C:\Users\dangn\Dropbox\it\CodingSpace\tkllHTR\build\tkllHTR.sdk\.sdk\launch_scripts\xilinx_c-c++_application_(system_debugger)\system_debugger_using_debug_tkllhtr.elf_on_local.tcl'
00:02:33 INFO  : Disconnected from the channel tcfchan#2.
00:02:35 INFO  : 'targets -set -filter {jtag_cable_name =~ "Digilent Zed 210248782650" && level==0} -index 1' command is executed.
00:02:35 INFO  : 'fpga -state' command is executed.
00:02:35 INFO  : Connected to target on host '127.0.0.1' and port '3121'.
00:02:35 INFO  : Jtag cable 'Digilent Zed 210248782650' is selected.
00:02:35 INFO  : 'jtag frequency' command is executed.
00:02:35 INFO  : Sourcing of 'C:/Users/dangn/Dropbox/it/CodingSpace/tkllHTR/build/tkllHTR.sdk/tkllHTR_wrapper_hw_platform_0/ps7_init.tcl' is done.
00:02:35 INFO  : Context for 'APU' is selected.
00:02:38 INFO  : Hardware design information is loaded from 'C:/Users/dangn/Dropbox/it/CodingSpace/tkllHTR/build/tkllHTR.sdk/tkllHTR_wrapper_hw_platform_0/system.hdf'.
00:02:38 INFO  : 'configparams force-mem-access 1' command is executed.
00:02:38 INFO  : Context for 'APU' is selected.
00:02:38 INFO  : 'stop' command is executed.
00:02:39 INFO  : 'ps7_init' command is executed.
00:02:39 INFO  : 'ps7_post_config' command is executed.
00:02:39 INFO  : Context for processor 'ps7_cortexa9_0' is selected.
00:02:39 INFO  : Processor reset is completed for 'ps7_cortexa9_0'.
00:02:39 INFO  : Context for processor 'ps7_cortexa9_0' is selected.
00:02:39 INFO  : The application 'C:/Users/dangn/Dropbox/it/CodingSpace/tkllHTR/build/tkllHTR.sdk/tkllHTR/Debug/tkllHTR.elf' is downloaded to processor 'ps7_cortexa9_0'.
00:02:39 INFO  : 'configparams force-mem-access 0' command is executed.
00:02:39 INFO  : ----------------XSDB Script----------------
connect -url tcp:127.0.0.1:3121
source C:/Users/dangn/Dropbox/it/CodingSpace/tkllHTR/build/tkllHTR.sdk/tkllHTR_wrapper_hw_platform_0/ps7_init.tcl
targets -set -nocase -filter {name =~"APU*" && jtag_cable_name =~ "Digilent Zed 210248782650"} -index 0
loadhw -hw C:/Users/dangn/Dropbox/it/CodingSpace/tkllHTR/build/tkllHTR.sdk/tkllHTR_wrapper_hw_platform_0/system.hdf -mem-ranges [list {0x40000000 0xbfffffff}]
configparams force-mem-access 1
targets -set -nocase -filter {name =~"APU*" && jtag_cable_name =~ "Digilent Zed 210248782650"} -index 0
stop
ps7_init
ps7_post_config
targets -set -nocase -filter {name =~ "ARM*#0" && jtag_cable_name =~ "Digilent Zed 210248782650"} -index 0
rst -processor
targets -set -nocase -filter {name =~ "ARM*#0" && jtag_cable_name =~ "Digilent Zed 210248782650"} -index 0
dow C:/Users/dangn/Dropbox/it/CodingSpace/tkllHTR/build/tkllHTR.sdk/tkllHTR/Debug/tkllHTR.elf
configparams force-mem-access 0
----------------End of Script----------------

00:02:39 INFO  : Memory regions updated for context APU
00:02:39 INFO  : Context for processor 'ps7_cortexa9_0' is selected.
00:02:39 INFO  : 'con' command is executed.
00:02:39 INFO  : ----------------XSDB Script (After Launch)----------------
targets -set -nocase -filter {name =~ "ARM*#0" && jtag_cable_name =~ "Digilent Zed 210248782650"} -index 0
con
----------------End of Script----------------

00:02:39 INFO  : Launch script is exported to file 'C:\Users\dangn\Dropbox\it\CodingSpace\tkllHTR\build\tkllHTR.sdk\.sdk\launch_scripts\xilinx_c-c++_application_(system_debugger)\system_debugger_using_debug_tkllhtr.elf_on_local.tcl'
00:03:35 INFO  : Disconnected from the channel tcfchan#3.
00:03:37 INFO  : 'targets -set -filter {jtag_cable_name =~ "Digilent Zed 210248782650" && level==0} -index 1' command is executed.
00:03:37 INFO  : 'fpga -state' command is executed.
00:03:37 INFO  : Connected to target on host '127.0.0.1' and port '3121'.
00:03:37 INFO  : Jtag cable 'Digilent Zed 210248782650' is selected.
00:03:37 INFO  : 'jtag frequency' command is executed.
00:03:37 INFO  : Sourcing of 'C:/Users/dangn/Dropbox/it/CodingSpace/tkllHTR/build/tkllHTR.sdk/tkllHTR_wrapper_hw_platform_0/ps7_init.tcl' is done.
00:03:37 INFO  : Context for 'APU' is selected.
00:03:40 INFO  : Hardware design information is loaded from 'C:/Users/dangn/Dropbox/it/CodingSpace/tkllHTR/build/tkllHTR.sdk/tkllHTR_wrapper_hw_platform_0/system.hdf'.
00:03:40 INFO  : 'configparams force-mem-access 1' command is executed.
00:03:40 INFO  : Context for 'APU' is selected.
00:03:40 INFO  : 'stop' command is executed.
00:03:41 INFO  : 'ps7_init' command is executed.
00:03:41 INFO  : 'ps7_post_config' command is executed.
00:03:41 INFO  : Context for processor 'ps7_cortexa9_0' is selected.
00:03:41 INFO  : Processor reset is completed for 'ps7_cortexa9_0'.
00:03:41 INFO  : Context for processor 'ps7_cortexa9_0' is selected.
00:03:41 INFO  : The application 'C:/Users/dangn/Dropbox/it/CodingSpace/tkllHTR/build/tkllHTR.sdk/tkllHTR/Debug/tkllHTR.elf' is downloaded to processor 'ps7_cortexa9_0'.
00:03:41 INFO  : 'configparams force-mem-access 0' command is executed.
00:03:41 INFO  : ----------------XSDB Script----------------
connect -url tcp:127.0.0.1:3121
source C:/Users/dangn/Dropbox/it/CodingSpace/tkllHTR/build/tkllHTR.sdk/tkllHTR_wrapper_hw_platform_0/ps7_init.tcl
targets -set -nocase -filter {name =~"APU*" && jtag_cable_name =~ "Digilent Zed 210248782650"} -index 0
loadhw -hw C:/Users/dangn/Dropbox/it/CodingSpace/tkllHTR/build/tkllHTR.sdk/tkllHTR_wrapper_hw_platform_0/system.hdf -mem-ranges [list {0x40000000 0xbfffffff}]
configparams force-mem-access 1
targets -set -nocase -filter {name =~"APU*" && jtag_cable_name =~ "Digilent Zed 210248782650"} -index 0
stop
ps7_init
ps7_post_config
targets -set -nocase -filter {name =~ "ARM*#0" && jtag_cable_name =~ "Digilent Zed 210248782650"} -index 0
rst -processor
targets -set -nocase -filter {name =~ "ARM*#0" && jtag_cable_name =~ "Digilent Zed 210248782650"} -index 0
dow C:/Users/dangn/Dropbox/it/CodingSpace/tkllHTR/build/tkllHTR.sdk/tkllHTR/Debug/tkllHTR.elf
configparams force-mem-access 0
----------------End of Script----------------

00:03:41 INFO  : Memory regions updated for context APU
00:03:41 INFO  : Context for processor 'ps7_cortexa9_0' is selected.
00:03:41 INFO  : 'con' command is executed.
00:03:41 INFO  : ----------------XSDB Script (After Launch)----------------
targets -set -nocase -filter {name =~ "ARM*#0" && jtag_cable_name =~ "Digilent Zed 210248782650"} -index 0
con
----------------End of Script----------------

00:03:41 INFO  : Launch script is exported to file 'C:\Users\dangn\Dropbox\it\CodingSpace\tkllHTR\build\tkllHTR.sdk\.sdk\launch_scripts\xilinx_c-c++_application_(system_debugger)\system_debugger_using_debug_tkllhtr.elf_on_local.tcl'
00:04:43 INFO  : Disconnected from the channel tcfchan#4.
00:04:44 INFO  : 'targets -set -filter {jtag_cable_name =~ "Digilent Zed 210248782650" && level==0} -index 1' command is executed.
00:04:44 INFO  : 'fpga -state' command is executed.
00:04:44 INFO  : Connected to target on host '127.0.0.1' and port '3121'.
00:04:45 INFO  : Jtag cable 'Digilent Zed 210248782650' is selected.
00:04:45 INFO  : 'jtag frequency' command is executed.
00:04:45 INFO  : Sourcing of 'C:/Users/dangn/Dropbox/it/CodingSpace/tkllHTR/build/tkllHTR.sdk/tkllHTR_wrapper_hw_platform_0/ps7_init.tcl' is done.
00:04:45 INFO  : Context for 'APU' is selected.
00:04:48 INFO  : Hardware design information is loaded from 'C:/Users/dangn/Dropbox/it/CodingSpace/tkllHTR/build/tkllHTR.sdk/tkllHTR_wrapper_hw_platform_0/system.hdf'.
00:04:48 INFO  : 'configparams force-mem-access 1' command is executed.
00:04:48 INFO  : Context for 'APU' is selected.
00:04:48 INFO  : 'stop' command is executed.
00:04:48 INFO  : 'ps7_init' command is executed.
00:04:48 INFO  : 'ps7_post_config' command is executed.
00:04:48 INFO  : Context for processor 'ps7_cortexa9_0' is selected.
00:04:48 INFO  : Processor reset is completed for 'ps7_cortexa9_0'.
00:04:48 INFO  : Context for processor 'ps7_cortexa9_0' is selected.
00:04:49 INFO  : The application 'C:/Users/dangn/Dropbox/it/CodingSpace/tkllHTR/build/tkllHTR.sdk/tkllHTR/Debug/tkllHTR.elf' is downloaded to processor 'ps7_cortexa9_0'.
00:04:49 INFO  : 'configparams force-mem-access 0' command is executed.
00:04:49 INFO  : ----------------XSDB Script----------------
connect -url tcp:127.0.0.1:3121
source C:/Users/dangn/Dropbox/it/CodingSpace/tkllHTR/build/tkllHTR.sdk/tkllHTR_wrapper_hw_platform_0/ps7_init.tcl
targets -set -nocase -filter {name =~"APU*" && jtag_cable_name =~ "Digilent Zed 210248782650"} -index 0
loadhw -hw C:/Users/dangn/Dropbox/it/CodingSpace/tkllHTR/build/tkllHTR.sdk/tkllHTR_wrapper_hw_platform_0/system.hdf -mem-ranges [list {0x40000000 0xbfffffff}]
configparams force-mem-access 1
targets -set -nocase -filter {name =~"APU*" && jtag_cable_name =~ "Digilent Zed 210248782650"} -index 0
stop
ps7_init
ps7_post_config
targets -set -nocase -filter {name =~ "ARM*#0" && jtag_cable_name =~ "Digilent Zed 210248782650"} -index 0
rst -processor
targets -set -nocase -filter {name =~ "ARM*#0" && jtag_cable_name =~ "Digilent Zed 210248782650"} -index 0
dow C:/Users/dangn/Dropbox/it/CodingSpace/tkllHTR/build/tkllHTR.sdk/tkllHTR/Debug/tkllHTR.elf
configparams force-mem-access 0
----------------End of Script----------------

00:04:49 INFO  : Memory regions updated for context APU
00:04:49 INFO  : Context for processor 'ps7_cortexa9_0' is selected.
00:04:49 INFO  : 'con' command is executed.
00:04:49 INFO  : ----------------XSDB Script (After Launch)----------------
targets -set -nocase -filter {name =~ "ARM*#0" && jtag_cable_name =~ "Digilent Zed 210248782650"} -index 0
con
----------------End of Script----------------

00:04:49 INFO  : Launch script is exported to file 'C:\Users\dangn\Dropbox\it\CodingSpace\tkllHTR\build\tkllHTR.sdk\.sdk\launch_scripts\xilinx_c-c++_application_(system_debugger)\system_debugger_using_debug_tkllhtr.elf_on_local.tcl'
00:06:04 INFO  : Disconnected from the channel tcfchan#5.
00:06:05 INFO  : 'targets -set -filter {jtag_cable_name =~ "Digilent Zed 210248782650" && level==0} -index 1' command is executed.
00:06:05 INFO  : 'fpga -state' command is executed.
00:06:05 INFO  : Connected to target on host '127.0.0.1' and port '3121'.
00:06:05 INFO  : Jtag cable 'Digilent Zed 210248782650' is selected.
00:06:05 INFO  : 'jtag frequency' command is executed.
00:06:05 INFO  : Sourcing of 'C:/Users/dangn/Dropbox/it/CodingSpace/tkllHTR/build/tkllHTR.sdk/tkllHTR_wrapper_hw_platform_0/ps7_init.tcl' is done.
00:06:06 INFO  : Context for 'APU' is selected.
00:06:09 INFO  : Hardware design information is loaded from 'C:/Users/dangn/Dropbox/it/CodingSpace/tkllHTR/build/tkllHTR.sdk/tkllHTR_wrapper_hw_platform_0/system.hdf'.
00:06:09 INFO  : 'configparams force-mem-access 1' command is executed.
00:06:09 INFO  : Context for 'APU' is selected.
00:06:09 INFO  : 'stop' command is executed.
00:06:09 INFO  : 'ps7_init' command is executed.
00:06:09 INFO  : 'ps7_post_config' command is executed.
00:06:09 INFO  : Context for processor 'ps7_cortexa9_0' is selected.
00:06:10 INFO  : Processor reset is completed for 'ps7_cortexa9_0'.
00:06:10 INFO  : Context for processor 'ps7_cortexa9_0' is selected.
00:06:10 INFO  : The application 'C:/Users/dangn/Dropbox/it/CodingSpace/tkllHTR/build/tkllHTR.sdk/tkllHTR/Debug/tkllHTR.elf' is downloaded to processor 'ps7_cortexa9_0'.
00:06:10 INFO  : 'configparams force-mem-access 0' command is executed.
00:06:10 INFO  : ----------------XSDB Script----------------
connect -url tcp:127.0.0.1:3121
source C:/Users/dangn/Dropbox/it/CodingSpace/tkllHTR/build/tkllHTR.sdk/tkllHTR_wrapper_hw_platform_0/ps7_init.tcl
targets -set -nocase -filter {name =~"APU*" && jtag_cable_name =~ "Digilent Zed 210248782650"} -index 0
loadhw -hw C:/Users/dangn/Dropbox/it/CodingSpace/tkllHTR/build/tkllHTR.sdk/tkllHTR_wrapper_hw_platform_0/system.hdf -mem-ranges [list {0x40000000 0xbfffffff}]
configparams force-mem-access 1
targets -set -nocase -filter {name =~"APU*" && jtag_cable_name =~ "Digilent Zed 210248782650"} -index 0
stop
ps7_init
ps7_post_config
targets -set -nocase -filter {name =~ "ARM*#0" && jtag_cable_name =~ "Digilent Zed 210248782650"} -index 0
rst -processor
targets -set -nocase -filter {name =~ "ARM*#0" && jtag_cable_name =~ "Digilent Zed 210248782650"} -index 0
dow C:/Users/dangn/Dropbox/it/CodingSpace/tkllHTR/build/tkllHTR.sdk/tkllHTR/Debug/tkllHTR.elf
configparams force-mem-access 0
----------------End of Script----------------

00:06:10 INFO  : Memory regions updated for context APU
00:06:10 INFO  : Context for processor 'ps7_cortexa9_0' is selected.
00:06:10 INFO  : 'con' command is executed.
00:06:10 INFO  : ----------------XSDB Script (After Launch)----------------
targets -set -nocase -filter {name =~ "ARM*#0" && jtag_cable_name =~ "Digilent Zed 210248782650"} -index 0
con
----------------End of Script----------------

00:06:10 INFO  : Launch script is exported to file 'C:\Users\dangn\Dropbox\it\CodingSpace\tkllHTR\build\tkllHTR.sdk\.sdk\launch_scripts\xilinx_c-c++_application_(system_debugger)\system_debugger_using_debug_tkllhtr.elf_on_local.tcl'
00:07:28 INFO  : Disconnected from the channel tcfchan#6.
00:07:29 INFO  : 'targets -set -filter {jtag_cable_name =~ "Digilent Zed 210248782650" && level==0} -index 1' command is executed.
00:07:30 INFO  : 'fpga -state' command is executed.
00:07:30 INFO  : Connected to target on host '127.0.0.1' and port '3121'.
00:07:30 INFO  : Jtag cable 'Digilent Zed 210248782650' is selected.
00:07:30 INFO  : 'jtag frequency' command is executed.
00:07:30 INFO  : Sourcing of 'C:/Users/dangn/Dropbox/it/CodingSpace/tkllHTR/build/tkllHTR.sdk/tkllHTR_wrapper_hw_platform_0/ps7_init.tcl' is done.
00:07:30 INFO  : Context for 'APU' is selected.
00:07:34 INFO  : Hardware design information is loaded from 'C:/Users/dangn/Dropbox/it/CodingSpace/tkllHTR/build/tkllHTR.sdk/tkllHTR_wrapper_hw_platform_0/system.hdf'.
00:07:34 INFO  : 'configparams force-mem-access 1' command is executed.
00:07:34 INFO  : Context for 'APU' is selected.
00:07:34 INFO  : 'stop' command is executed.
00:07:34 INFO  : 'ps7_init' command is executed.
00:07:34 INFO  : 'ps7_post_config' command is executed.
00:07:34 INFO  : Context for processor 'ps7_cortexa9_0' is selected.
00:07:34 INFO  : Processor reset is completed for 'ps7_cortexa9_0'.
00:07:34 INFO  : Context for processor 'ps7_cortexa9_0' is selected.
00:07:34 INFO  : The application 'C:/Users/dangn/Dropbox/it/CodingSpace/tkllHTR/build/tkllHTR.sdk/tkllHTR/Debug/tkllHTR.elf' is downloaded to processor 'ps7_cortexa9_0'.
00:07:34 INFO  : 'configparams force-mem-access 0' command is executed.
00:07:34 INFO  : ----------------XSDB Script----------------
connect -url tcp:127.0.0.1:3121
source C:/Users/dangn/Dropbox/it/CodingSpace/tkllHTR/build/tkllHTR.sdk/tkllHTR_wrapper_hw_platform_0/ps7_init.tcl
targets -set -nocase -filter {name =~"APU*" && jtag_cable_name =~ "Digilent Zed 210248782650"} -index 0
loadhw -hw C:/Users/dangn/Dropbox/it/CodingSpace/tkllHTR/build/tkllHTR.sdk/tkllHTR_wrapper_hw_platform_0/system.hdf -mem-ranges [list {0x40000000 0xbfffffff}]
configparams force-mem-access 1
targets -set -nocase -filter {name =~"APU*" && jtag_cable_name =~ "Digilent Zed 210248782650"} -index 0
stop
ps7_init
ps7_post_config
targets -set -nocase -filter {name =~ "ARM*#0" && jtag_cable_name =~ "Digilent Zed 210248782650"} -index 0
rst -processor
targets -set -nocase -filter {name =~ "ARM*#0" && jtag_cable_name =~ "Digilent Zed 210248782650"} -index 0
dow C:/Users/dangn/Dropbox/it/CodingSpace/tkllHTR/build/tkllHTR.sdk/tkllHTR/Debug/tkllHTR.elf
configparams force-mem-access 0
----------------End of Script----------------

00:07:34 INFO  : Memory regions updated for context APU
00:07:35 INFO  : Context for processor 'ps7_cortexa9_0' is selected.
00:07:35 INFO  : 'con' command is executed.
00:07:35 INFO  : ----------------XSDB Script (After Launch)----------------
targets -set -nocase -filter {name =~ "ARM*#0" && jtag_cable_name =~ "Digilent Zed 210248782650"} -index 0
con
----------------End of Script----------------

00:07:35 INFO  : Launch script is exported to file 'C:\Users\dangn\Dropbox\it\CodingSpace\tkllHTR\build\tkllHTR.sdk\.sdk\launch_scripts\xilinx_c-c++_application_(system_debugger)\system_debugger_using_debug_tkllhtr.elf_on_local.tcl'
00:08:36 INFO  : Disconnected from the channel tcfchan#7.
00:08:37 INFO  : 'targets -set -filter {jtag_cable_name =~ "Digilent Zed 210248782650" && level==0} -index 1' command is executed.
00:08:37 INFO  : 'fpga -state' command is executed.
00:08:37 INFO  : Connected to target on host '127.0.0.1' and port '3121'.
00:08:38 INFO  : Jtag cable 'Digilent Zed 210248782650' is selected.
00:08:38 INFO  : 'jtag frequency' command is executed.
00:08:38 INFO  : Sourcing of 'C:/Users/dangn/Dropbox/it/CodingSpace/tkllHTR/build/tkllHTR.sdk/tkllHTR_wrapper_hw_platform_0/ps7_init.tcl' is done.
00:08:38 INFO  : Context for 'APU' is selected.
00:08:41 INFO  : Hardware design information is loaded from 'C:/Users/dangn/Dropbox/it/CodingSpace/tkllHTR/build/tkllHTR.sdk/tkllHTR_wrapper_hw_platform_0/system.hdf'.
00:08:41 INFO  : 'configparams force-mem-access 1' command is executed.
00:08:41 INFO  : Context for 'APU' is selected.
00:08:41 INFO  : 'stop' command is executed.
00:08:41 INFO  : 'ps7_init' command is executed.
00:08:41 INFO  : 'ps7_post_config' command is executed.
00:08:41 INFO  : Context for processor 'ps7_cortexa9_0' is selected.
00:08:41 INFO  : Processor reset is completed for 'ps7_cortexa9_0'.
00:08:41 INFO  : Context for processor 'ps7_cortexa9_0' is selected.
00:08:42 INFO  : The application 'C:/Users/dangn/Dropbox/it/CodingSpace/tkllHTR/build/tkllHTR.sdk/tkllHTR/Debug/tkllHTR.elf' is downloaded to processor 'ps7_cortexa9_0'.
00:08:42 INFO  : 'configparams force-mem-access 0' command is executed.
00:08:42 INFO  : ----------------XSDB Script----------------
connect -url tcp:127.0.0.1:3121
source C:/Users/dangn/Dropbox/it/CodingSpace/tkllHTR/build/tkllHTR.sdk/tkllHTR_wrapper_hw_platform_0/ps7_init.tcl
targets -set -nocase -filter {name =~"APU*" && jtag_cable_name =~ "Digilent Zed 210248782650"} -index 0
loadhw -hw C:/Users/dangn/Dropbox/it/CodingSpace/tkllHTR/build/tkllHTR.sdk/tkllHTR_wrapper_hw_platform_0/system.hdf -mem-ranges [list {0x40000000 0xbfffffff}]
configparams force-mem-access 1
targets -set -nocase -filter {name =~"APU*" && jtag_cable_name =~ "Digilent Zed 210248782650"} -index 0
stop
ps7_init
ps7_post_config
targets -set -nocase -filter {name =~ "ARM*#0" && jtag_cable_name =~ "Digilent Zed 210248782650"} -index 0
rst -processor
targets -set -nocase -filter {name =~ "ARM*#0" && jtag_cable_name =~ "Digilent Zed 210248782650"} -index 0
dow C:/Users/dangn/Dropbox/it/CodingSpace/tkllHTR/build/tkllHTR.sdk/tkllHTR/Debug/tkllHTR.elf
configparams force-mem-access 0
----------------End of Script----------------

00:08:42 INFO  : Memory regions updated for context APU
00:08:42 INFO  : Context for processor 'ps7_cortexa9_0' is selected.
00:08:42 INFO  : 'con' command is executed.
00:08:42 INFO  : ----------------XSDB Script (After Launch)----------------
targets -set -nocase -filter {name =~ "ARM*#0" && jtag_cable_name =~ "Digilent Zed 210248782650"} -index 0
con
----------------End of Script----------------

00:08:42 INFO  : Launch script is exported to file 'C:\Users\dangn\Dropbox\it\CodingSpace\tkllHTR\build\tkllHTR.sdk\.sdk\launch_scripts\xilinx_c-c++_application_(system_debugger)\system_debugger_using_debug_tkllhtr.elf_on_local.tcl'
00:10:01 INFO  : Disconnected from the channel tcfchan#8.
00:10:02 INFO  : 'targets -set -filter {jtag_cable_name =~ "Digilent Zed 210248782650" && level==0} -index 1' command is executed.
00:10:02 INFO  : 'fpga -state' command is executed.
00:10:02 INFO  : Connected to target on host '127.0.0.1' and port '3121'.
00:10:02 INFO  : Jtag cable 'Digilent Zed 210248782650' is selected.
00:10:02 INFO  : 'jtag frequency' command is executed.
00:10:02 INFO  : Sourcing of 'C:/Users/dangn/Dropbox/it/CodingSpace/tkllHTR/build/tkllHTR.sdk/tkllHTR_wrapper_hw_platform_0/ps7_init.tcl' is done.
00:10:02 INFO  : Context for 'APU' is selected.
00:10:05 INFO  : Hardware design information is loaded from 'C:/Users/dangn/Dropbox/it/CodingSpace/tkllHTR/build/tkllHTR.sdk/tkllHTR_wrapper_hw_platform_0/system.hdf'.
00:10:05 INFO  : 'configparams force-mem-access 1' command is executed.
00:10:05 INFO  : Context for 'APU' is selected.
00:10:05 INFO  : 'stop' command is executed.
00:10:06 INFO  : 'ps7_init' command is executed.
00:10:06 INFO  : 'ps7_post_config' command is executed.
00:10:06 INFO  : Context for processor 'ps7_cortexa9_0' is selected.
00:10:06 INFO  : Processor reset is completed for 'ps7_cortexa9_0'.
00:10:06 INFO  : Context for processor 'ps7_cortexa9_0' is selected.
00:10:06 INFO  : The application 'C:/Users/dangn/Dropbox/it/CodingSpace/tkllHTR/build/tkllHTR.sdk/tkllHTR/Debug/tkllHTR.elf' is downloaded to processor 'ps7_cortexa9_0'.
00:10:06 INFO  : 'configparams force-mem-access 0' command is executed.
00:10:06 INFO  : ----------------XSDB Script----------------
connect -url tcp:127.0.0.1:3121
source C:/Users/dangn/Dropbox/it/CodingSpace/tkllHTR/build/tkllHTR.sdk/tkllHTR_wrapper_hw_platform_0/ps7_init.tcl
targets -set -nocase -filter {name =~"APU*" && jtag_cable_name =~ "Digilent Zed 210248782650"} -index 0
loadhw -hw C:/Users/dangn/Dropbox/it/CodingSpace/tkllHTR/build/tkllHTR.sdk/tkllHTR_wrapper_hw_platform_0/system.hdf -mem-ranges [list {0x40000000 0xbfffffff}]
configparams force-mem-access 1
targets -set -nocase -filter {name =~"APU*" && jtag_cable_name =~ "Digilent Zed 210248782650"} -index 0
stop
ps7_init
ps7_post_config
targets -set -nocase -filter {name =~ "ARM*#0" && jtag_cable_name =~ "Digilent Zed 210248782650"} -index 0
rst -processor
targets -set -nocase -filter {name =~ "ARM*#0" && jtag_cable_name =~ "Digilent Zed 210248782650"} -index 0
dow C:/Users/dangn/Dropbox/it/CodingSpace/tkllHTR/build/tkllHTR.sdk/tkllHTR/Debug/tkllHTR.elf
configparams force-mem-access 0
----------------End of Script----------------

00:10:06 INFO  : Memory regions updated for context APU
00:10:06 INFO  : Context for processor 'ps7_cortexa9_0' is selected.
00:10:06 INFO  : 'con' command is executed.
00:10:06 INFO  : ----------------XSDB Script (After Launch)----------------
targets -set -nocase -filter {name =~ "ARM*#0" && jtag_cable_name =~ "Digilent Zed 210248782650"} -index 0
con
----------------End of Script----------------

00:10:06 INFO  : Launch script is exported to file 'C:\Users\dangn\Dropbox\it\CodingSpace\tkllHTR\build\tkllHTR.sdk\.sdk\launch_scripts\xilinx_c-c++_application_(system_debugger)\system_debugger_using_debug_tkllhtr.elf_on_local.tcl'
00:13:45 INFO  : Disconnected from the channel tcfchan#9.
00:13:46 INFO  : 'targets -set -filter {jtag_cable_name =~ "Digilent Zed 210248782650" && level==0} -index 1' command is executed.
00:13:46 INFO  : 'fpga -state' command is executed.
00:13:46 INFO  : Connected to target on host '127.0.0.1' and port '3121'.
00:13:46 INFO  : Jtag cable 'Digilent Zed 210248782650' is selected.
00:13:46 INFO  : 'jtag frequency' command is executed.
00:13:46 INFO  : Sourcing of 'C:/Users/dangn/Dropbox/it/CodingSpace/tkllHTR/build/tkllHTR.sdk/tkllHTR_wrapper_hw_platform_0/ps7_init.tcl' is done.
00:13:46 INFO  : Context for 'APU' is selected.
00:13:49 INFO  : Hardware design information is loaded from 'C:/Users/dangn/Dropbox/it/CodingSpace/tkllHTR/build/tkllHTR.sdk/tkllHTR_wrapper_hw_platform_0/system.hdf'.
00:13:49 INFO  : 'configparams force-mem-access 1' command is executed.
00:13:49 INFO  : Context for 'APU' is selected.
00:13:49 INFO  : 'stop' command is executed.
00:13:50 INFO  : 'ps7_init' command is executed.
00:13:50 INFO  : 'ps7_post_config' command is executed.
00:13:50 INFO  : Context for processor 'ps7_cortexa9_0' is selected.
00:13:50 INFO  : Processor reset is completed for 'ps7_cortexa9_0'.
00:13:50 INFO  : Context for processor 'ps7_cortexa9_0' is selected.
00:13:50 INFO  : The application 'C:/Users/dangn/Dropbox/it/CodingSpace/tkllHTR/build/tkllHTR.sdk/tkllHTR/Debug/tkllHTR.elf' is downloaded to processor 'ps7_cortexa9_0'.
00:13:50 INFO  : 'configparams force-mem-access 0' command is executed.
00:13:50 INFO  : ----------------XSDB Script----------------
connect -url tcp:127.0.0.1:3121
source C:/Users/dangn/Dropbox/it/CodingSpace/tkllHTR/build/tkllHTR.sdk/tkllHTR_wrapper_hw_platform_0/ps7_init.tcl
targets -set -nocase -filter {name =~"APU*" && jtag_cable_name =~ "Digilent Zed 210248782650"} -index 0
loadhw -hw C:/Users/dangn/Dropbox/it/CodingSpace/tkllHTR/build/tkllHTR.sdk/tkllHTR_wrapper_hw_platform_0/system.hdf -mem-ranges [list {0x40000000 0xbfffffff}]
configparams force-mem-access 1
targets -set -nocase -filter {name =~"APU*" && jtag_cable_name =~ "Digilent Zed 210248782650"} -index 0
stop
ps7_init
ps7_post_config
targets -set -nocase -filter {name =~ "ARM*#0" && jtag_cable_name =~ "Digilent Zed 210248782650"} -index 0
rst -processor
targets -set -nocase -filter {name =~ "ARM*#0" && jtag_cable_name =~ "Digilent Zed 210248782650"} -index 0
dow C:/Users/dangn/Dropbox/it/CodingSpace/tkllHTR/build/tkllHTR.sdk/tkllHTR/Debug/tkllHTR.elf
configparams force-mem-access 0
----------------End of Script----------------

00:13:50 INFO  : Memory regions updated for context APU
00:13:50 INFO  : Context for processor 'ps7_cortexa9_0' is selected.
00:13:50 INFO  : 'con' command is executed.
00:13:50 INFO  : ----------------XSDB Script (After Launch)----------------
targets -set -nocase -filter {name =~ "ARM*#0" && jtag_cable_name =~ "Digilent Zed 210248782650"} -index 0
con
----------------End of Script----------------

00:13:50 INFO  : Launch script is exported to file 'C:\Users\dangn\Dropbox\it\CodingSpace\tkllHTR\build\tkllHTR.sdk\.sdk\launch_scripts\xilinx_c-c++_application_(system_debugger)\system_debugger_using_debug_tkllhtr.elf_on_local.tcl'
00:17:37 INFO  : Disconnected from the channel tcfchan#10.
00:17:38 INFO  : 'targets -set -filter {jtag_cable_name =~ "Digilent Zed 210248782650" && level==0} -index 1' command is executed.
00:17:38 INFO  : 'fpga -state' command is executed.
00:17:38 INFO  : Connected to target on host '127.0.0.1' and port '3121'.
00:17:39 INFO  : Jtag cable 'Digilent Zed 210248782650' is selected.
00:17:39 INFO  : 'jtag frequency' command is executed.
00:17:39 INFO  : Sourcing of 'C:/Users/dangn/Dropbox/it/CodingSpace/tkllHTR/build/tkllHTR.sdk/tkllHTR_wrapper_hw_platform_0/ps7_init.tcl' is done.
00:17:39 INFO  : Context for 'APU' is selected.
00:17:42 INFO  : Hardware design information is loaded from 'C:/Users/dangn/Dropbox/it/CodingSpace/tkllHTR/build/tkllHTR.sdk/tkllHTR_wrapper_hw_platform_0/system.hdf'.
00:17:42 INFO  : 'configparams force-mem-access 1' command is executed.
00:17:42 INFO  : Context for 'APU' is selected.
00:17:42 INFO  : 'stop' command is executed.
00:17:42 INFO  : 'ps7_init' command is executed.
00:17:42 INFO  : 'ps7_post_config' command is executed.
00:17:42 INFO  : Context for processor 'ps7_cortexa9_0' is selected.
00:17:42 INFO  : Processor reset is completed for 'ps7_cortexa9_0'.
00:17:42 INFO  : Context for processor 'ps7_cortexa9_0' is selected.
00:17:43 INFO  : The application 'C:/Users/dangn/Dropbox/it/CodingSpace/tkllHTR/build/tkllHTR.sdk/tkllHTR/Debug/tkllHTR.elf' is downloaded to processor 'ps7_cortexa9_0'.
00:17:43 INFO  : 'configparams force-mem-access 0' command is executed.
00:17:43 INFO  : ----------------XSDB Script----------------
connect -url tcp:127.0.0.1:3121
source C:/Users/dangn/Dropbox/it/CodingSpace/tkllHTR/build/tkllHTR.sdk/tkllHTR_wrapper_hw_platform_0/ps7_init.tcl
targets -set -nocase -filter {name =~"APU*" && jtag_cable_name =~ "Digilent Zed 210248782650"} -index 0
loadhw -hw C:/Users/dangn/Dropbox/it/CodingSpace/tkllHTR/build/tkllHTR.sdk/tkllHTR_wrapper_hw_platform_0/system.hdf -mem-ranges [list {0x40000000 0xbfffffff}]
configparams force-mem-access 1
targets -set -nocase -filter {name =~"APU*" && jtag_cable_name =~ "Digilent Zed 210248782650"} -index 0
stop
ps7_init
ps7_post_config
targets -set -nocase -filter {name =~ "ARM*#0" && jtag_cable_name =~ "Digilent Zed 210248782650"} -index 0
rst -processor
targets -set -nocase -filter {name =~ "ARM*#0" && jtag_cable_name =~ "Digilent Zed 210248782650"} -index 0
dow C:/Users/dangn/Dropbox/it/CodingSpace/tkllHTR/build/tkllHTR.sdk/tkllHTR/Debug/tkllHTR.elf
configparams force-mem-access 0
----------------End of Script----------------

00:17:43 INFO  : Memory regions updated for context APU
00:17:43 INFO  : Context for processor 'ps7_cortexa9_0' is selected.
00:17:43 INFO  : 'con' command is executed.
00:17:43 INFO  : ----------------XSDB Script (After Launch)----------------
targets -set -nocase -filter {name =~ "ARM*#0" && jtag_cable_name =~ "Digilent Zed 210248782650"} -index 0
con
----------------End of Script----------------

00:17:43 INFO  : Launch script is exported to file 'C:\Users\dangn\Dropbox\it\CodingSpace\tkllHTR\build\tkllHTR.sdk\.sdk\launch_scripts\xilinx_c-c++_application_(system_debugger)\system_debugger_using_debug_tkllhtr.elf_on_local.tcl'
00:19:58 INFO  : Disconnected from the channel tcfchan#11.
00:19:59 INFO  : 'targets -set -filter {jtag_cable_name =~ "Digilent Zed 210248782650" && level==0} -index 1' command is executed.
00:19:59 INFO  : 'fpga -state' command is executed.
00:19:59 INFO  : Connected to target on host '127.0.0.1' and port '3121'.
00:20:00 INFO  : Jtag cable 'Digilent Zed 210248782650' is selected.
00:20:00 INFO  : 'jtag frequency' command is executed.
00:20:00 INFO  : Sourcing of 'C:/Users/dangn/Dropbox/it/CodingSpace/tkllHTR/build/tkllHTR.sdk/tkllHTR_wrapper_hw_platform_0/ps7_init.tcl' is done.
00:20:00 INFO  : Context for 'APU' is selected.
00:20:03 INFO  : Hardware design information is loaded from 'C:/Users/dangn/Dropbox/it/CodingSpace/tkllHTR/build/tkllHTR.sdk/tkllHTR_wrapper_hw_platform_0/system.hdf'.
00:20:03 INFO  : 'configparams force-mem-access 1' command is executed.
00:20:03 INFO  : Context for 'APU' is selected.
00:20:03 INFO  : 'stop' command is executed.
00:20:03 INFO  : 'ps7_init' command is executed.
00:20:03 INFO  : 'ps7_post_config' command is executed.
00:20:03 INFO  : Context for processor 'ps7_cortexa9_0' is selected.
00:20:04 INFO  : Processor reset is completed for 'ps7_cortexa9_0'.
00:20:04 INFO  : Context for processor 'ps7_cortexa9_0' is selected.
00:20:04 INFO  : The application 'C:/Users/dangn/Dropbox/it/CodingSpace/tkllHTR/build/tkllHTR.sdk/tkllHTR/Debug/tkllHTR.elf' is downloaded to processor 'ps7_cortexa9_0'.
00:20:04 INFO  : 'configparams force-mem-access 0' command is executed.
00:20:04 INFO  : ----------------XSDB Script----------------
connect -url tcp:127.0.0.1:3121
source C:/Users/dangn/Dropbox/it/CodingSpace/tkllHTR/build/tkllHTR.sdk/tkllHTR_wrapper_hw_platform_0/ps7_init.tcl
targets -set -nocase -filter {name =~"APU*" && jtag_cable_name =~ "Digilent Zed 210248782650"} -index 0
loadhw -hw C:/Users/dangn/Dropbox/it/CodingSpace/tkllHTR/build/tkllHTR.sdk/tkllHTR_wrapper_hw_platform_0/system.hdf -mem-ranges [list {0x40000000 0xbfffffff}]
configparams force-mem-access 1
targets -set -nocase -filter {name =~"APU*" && jtag_cable_name =~ "Digilent Zed 210248782650"} -index 0
stop
ps7_init
ps7_post_config
targets -set -nocase -filter {name =~ "ARM*#0" && jtag_cable_name =~ "Digilent Zed 210248782650"} -index 0
rst -processor
targets -set -nocase -filter {name =~ "ARM*#0" && jtag_cable_name =~ "Digilent Zed 210248782650"} -index 0
dow C:/Users/dangn/Dropbox/it/CodingSpace/tkllHTR/build/tkllHTR.sdk/tkllHTR/Debug/tkllHTR.elf
configparams force-mem-access 0
----------------End of Script----------------

00:20:04 INFO  : Memory regions updated for context APU
00:20:04 INFO  : Context for processor 'ps7_cortexa9_0' is selected.
00:20:04 INFO  : 'con' command is executed.
00:20:04 INFO  : ----------------XSDB Script (After Launch)----------------
targets -set -nocase -filter {name =~ "ARM*#0" && jtag_cable_name =~ "Digilent Zed 210248782650"} -index 0
con
----------------End of Script----------------

00:20:04 INFO  : Launch script is exported to file 'C:\Users\dangn\Dropbox\it\CodingSpace\tkllHTR\build\tkllHTR.sdk\.sdk\launch_scripts\xilinx_c-c++_application_(system_debugger)\system_debugger_using_debug_tkllhtr.elf_on_local.tcl'
00:24:28 INFO  : Connected to target on host '127.0.0.1' and port '3121'.
00:24:29 INFO  : 'targets -set -filter {jtag_cable_name =~ "Digilent Zed 210248782650" && level==0} -index 1' command is executed.
00:24:31 INFO  : FPGA configured successfully with bitstream "C:/Users/dangn/Dropbox/it/CodingSpace/tkllHTR/build/tkllHTR.sdk/tkllHTR_wrapper_hw_platform_0/tkllHTR_wrapper.bit"
00:24:40 INFO  : Disconnected from the channel tcfchan#12.
00:24:41 INFO  : 'targets -set -filter {jtag_cable_name =~ "Digilent Zed 210248782650" && level==0} -index 1' command is executed.
00:24:41 INFO  : 'fpga -state' command is executed.
00:24:41 INFO  : Connected to target on host '127.0.0.1' and port '3121'.
00:24:41 INFO  : Jtag cable 'Digilent Zed 210248782650' is selected.
00:24:42 INFO  : 'jtag frequency' command is executed.
00:24:42 INFO  : Sourcing of 'C:/Users/dangn/Dropbox/it/CodingSpace/tkllHTR/build/tkllHTR.sdk/tkllHTR_wrapper_hw_platform_0/ps7_init.tcl' is done.
00:24:42 INFO  : Context for 'APU' is selected.
00:24:45 INFO  : Hardware design information is loaded from 'C:/Users/dangn/Dropbox/it/CodingSpace/tkllHTR/build/tkllHTR.sdk/tkllHTR_wrapper_hw_platform_0/system.hdf'.
00:24:45 INFO  : 'configparams force-mem-access 1' command is executed.
00:24:45 INFO  : Context for 'APU' is selected.
00:24:45 INFO  : 'stop' command is executed.
00:24:45 INFO  : 'ps7_init' command is executed.
00:24:45 INFO  : 'ps7_post_config' command is executed.
00:24:45 INFO  : Context for processor 'ps7_cortexa9_0' is selected.
00:24:45 INFO  : Processor reset is completed for 'ps7_cortexa9_0'.
00:24:45 INFO  : Context for processor 'ps7_cortexa9_0' is selected.
00:24:46 INFO  : The application 'C:/Users/dangn/Dropbox/it/CodingSpace/tkllHTR/build/tkllHTR.sdk/tkllHTR/Debug/tkllHTR.elf' is downloaded to processor 'ps7_cortexa9_0'.
00:24:46 INFO  : 'configparams force-mem-access 0' command is executed.
00:24:46 INFO  : ----------------XSDB Script----------------
connect -url tcp:127.0.0.1:3121
source C:/Users/dangn/Dropbox/it/CodingSpace/tkllHTR/build/tkllHTR.sdk/tkllHTR_wrapper_hw_platform_0/ps7_init.tcl
targets -set -nocase -filter {name =~"APU*" && jtag_cable_name =~ "Digilent Zed 210248782650"} -index 0
loadhw -hw C:/Users/dangn/Dropbox/it/CodingSpace/tkllHTR/build/tkllHTR.sdk/tkllHTR_wrapper_hw_platform_0/system.hdf -mem-ranges [list {0x40000000 0xbfffffff}]
configparams force-mem-access 1
targets -set -nocase -filter {name =~"APU*" && jtag_cable_name =~ "Digilent Zed 210248782650"} -index 0
stop
ps7_init
ps7_post_config
targets -set -nocase -filter {name =~ "ARM*#0" && jtag_cable_name =~ "Digilent Zed 210248782650"} -index 0
rst -processor
targets -set -nocase -filter {name =~ "ARM*#0" && jtag_cable_name =~ "Digilent Zed 210248782650"} -index 0
dow C:/Users/dangn/Dropbox/it/CodingSpace/tkllHTR/build/tkllHTR.sdk/tkllHTR/Debug/tkllHTR.elf
configparams force-mem-access 0
----------------End of Script----------------

00:24:46 INFO  : Memory regions updated for context APU
00:24:46 INFO  : Context for processor 'ps7_cortexa9_0' is selected.
00:24:46 INFO  : 'con' command is executed.
00:24:46 INFO  : ----------------XSDB Script (After Launch)----------------
targets -set -nocase -filter {name =~ "ARM*#0" && jtag_cable_name =~ "Digilent Zed 210248782650"} -index 0
con
----------------End of Script----------------

00:24:46 INFO  : Launch script is exported to file 'C:\Users\dangn\Dropbox\it\CodingSpace\tkllHTR\build\tkllHTR.sdk\.sdk\launch_scripts\xilinx_c-c++_application_(system_debugger)\system_debugger_using_debug_tkllhtr.elf_on_local.tcl'
00:25:27 INFO  : Disconnected from the channel tcfchan#13.
00:25:28 INFO  : 'targets -set -filter {jtag_cable_name =~ "Digilent Zed 210248782650" && level==0} -index 1' command is executed.
00:25:28 INFO  : 'fpga -state' command is executed.
00:25:28 INFO  : Connected to target on host '127.0.0.1' and port '3121'.
00:25:29 INFO  : Jtag cable 'Digilent Zed 210248782650' is selected.
00:25:29 INFO  : 'jtag frequency' command is executed.
00:25:29 INFO  : Sourcing of 'C:/Users/dangn/Dropbox/it/CodingSpace/tkllHTR/build/tkllHTR.sdk/tkllHTR_wrapper_hw_platform_0/ps7_init.tcl' is done.
00:25:29 INFO  : Context for 'APU' is selected.
00:25:32 INFO  : Hardware design information is loaded from 'C:/Users/dangn/Dropbox/it/CodingSpace/tkllHTR/build/tkllHTR.sdk/tkllHTR_wrapper_hw_platform_0/system.hdf'.
00:25:32 INFO  : 'configparams force-mem-access 1' command is executed.
00:25:32 INFO  : Context for 'APU' is selected.
00:25:32 INFO  : 'stop' command is executed.
00:25:32 INFO  : 'ps7_init' command is executed.
00:25:32 INFO  : 'ps7_post_config' command is executed.
00:25:32 INFO  : Context for processor 'ps7_cortexa9_0' is selected.
00:25:32 INFO  : Processor reset is completed for 'ps7_cortexa9_0'.
00:25:32 INFO  : Context for processor 'ps7_cortexa9_0' is selected.
00:25:33 INFO  : The application 'C:/Users/dangn/Dropbox/it/CodingSpace/tkllHTR/build/tkllHTR.sdk/tkllHTR/Debug/tkllHTR.elf' is downloaded to processor 'ps7_cortexa9_0'.
00:25:33 INFO  : 'configparams force-mem-access 0' command is executed.
00:25:33 INFO  : ----------------XSDB Script----------------
connect -url tcp:127.0.0.1:3121
source C:/Users/dangn/Dropbox/it/CodingSpace/tkllHTR/build/tkllHTR.sdk/tkllHTR_wrapper_hw_platform_0/ps7_init.tcl
targets -set -nocase -filter {name =~"APU*" && jtag_cable_name =~ "Digilent Zed 210248782650"} -index 0
loadhw -hw C:/Users/dangn/Dropbox/it/CodingSpace/tkllHTR/build/tkllHTR.sdk/tkllHTR_wrapper_hw_platform_0/system.hdf -mem-ranges [list {0x40000000 0xbfffffff}]
configparams force-mem-access 1
targets -set -nocase -filter {name =~"APU*" && jtag_cable_name =~ "Digilent Zed 210248782650"} -index 0
stop
ps7_init
ps7_post_config
targets -set -nocase -filter {name =~ "ARM*#0" && jtag_cable_name =~ "Digilent Zed 210248782650"} -index 0
rst -processor
targets -set -nocase -filter {name =~ "ARM*#0" && jtag_cable_name =~ "Digilent Zed 210248782650"} -index 0
dow C:/Users/dangn/Dropbox/it/CodingSpace/tkllHTR/build/tkllHTR.sdk/tkllHTR/Debug/tkllHTR.elf
configparams force-mem-access 0
----------------End of Script----------------

00:25:33 INFO  : Memory regions updated for context APU
00:25:33 INFO  : Context for processor 'ps7_cortexa9_0' is selected.
00:25:33 INFO  : 'con' command is executed.
00:25:33 INFO  : ----------------XSDB Script (After Launch)----------------
targets -set -nocase -filter {name =~ "ARM*#0" && jtag_cable_name =~ "Digilent Zed 210248782650"} -index 0
con
----------------End of Script----------------

00:25:33 INFO  : Launch script is exported to file 'C:\Users\dangn\Dropbox\it\CodingSpace\tkllHTR\build\tkllHTR.sdk\.sdk\launch_scripts\xilinx_c-c++_application_(system_debugger)\system_debugger_using_debug_tkllhtr.elf_on_local.tcl'
00:25:57 INFO  : Disconnected from the channel tcfchan#14.
00:25:58 INFO  : 'targets -set -filter {jtag_cable_name =~ "Digilent Zed 210248782650" && level==0} -index 1' command is executed.
00:25:58 INFO  : 'fpga -state' command is executed.
00:25:58 INFO  : Connected to target on host '127.0.0.1' and port '3121'.
00:25:59 INFO  : Jtag cable 'Digilent Zed 210248782650' is selected.
00:25:59 INFO  : 'jtag frequency' command is executed.
00:25:59 INFO  : Sourcing of 'C:/Users/dangn/Dropbox/it/CodingSpace/tkllHTR/build/tkllHTR.sdk/tkllHTR_wrapper_hw_platform_0/ps7_init.tcl' is done.
00:25:59 INFO  : Context for 'APU' is selected.
00:26:02 INFO  : Hardware design information is loaded from 'C:/Users/dangn/Dropbox/it/CodingSpace/tkllHTR/build/tkllHTR.sdk/tkllHTR_wrapper_hw_platform_0/system.hdf'.
00:26:02 INFO  : 'configparams force-mem-access 1' command is executed.
00:26:02 INFO  : Context for 'APU' is selected.
00:26:02 INFO  : 'stop' command is executed.
00:26:03 INFO  : 'ps7_init' command is executed.
00:26:03 INFO  : 'ps7_post_config' command is executed.
00:26:03 INFO  : Context for processor 'ps7_cortexa9_0' is selected.
00:26:03 INFO  : Processor reset is completed for 'ps7_cortexa9_0'.
00:26:03 INFO  : Context for processor 'ps7_cortexa9_0' is selected.
00:26:03 INFO  : The application 'C:/Users/dangn/Dropbox/it/CodingSpace/tkllHTR/build/tkllHTR.sdk/tkllHTR/Debug/tkllHTR.elf' is downloaded to processor 'ps7_cortexa9_0'.
00:26:03 INFO  : 'configparams force-mem-access 0' command is executed.
00:26:03 INFO  : ----------------XSDB Script----------------
connect -url tcp:127.0.0.1:3121
source C:/Users/dangn/Dropbox/it/CodingSpace/tkllHTR/build/tkllHTR.sdk/tkllHTR_wrapper_hw_platform_0/ps7_init.tcl
targets -set -nocase -filter {name =~"APU*" && jtag_cable_name =~ "Digilent Zed 210248782650"} -index 0
loadhw -hw C:/Users/dangn/Dropbox/it/CodingSpace/tkllHTR/build/tkllHTR.sdk/tkllHTR_wrapper_hw_platform_0/system.hdf -mem-ranges [list {0x40000000 0xbfffffff}]
configparams force-mem-access 1
targets -set -nocase -filter {name =~"APU*" && jtag_cable_name =~ "Digilent Zed 210248782650"} -index 0
stop
ps7_init
ps7_post_config
targets -set -nocase -filter {name =~ "ARM*#0" && jtag_cable_name =~ "Digilent Zed 210248782650"} -index 0
rst -processor
targets -set -nocase -filter {name =~ "ARM*#0" && jtag_cable_name =~ "Digilent Zed 210248782650"} -index 0
dow C:/Users/dangn/Dropbox/it/CodingSpace/tkllHTR/build/tkllHTR.sdk/tkllHTR/Debug/tkllHTR.elf
configparams force-mem-access 0
----------------End of Script----------------

00:26:03 INFO  : Memory regions updated for context APU
00:26:04 INFO  : Context for processor 'ps7_cortexa9_0' is selected.
00:26:04 INFO  : 'con' command is executed.
00:26:04 INFO  : ----------------XSDB Script (After Launch)----------------
targets -set -nocase -filter {name =~ "ARM*#0" && jtag_cable_name =~ "Digilent Zed 210248782650"} -index 0
con
----------------End of Script----------------

00:26:04 INFO  : Launch script is exported to file 'C:\Users\dangn\Dropbox\it\CodingSpace\tkllHTR\build\tkllHTR.sdk\.sdk\launch_scripts\xilinx_c-c++_application_(system_debugger)\system_debugger_using_debug_tkllhtr.elf_on_local.tcl'
00:28:50 INFO  : Disconnected from the channel tcfchan#15.
00:28:51 INFO  : 'targets -set -filter {jtag_cable_name =~ "Digilent Zed 210248782650" && level==0} -index 1' command is executed.
00:28:51 INFO  : 'fpga -state' command is executed.
00:28:51 INFO  : Connected to target on host '127.0.0.1' and port '3121'.
00:28:52 INFO  : Jtag cable 'Digilent Zed 210248782650' is selected.
00:28:52 INFO  : 'jtag frequency' command is executed.
00:28:52 INFO  : Sourcing of 'C:/Users/dangn/Dropbox/it/CodingSpace/tkllHTR/build/tkllHTR.sdk/tkllHTR_wrapper_hw_platform_0/ps7_init.tcl' is done.
00:28:52 INFO  : Context for 'APU' is selected.
00:28:54 INFO  : Hardware design information is loaded from 'C:/Users/dangn/Dropbox/it/CodingSpace/tkllHTR/build/tkllHTR.sdk/tkllHTR_wrapper_hw_platform_0/system.hdf'.
00:28:55 INFO  : 'configparams force-mem-access 1' command is executed.
00:28:55 INFO  : Context for 'APU' is selected.
00:28:55 INFO  : 'stop' command is executed.
00:28:55 INFO  : 'ps7_init' command is executed.
00:28:55 INFO  : 'ps7_post_config' command is executed.
00:28:55 INFO  : Context for processor 'ps7_cortexa9_0' is selected.
00:28:55 INFO  : Processor reset is completed for 'ps7_cortexa9_0'.
00:28:55 INFO  : Context for processor 'ps7_cortexa9_0' is selected.
00:28:55 INFO  : The application 'C:/Users/dangn/Dropbox/it/CodingSpace/tkllHTR/build/tkllHTR.sdk/tkllHTR/Debug/tkllHTR.elf' is downloaded to processor 'ps7_cortexa9_0'.
00:28:55 INFO  : 'configparams force-mem-access 0' command is executed.
00:28:55 INFO  : ----------------XSDB Script----------------
connect -url tcp:127.0.0.1:3121
source C:/Users/dangn/Dropbox/it/CodingSpace/tkllHTR/build/tkllHTR.sdk/tkllHTR_wrapper_hw_platform_0/ps7_init.tcl
targets -set -nocase -filter {name =~"APU*" && jtag_cable_name =~ "Digilent Zed 210248782650"} -index 0
loadhw -hw C:/Users/dangn/Dropbox/it/CodingSpace/tkllHTR/build/tkllHTR.sdk/tkllHTR_wrapper_hw_platform_0/system.hdf -mem-ranges [list {0x40000000 0xbfffffff}]
configparams force-mem-access 1
targets -set -nocase -filter {name =~"APU*" && jtag_cable_name =~ "Digilent Zed 210248782650"} -index 0
stop
ps7_init
ps7_post_config
targets -set -nocase -filter {name =~ "ARM*#0" && jtag_cable_name =~ "Digilent Zed 210248782650"} -index 0
rst -processor
targets -set -nocase -filter {name =~ "ARM*#0" && jtag_cable_name =~ "Digilent Zed 210248782650"} -index 0
dow C:/Users/dangn/Dropbox/it/CodingSpace/tkllHTR/build/tkllHTR.sdk/tkllHTR/Debug/tkllHTR.elf
configparams force-mem-access 0
----------------End of Script----------------

00:28:55 INFO  : Memory regions updated for context APU
00:28:56 INFO  : Context for processor 'ps7_cortexa9_0' is selected.
00:28:56 INFO  : 'con' command is executed.
00:28:56 INFO  : ----------------XSDB Script (After Launch)----------------
targets -set -nocase -filter {name =~ "ARM*#0" && jtag_cable_name =~ "Digilent Zed 210248782650"} -index 0
con
----------------End of Script----------------

00:28:56 INFO  : Launch script is exported to file 'C:\Users\dangn\Dropbox\it\CodingSpace\tkllHTR\build\tkllHTR.sdk\.sdk\launch_scripts\xilinx_c-c++_application_(system_debugger)\system_debugger_using_debug_tkllhtr.elf_on_local.tcl'
00:29:48 INFO  : Disconnected from the channel tcfchan#16.
00:29:50 INFO  : 'targets -set -filter {jtag_cable_name =~ "Digilent Zed 210248782650" && level==0} -index 1' command is executed.
00:29:50 INFO  : 'fpga -state' command is executed.
00:29:50 INFO  : Connected to target on host '127.0.0.1' and port '3121'.
00:29:50 INFO  : Jtag cable 'Digilent Zed 210248782650' is selected.
00:29:50 INFO  : 'jtag frequency' command is executed.
00:29:50 INFO  : Sourcing of 'C:/Users/dangn/Dropbox/it/CodingSpace/tkllHTR/build/tkllHTR.sdk/tkllHTR_wrapper_hw_platform_0/ps7_init.tcl' is done.
00:29:50 INFO  : Context for 'APU' is selected.
00:29:52 INFO  : Hardware design information is loaded from 'C:/Users/dangn/Dropbox/it/CodingSpace/tkllHTR/build/tkllHTR.sdk/tkllHTR_wrapper_hw_platform_0/system.hdf'.
00:29:52 INFO  : 'configparams force-mem-access 1' command is executed.
00:29:52 INFO  : Context for 'APU' is selected.
00:29:53 INFO  : 'stop' command is executed.
00:29:53 INFO  : 'ps7_init' command is executed.
00:29:53 INFO  : 'ps7_post_config' command is executed.
00:29:53 INFO  : Context for processor 'ps7_cortexa9_0' is selected.
00:29:53 INFO  : Processor reset is completed for 'ps7_cortexa9_0'.
00:29:53 INFO  : Context for processor 'ps7_cortexa9_0' is selected.
00:29:53 INFO  : The application 'C:/Users/dangn/Dropbox/it/CodingSpace/tkllHTR/build/tkllHTR.sdk/tkllHTR/Debug/tkllHTR.elf' is downloaded to processor 'ps7_cortexa9_0'.
00:29:53 INFO  : 'configparams force-mem-access 0' command is executed.
00:29:53 INFO  : ----------------XSDB Script----------------
connect -url tcp:127.0.0.1:3121
source C:/Users/dangn/Dropbox/it/CodingSpace/tkllHTR/build/tkllHTR.sdk/tkllHTR_wrapper_hw_platform_0/ps7_init.tcl
targets -set -nocase -filter {name =~"APU*" && jtag_cable_name =~ "Digilent Zed 210248782650"} -index 0
loadhw -hw C:/Users/dangn/Dropbox/it/CodingSpace/tkllHTR/build/tkllHTR.sdk/tkllHTR_wrapper_hw_platform_0/system.hdf -mem-ranges [list {0x40000000 0xbfffffff}]
configparams force-mem-access 1
targets -set -nocase -filter {name =~"APU*" && jtag_cable_name =~ "Digilent Zed 210248782650"} -index 0
stop
ps7_init
ps7_post_config
targets -set -nocase -filter {name =~ "ARM*#0" && jtag_cable_name =~ "Digilent Zed 210248782650"} -index 0
rst -processor
targets -set -nocase -filter {name =~ "ARM*#0" && jtag_cable_name =~ "Digilent Zed 210248782650"} -index 0
dow C:/Users/dangn/Dropbox/it/CodingSpace/tkllHTR/build/tkllHTR.sdk/tkllHTR/Debug/tkllHTR.elf
configparams force-mem-access 0
----------------End of Script----------------

00:29:53 INFO  : Memory regions updated for context APU
00:29:53 INFO  : Context for processor 'ps7_cortexa9_0' is selected.
00:29:53 INFO  : 'con' command is executed.
00:29:53 INFO  : ----------------XSDB Script (After Launch)----------------
targets -set -nocase -filter {name =~ "ARM*#0" && jtag_cable_name =~ "Digilent Zed 210248782650"} -index 0
con
----------------End of Script----------------

00:29:53 INFO  : Launch script is exported to file 'C:\Users\dangn\Dropbox\it\CodingSpace\tkllHTR\build\tkllHTR.sdk\.sdk\launch_scripts\xilinx_c-c++_application_(system_debugger)\system_debugger_using_debug_tkllhtr.elf_on_local.tcl'
00:34:28 INFO  : Disconnected from the channel tcfchan#17.
00:34:29 INFO  : 'targets -set -filter {jtag_cable_name =~ "Digilent Zed 210248782650" && level==0} -index 1' command is executed.
00:34:29 INFO  : 'fpga -state' command is executed.
00:34:29 INFO  : Connected to target on host '127.0.0.1' and port '3121'.
00:34:29 INFO  : Jtag cable 'Digilent Zed 210248782650' is selected.
00:34:29 INFO  : 'jtag frequency' command is executed.
00:34:29 INFO  : Sourcing of 'C:/Users/dangn/Dropbox/it/CodingSpace/tkllHTR/build/tkllHTR.sdk/tkllHTR_wrapper_hw_platform_0/ps7_init.tcl' is done.
00:34:29 INFO  : Context for 'APU' is selected.
00:34:32 INFO  : Hardware design information is loaded from 'C:/Users/dangn/Dropbox/it/CodingSpace/tkllHTR/build/tkllHTR.sdk/tkllHTR_wrapper_hw_platform_0/system.hdf'.
00:34:32 INFO  : 'configparams force-mem-access 1' command is executed.
00:34:32 INFO  : Context for 'APU' is selected.
00:34:32 INFO  : 'stop' command is executed.
00:34:33 INFO  : 'ps7_init' command is executed.
00:34:33 INFO  : 'ps7_post_config' command is executed.
00:34:33 INFO  : Context for processor 'ps7_cortexa9_0' is selected.
00:34:33 INFO  : Processor reset is completed for 'ps7_cortexa9_0'.
00:34:33 INFO  : Context for processor 'ps7_cortexa9_0' is selected.
00:34:33 INFO  : The application 'C:/Users/dangn/Dropbox/it/CodingSpace/tkllHTR/build/tkllHTR.sdk/tkllHTR/Debug/tkllHTR.elf' is downloaded to processor 'ps7_cortexa9_0'.
00:34:33 INFO  : 'configparams force-mem-access 0' command is executed.
00:34:33 INFO  : ----------------XSDB Script----------------
connect -url tcp:127.0.0.1:3121
source C:/Users/dangn/Dropbox/it/CodingSpace/tkllHTR/build/tkllHTR.sdk/tkllHTR_wrapper_hw_platform_0/ps7_init.tcl
targets -set -nocase -filter {name =~"APU*" && jtag_cable_name =~ "Digilent Zed 210248782650"} -index 0
loadhw -hw C:/Users/dangn/Dropbox/it/CodingSpace/tkllHTR/build/tkllHTR.sdk/tkllHTR_wrapper_hw_platform_0/system.hdf -mem-ranges [list {0x40000000 0xbfffffff}]
configparams force-mem-access 1
targets -set -nocase -filter {name =~"APU*" && jtag_cable_name =~ "Digilent Zed 210248782650"} -index 0
stop
ps7_init
ps7_post_config
targets -set -nocase -filter {name =~ "ARM*#0" && jtag_cable_name =~ "Digilent Zed 210248782650"} -index 0
rst -processor
targets -set -nocase -filter {name =~ "ARM*#0" && jtag_cable_name =~ "Digilent Zed 210248782650"} -index 0
dow C:/Users/dangn/Dropbox/it/CodingSpace/tkllHTR/build/tkllHTR.sdk/tkllHTR/Debug/tkllHTR.elf
configparams force-mem-access 0
----------------End of Script----------------

00:34:33 INFO  : Memory regions updated for context APU
00:34:34 INFO  : Context for processor 'ps7_cortexa9_0' is selected.
00:34:34 INFO  : 'con' command is executed.
00:34:34 INFO  : ----------------XSDB Script (After Launch)----------------
targets -set -nocase -filter {name =~ "ARM*#0" && jtag_cable_name =~ "Digilent Zed 210248782650"} -index 0
con
----------------End of Script----------------

00:34:34 INFO  : Launch script is exported to file 'C:\Users\dangn\Dropbox\it\CodingSpace\tkllHTR\build\tkllHTR.sdk\.sdk\launch_scripts\xilinx_c-c++_application_(system_debugger)\system_debugger_using_debug_tkllhtr.elf_on_local.tcl'
00:44:55 INFO  : Disconnected from the channel tcfchan#18.
00:44:56 INFO  : 'targets -set -filter {jtag_cable_name =~ "Digilent Zed 210248782650" && level==0} -index 1' command is executed.
00:44:56 INFO  : 'fpga -state' command is executed.
00:44:56 INFO  : Connected to target on host '127.0.0.1' and port '3121'.
00:44:57 INFO  : Jtag cable 'Digilent Zed 210248782650' is selected.
00:44:57 INFO  : 'jtag frequency' command is executed.
00:44:57 INFO  : Sourcing of 'C:/Users/dangn/Dropbox/it/CodingSpace/tkllHTR/build/tkllHTR.sdk/tkllHTR_wrapper_hw_platform_0/ps7_init.tcl' is done.
00:44:57 INFO  : Context for 'APU' is selected.
00:45:00 INFO  : Hardware design information is loaded from 'C:/Users/dangn/Dropbox/it/CodingSpace/tkllHTR/build/tkllHTR.sdk/tkllHTR_wrapper_hw_platform_0/system.hdf'.
00:45:00 INFO  : 'configparams force-mem-access 1' command is executed.
00:45:00 INFO  : Context for 'APU' is selected.
00:45:00 INFO  : 'stop' command is executed.
00:45:01 INFO  : 'ps7_init' command is executed.
00:45:01 INFO  : 'ps7_post_config' command is executed.
00:45:01 INFO  : Context for processor 'ps7_cortexa9_0' is selected.
00:45:01 INFO  : Processor reset is completed for 'ps7_cortexa9_0'.
00:45:01 INFO  : Context for processor 'ps7_cortexa9_0' is selected.
00:45:01 INFO  : The application 'C:/Users/dangn/Dropbox/it/CodingSpace/tkllHTR/build/tkllHTR.sdk/tkllHTR/Debug/tkllHTR.elf' is downloaded to processor 'ps7_cortexa9_0'.
00:45:01 INFO  : 'configparams force-mem-access 0' command is executed.
00:45:01 INFO  : ----------------XSDB Script----------------
connect -url tcp:127.0.0.1:3121
source C:/Users/dangn/Dropbox/it/CodingSpace/tkllHTR/build/tkllHTR.sdk/tkllHTR_wrapper_hw_platform_0/ps7_init.tcl
targets -set -nocase -filter {name =~"APU*" && jtag_cable_name =~ "Digilent Zed 210248782650"} -index 0
loadhw -hw C:/Users/dangn/Dropbox/it/CodingSpace/tkllHTR/build/tkllHTR.sdk/tkllHTR_wrapper_hw_platform_0/system.hdf -mem-ranges [list {0x40000000 0xbfffffff}]
configparams force-mem-access 1
targets -set -nocase -filter {name =~"APU*" && jtag_cable_name =~ "Digilent Zed 210248782650"} -index 0
stop
ps7_init
ps7_post_config
targets -set -nocase -filter {name =~ "ARM*#0" && jtag_cable_name =~ "Digilent Zed 210248782650"} -index 0
rst -processor
targets -set -nocase -filter {name =~ "ARM*#0" && jtag_cable_name =~ "Digilent Zed 210248782650"} -index 0
dow C:/Users/dangn/Dropbox/it/CodingSpace/tkllHTR/build/tkllHTR.sdk/tkllHTR/Debug/tkllHTR.elf
configparams force-mem-access 0
----------------End of Script----------------

00:45:01 INFO  : Memory regions updated for context APU
00:45:01 INFO  : Context for processor 'ps7_cortexa9_0' is selected.
00:45:01 INFO  : 'con' command is executed.
00:45:01 INFO  : ----------------XSDB Script (After Launch)----------------
targets -set -nocase -filter {name =~ "ARM*#0" && jtag_cable_name =~ "Digilent Zed 210248782650"} -index 0
con
----------------End of Script----------------

00:45:01 INFO  : Launch script is exported to file 'C:\Users\dangn\Dropbox\it\CodingSpace\tkllHTR\build\tkllHTR.sdk\.sdk\launch_scripts\xilinx_c-c++_application_(system_debugger)\system_debugger_using_debug_tkllhtr.elf_on_local.tcl'
00:47:33 INFO  : Disconnected from the channel tcfchan#19.
00:47:34 INFO  : 'targets -set -filter {jtag_cable_name =~ "Digilent Zed 210248782650" && level==0} -index 1' command is executed.
00:47:34 INFO  : 'fpga -state' command is executed.
00:47:34 INFO  : Connected to target on host '127.0.0.1' and port '3121'.
00:47:34 INFO  : Jtag cable 'Digilent Zed 210248782650' is selected.
00:47:34 INFO  : 'jtag frequency' command is executed.
00:47:34 INFO  : Sourcing of 'C:/Users/dangn/Dropbox/it/CodingSpace/tkllHTR/build/tkllHTR.sdk/tkllHTR_wrapper_hw_platform_0/ps7_init.tcl' is done.
00:47:34 INFO  : Context for 'APU' is selected.
00:47:37 INFO  : Hardware design information is loaded from 'C:/Users/dangn/Dropbox/it/CodingSpace/tkllHTR/build/tkllHTR.sdk/tkllHTR_wrapper_hw_platform_0/system.hdf'.
00:47:37 INFO  : 'configparams force-mem-access 1' command is executed.
00:47:37 INFO  : Context for 'APU' is selected.
00:47:37 INFO  : 'stop' command is executed.
00:47:38 INFO  : 'ps7_init' command is executed.
00:47:38 INFO  : 'ps7_post_config' command is executed.
00:47:38 INFO  : Context for processor 'ps7_cortexa9_0' is selected.
00:47:38 INFO  : Processor reset is completed for 'ps7_cortexa9_0'.
00:47:38 INFO  : Context for processor 'ps7_cortexa9_0' is selected.
00:47:38 INFO  : The application 'C:/Users/dangn/Dropbox/it/CodingSpace/tkllHTR/build/tkllHTR.sdk/tkllHTR/Debug/tkllHTR.elf' is downloaded to processor 'ps7_cortexa9_0'.
00:47:38 INFO  : 'configparams force-mem-access 0' command is executed.
00:47:38 INFO  : ----------------XSDB Script----------------
connect -url tcp:127.0.0.1:3121
source C:/Users/dangn/Dropbox/it/CodingSpace/tkllHTR/build/tkllHTR.sdk/tkllHTR_wrapper_hw_platform_0/ps7_init.tcl
targets -set -nocase -filter {name =~"APU*" && jtag_cable_name =~ "Digilent Zed 210248782650"} -index 0
loadhw -hw C:/Users/dangn/Dropbox/it/CodingSpace/tkllHTR/build/tkllHTR.sdk/tkllHTR_wrapper_hw_platform_0/system.hdf -mem-ranges [list {0x40000000 0xbfffffff}]
configparams force-mem-access 1
targets -set -nocase -filter {name =~"APU*" && jtag_cable_name =~ "Digilent Zed 210248782650"} -index 0
stop
ps7_init
ps7_post_config
targets -set -nocase -filter {name =~ "ARM*#0" && jtag_cable_name =~ "Digilent Zed 210248782650"} -index 0
rst -processor
targets -set -nocase -filter {name =~ "ARM*#0" && jtag_cable_name =~ "Digilent Zed 210248782650"} -index 0
dow C:/Users/dangn/Dropbox/it/CodingSpace/tkllHTR/build/tkllHTR.sdk/tkllHTR/Debug/tkllHTR.elf
configparams force-mem-access 0
----------------End of Script----------------

00:47:38 INFO  : Memory regions updated for context APU
00:47:38 INFO  : Context for processor 'ps7_cortexa9_0' is selected.
00:47:38 INFO  : 'con' command is executed.
00:47:38 INFO  : ----------------XSDB Script (After Launch)----------------
targets -set -nocase -filter {name =~ "ARM*#0" && jtag_cable_name =~ "Digilent Zed 210248782650"} -index 0
con
----------------End of Script----------------

00:47:38 INFO  : Launch script is exported to file 'C:\Users\dangn\Dropbox\it\CodingSpace\tkllHTR\build\tkllHTR.sdk\.sdk\launch_scripts\xilinx_c-c++_application_(system_debugger)\system_debugger_using_debug_tkllhtr.elf_on_local.tcl'
00:57:13 INFO  : Disconnected from the channel tcfchan#20.
00:57:14 INFO  : 'targets -set -filter {jtag_cable_name =~ "Digilent Zed 210248782650" && level==0} -index 1' command is executed.
00:57:14 INFO  : 'fpga -state' command is executed.
00:57:14 INFO  : Connected to target on host '127.0.0.1' and port '3121'.
00:57:14 INFO  : Jtag cable 'Digilent Zed 210248782650' is selected.
00:57:14 INFO  : 'jtag frequency' command is executed.
00:57:14 INFO  : Sourcing of 'C:/Users/dangn/Dropbox/it/CodingSpace/tkllHTR/build/tkllHTR.sdk/tkllHTR_wrapper_hw_platform_0/ps7_init.tcl' is done.
00:57:14 INFO  : Context for 'APU' is selected.
00:57:17 INFO  : Hardware design information is loaded from 'C:/Users/dangn/Dropbox/it/CodingSpace/tkllHTR/build/tkllHTR.sdk/tkllHTR_wrapper_hw_platform_0/system.hdf'.
00:57:17 INFO  : 'configparams force-mem-access 1' command is executed.
00:57:17 INFO  : Context for 'APU' is selected.
00:57:17 INFO  : 'stop' command is executed.
00:57:18 INFO  : 'ps7_init' command is executed.
00:57:18 INFO  : 'ps7_post_config' command is executed.
00:57:18 INFO  : Context for processor 'ps7_cortexa9_0' is selected.
00:57:18 INFO  : Processor reset is completed for 'ps7_cortexa9_0'.
00:57:18 INFO  : Context for processor 'ps7_cortexa9_0' is selected.
00:57:18 INFO  : The application 'C:/Users/dangn/Dropbox/it/CodingSpace/tkllHTR/build/tkllHTR.sdk/tkllHTR/Debug/tkllHTR.elf' is downloaded to processor 'ps7_cortexa9_0'.
00:57:18 INFO  : 'configparams force-mem-access 0' command is executed.
00:57:18 INFO  : ----------------XSDB Script----------------
connect -url tcp:127.0.0.1:3121
source C:/Users/dangn/Dropbox/it/CodingSpace/tkllHTR/build/tkllHTR.sdk/tkllHTR_wrapper_hw_platform_0/ps7_init.tcl
targets -set -nocase -filter {name =~"APU*" && jtag_cable_name =~ "Digilent Zed 210248782650"} -index 0
loadhw -hw C:/Users/dangn/Dropbox/it/CodingSpace/tkllHTR/build/tkllHTR.sdk/tkllHTR_wrapper_hw_platform_0/system.hdf -mem-ranges [list {0x40000000 0xbfffffff}]
configparams force-mem-access 1
targets -set -nocase -filter {name =~"APU*" && jtag_cable_name =~ "Digilent Zed 210248782650"} -index 0
stop
ps7_init
ps7_post_config
targets -set -nocase -filter {name =~ "ARM*#0" && jtag_cable_name =~ "Digilent Zed 210248782650"} -index 0
rst -processor
targets -set -nocase -filter {name =~ "ARM*#0" && jtag_cable_name =~ "Digilent Zed 210248782650"} -index 0
dow C:/Users/dangn/Dropbox/it/CodingSpace/tkllHTR/build/tkllHTR.sdk/tkllHTR/Debug/tkllHTR.elf
configparams force-mem-access 0
----------------End of Script----------------

00:57:18 INFO  : Memory regions updated for context APU
00:57:19 INFO  : Context for processor 'ps7_cortexa9_0' is selected.
00:57:19 INFO  : 'con' command is executed.
00:57:19 INFO  : ----------------XSDB Script (After Launch)----------------
targets -set -nocase -filter {name =~ "ARM*#0" && jtag_cable_name =~ "Digilent Zed 210248782650"} -index 0
con
----------------End of Script----------------

00:57:19 INFO  : Launch script is exported to file 'C:\Users\dangn\Dropbox\it\CodingSpace\tkllHTR\build\tkllHTR.sdk\.sdk\launch_scripts\xilinx_c-c++_application_(system_debugger)\system_debugger_using_debug_tkllhtr.elf_on_local.tcl'
01:38:44 INFO  : Disconnected from the channel tcfchan#21.
01:38:45 INFO  : 'targets -set -filter {jtag_cable_name =~ "Digilent Zed 210248782650" && level==0} -index 1' command is executed.
01:38:45 INFO  : 'fpga -state' command is executed.
01:38:45 INFO  : Connected to target on host '127.0.0.1' and port '3121'.
01:38:45 INFO  : Jtag cable 'Digilent Zed 210248782650' is selected.
01:38:45 INFO  : 'jtag frequency' command is executed.
01:38:45 INFO  : Sourcing of 'C:/Users/dangn/Dropbox/it/CodingSpace/tkllHTR/build/tkllHTR.sdk/tkllHTR_wrapper_hw_platform_0/ps7_init.tcl' is done.
01:38:45 INFO  : Context for 'APU' is selected.
01:38:48 INFO  : Hardware design information is loaded from 'C:/Users/dangn/Dropbox/it/CodingSpace/tkllHTR/build/tkllHTR.sdk/tkllHTR_wrapper_hw_platform_0/system.hdf'.
01:38:48 INFO  : 'configparams force-mem-access 1' command is executed.
01:38:48 INFO  : Context for 'APU' is selected.
01:38:48 INFO  : 'stop' command is executed.
01:38:48 INFO  : 'ps7_init' command is executed.
01:38:48 INFO  : 'ps7_post_config' command is executed.
01:38:48 INFO  : Context for processor 'ps7_cortexa9_0' is selected.
01:38:48 INFO  : Processor reset is completed for 'ps7_cortexa9_0'.
01:38:49 INFO  : Context for processor 'ps7_cortexa9_0' is selected.
01:38:49 INFO  : The application 'C:/Users/dangn/Dropbox/it/CodingSpace/tkllHTR/build/tkllHTR.sdk/tkllHTR/Debug/tkllHTR.elf' is downloaded to processor 'ps7_cortexa9_0'.
01:38:49 INFO  : 'configparams force-mem-access 0' command is executed.
01:38:49 INFO  : ----------------XSDB Script----------------
connect -url tcp:127.0.0.1:3121
source C:/Users/dangn/Dropbox/it/CodingSpace/tkllHTR/build/tkllHTR.sdk/tkllHTR_wrapper_hw_platform_0/ps7_init.tcl
targets -set -nocase -filter {name =~"APU*" && jtag_cable_name =~ "Digilent Zed 210248782650"} -index 0
loadhw -hw C:/Users/dangn/Dropbox/it/CodingSpace/tkllHTR/build/tkllHTR.sdk/tkllHTR_wrapper_hw_platform_0/system.hdf -mem-ranges [list {0x40000000 0xbfffffff}]
configparams force-mem-access 1
targets -set -nocase -filter {name =~"APU*" && jtag_cable_name =~ "Digilent Zed 210248782650"} -index 0
stop
ps7_init
ps7_post_config
targets -set -nocase -filter {name =~ "ARM*#0" && jtag_cable_name =~ "Digilent Zed 210248782650"} -index 0
rst -processor
targets -set -nocase -filter {name =~ "ARM*#0" && jtag_cable_name =~ "Digilent Zed 210248782650"} -index 0
dow C:/Users/dangn/Dropbox/it/CodingSpace/tkllHTR/build/tkllHTR.sdk/tkllHTR/Debug/tkllHTR.elf
configparams force-mem-access 0
----------------End of Script----------------

01:38:49 INFO  : Memory regions updated for context APU
01:38:49 INFO  : Context for processor 'ps7_cortexa9_0' is selected.
01:38:49 INFO  : 'con' command is executed.
01:38:49 INFO  : ----------------XSDB Script (After Launch)----------------
targets -set -nocase -filter {name =~ "ARM*#0" && jtag_cable_name =~ "Digilent Zed 210248782650"} -index 0
con
----------------End of Script----------------

01:38:49 INFO  : Launch script is exported to file 'C:\Users\dangn\Dropbox\it\CodingSpace\tkllHTR\build\tkllHTR.sdk\.sdk\launch_scripts\xilinx_c-c++_application_(system_debugger)\system_debugger_using_debug_tkllhtr.elf_on_local.tcl'
01:47:16 INFO  : Disconnected from the channel tcfchan#22.
